2026-03-20T18:20:30.431-04:00  INFO 2364 --- [http-nio-8080-exec-2] o.springdoc.api.AbstractOpenApiResource  : Init duration for springdoc-openapi is: 204 ms
2026-03-20T18:24:11.077-04:00  INFO 2364 --- [http-nio-8080-exec-10] c.m.m.c.RouteBeautifierController        : Request body: {"origin":{"lat":33.7501275,"lng":-84.3885209},"destination":{"lat":36.1626638,"lng":-86.7816016},"routeEnhancementThreshold":50.0,"radius":5000,"entityPreferences":["BIRD_HIDE","DARK_SKY_AREA","OBSERVATORY","CLIMBING_CRAG","BOULDER","CAVE","TRAILHEAD","NATURE_RESERVE","WATERFALL","RIVER_ACCESS","SCENIC_OVERLOOK","COVERED_BRIDGE","ATTRACTION","WAYSIDE_SHRINE","museum","art_gallery","RUINS","BATTLEFIELD","ARTWORK","natural_feature","PEAK","SCENIC_BYWAY","tourist_attraction"],"dwellTimePerStop":5,"avoidHighways":true,"avoidTolls":false}
2026-03-20T18:24:11.079-04:00  INFO 2364 --- [http-nio-8080-exec-10] c.m.m.c.RouteBeautifierController        : Beautifying route: origin=33.7501275,-84.3885209 dest=36.1626638,-86.7816016 enhancement=50.0% avoidHighways=true
2026-03-20T18:24:11.079-04:00  INFO 2364 --- [http-nio-8080-exec-10] c.m.m.service.RouteBeautifierService     : Beautifying route: maxAdditionalMinutes=50.0, avoidHighways=true, avoidTolls=false
2026-03-20T18:24:11.371-04:00  INFO 2364 --- [http-nio-8080-exec-10] c.m.m.service.RouteBeautifierService     : Fastest route duration: 230 mins
2026-03-20T18:24:11.791-04:00  INFO 2364 --- [http-nio-8080-exec-10] c.m.m.service.RouteBeautifierService     : Base route duration (avoidHighways=true, avoidTolls=false): 374 mins (fastest was 230 mins)
2026-03-20T18:24:11.791-04:00  INFO 2364 --- [http-nio-8080-exec-10] c.m.m.service.RouteBeautifierService     : Enhancement: 50.0 additional mins = 13.4% of base route
2026-03-20T18:24:11.791-04:00  INFO 2364 --- [http-nio-8080-exec-10] c.m.m.service.RouteBeautifierService     : Selected route: 374 mins (base: 374 mins, max acceptable: 424.00000000000006 mins)
2026-03-20T18:24:11.792-04:00  INFO 2364 --- [http-nio-8080-exec-10] c.m.m.service.RouteBeautifierService     : Decoded route into 232 coordinate points
2026-03-20T18:24:11.806-04:00  INFO 2364 --- [http-nio-8080-exec-10] c.m.m.service.RouteBeautifierService     : Destination zone sparse — wide search near dest (radius=20264)
2026-03-20T18:24:11.807-04:00  INFO 2364 --- [http-nio-8080-exec-10] c.m.m.scoring.ScoredWaypoint             : fromGoogle: Fly Heli Atlanta entityType=tourist_attraction candidate.entityType=tourist_attraction
2026-03-20T18:24:11.808-04:00  INFO 2364 --- [http-nio-8080-exec-10] c.m.m.scoring.ScoredWaypoint             : fromGoogle: Silver Comet Linear Park entityType=park candidate.entityType=park
2026-03-20T18:24:11.808-04:00  INFO 2364 --- [http-nio-8080-exec-10] c.m.m.scoring.ScoredWaypoint             : fromGoogle: Thurman Springs Park entityType=park candidate.entityType=park
2026-03-20T18:24:11.808-04:00  INFO 2364 --- [http-nio-8080-exec-10] c.m.m.scoring.ScoredWaypoint             : fromGoogle: Powder Springs Park entityType=park candidate.entityType=park
2026-03-20T18:24:11.808-04:00  INFO 2364 --- [http-nio-8080-exec-10] c.m.m.scoring.ScoredWaypoint             : fromGoogle: Sweetwater Park entityType=park candidate.entityType=park
2026-03-20T18:24:11.808-04:00  INFO 2364 --- [http-nio-8080-exec-10] c.m.m.scoring.ScoredWaypoint             : fromGoogle: Legion Field entityType=park candidate.entityType=park
2026-03-20T18:24:11.808-04:00  INFO 2364 --- [http-nio-8080-exec-10] c.m.m.scoring.ScoredWaypoint             : fromGoogle: Clarkdale Park entityType=city_park candidate.entityType=city_park
2026-03-20T18:24:11.808-04:00  INFO 2364 --- [http-nio-8080-exec-10] c.m.m.scoring.ScoredWaypoint             : fromGoogle: Carter Road Silver Comet Trailhead entityType=hiking_area candidate.entityType=hiking_area
2026-03-20T18:24:11.808-04:00  INFO 2364 --- [http-nio-8080-exec-10] c.m.m.scoring.ScoredWaypoint             : fromGoogle: Silver Comet Skate Park entityType=park candidate.entityType=park
2026-03-20T18:24:11.808-04:00  INFO 2364 --- [http-nio-8080-exec-10] c.m.m.scoring.ScoredWaypoint             : fromGoogle: Silver Comet Trail - Linear Park Trailhead entityType=park candidate.entityType=park
2026-03-20T18:24:11.808-04:00  INFO 2364 --- [http-nio-8080-exec-10] c.m.m.scoring.ScoredWaypoint             : fromGoogle: Old Clarkdale Park entityType=park candidate.entityType=park
2026-03-20T18:24:11.808-04:00  INFO 2364 --- [http-nio-8080-exec-10] c.m.m.scoring.ScoredWaypoint             : fromGoogle: Collar Park entityType=park candidate.entityType=park
2026-03-20T18:24:11.808-04:00  INFO 2364 --- [http-nio-8080-exec-10] c.m.m.scoring.ScoredWaypoint             : fromGoogle: Louise Suggs Memorial Park entityType=park candidate.entityType=park
2026-03-20T18:24:11.809-04:00  INFO 2364 --- [http-nio-8080-exec-10] c.m.m.scoring.ScoredWaypoint             : fromGoogle: Violet F. Stout Memorial Park entityType=park candidate.entityType=park
2026-03-20T18:24:11.809-04:00  INFO 2364 --- [http-nio-8080-exec-10] c.m.m.scoring.ScoredWaypoint             : fromGoogle: Sweetwater Dog Park entityType=dog_park candidate.entityType=dog_park
2026-03-20T18:24:11.809-04:00  INFO 2364 --- [http-nio-8080-exec-10] c.m.m.scoring.ScoredWaypoint             : fromGoogle: Silver Comet Trailhead and Kid's Park entityType=park candidate.entityType=park
2026-03-20T18:24:11.809-04:00  INFO 2364 --- [http-nio-8080-exec-10] c.m.m.scoring.ScoredWaypoint             : fromGoogle: Lucille Creek Trail-Silver Comet Trail Connection entityType=nature_preserve candidate.entityType=nature_preserve
2026-03-20T18:24:11.809-04:00  INFO 2364 --- [http-nio-8080-exec-10] c.m.m.scoring.ScoredWaypoint             : fromGoogle: Austell Railfan Plaza entityType=park candidate.entityType=park
2026-03-20T18:24:11.809-04:00  INFO 2364 --- [http-nio-8080-exec-10] c.m.m.scoring.ScoredWaypoint             : fromGoogle: Veterans Memorial Park entityType=park candidate.entityType=park
2026-03-20T18:24:11.809-04:00  INFO 2364 --- [http-nio-8080-exec-10] c.m.m.scoring.ScoredWaypoint             : fromGoogle: Wild Horse Trail (South End) entityType=park candidate.entityType=park
2026-03-20T18:24:11.809-04:00  INFO 2364 --- [http-nio-8080-exec-10] c.m.m.scoring.ScoredWaypoint             : fromGoogle: Dallas Welcome Sign entityType=tourist_attraction candidate.entityType=tourist_attraction
2026-03-20T18:24:11.809-04:00  INFO 2364 --- [http-nio-8080-exec-10] c.m.m.scoring.ScoredWaypoint             : fromGoogle: Silver Comet Trailhead - Rockmart entityType=park candidate.entityType=park
2026-03-20T18:24:11.809-04:00  INFO 2364 --- [http-nio-8080-exec-10] c.m.m.scoring.ScoredWaypoint             : fromGoogle: Nathan Dean Park entityType=park candidate.entityType=park
2026-03-20T18:24:11.809-04:00  INFO 2364 --- [http-nio-8080-exec-10] c.m.m.scoring.ScoredWaypoint             : fromGoogle: Van Wert Trailhead - Silver Comet Trailhead entityType=hiking_area candidate.entityType=hiking_area
2026-03-20T18:24:11.809-04:00  INFO 2364 --- [http-nio-8080-exec-10] c.m.m.scoring.ScoredWaypoint             : fromGoogle: Rockmart Memorial Park entityType=park candidate.entityType=park
2026-03-20T18:24:11.809-04:00  INFO 2364 --- [http-nio-8080-exec-10] c.m.m.scoring.ScoredWaypoint             : fromGoogle: Rockmart Slate House entityType=event_venue candidate.entityType=event_venue
2026-03-20T18:24:11.809-04:00  INFO 2364 --- [http-nio-8080-exec-10] c.m.m.scoring.ScoredWaypoint             : fromGoogle: Church Street Trailhead entityType=hiking_area candidate.entityType=hiking_area
2026-03-20T18:24:11.809-04:00  INFO 2364 --- [http-nio-8080-exec-10] c.m.m.scoring.ScoredWaypoint             : fromGoogle: Rockmart Plaza entityType=park candidate.entityType=park
2026-03-20T18:24:11.810-04:00  INFO 2364 --- [http-nio-8080-exec-10] c.m.m.scoring.ScoredWaypoint             : fromGoogle: Alto Park Softball Complex entityType=athletic_field candidate.entityType=athletic_field
2026-03-20T18:24:11.810-04:00  INFO 2364 --- [http-nio-8080-exec-10] c.m.m.scoring.ScoredWaypoint             : fromGoogle: Alto Park Recreation Center entityType=park candidate.entityType=park
2026-03-20T18:24:11.810-04:00  INFO 2364 --- [http-nio-8080-exec-10] c.m.m.scoring.ScoredWaypoint             : fromGoogle: Coosa Park entityType=park candidate.entityType=park
2026-03-20T18:24:11.810-04:00  INFO 2364 --- [http-nio-8080-exec-10] c.m.m.scoring.ScoredWaypoint             : fromGoogle: Welcome to Georgia Sign entityType=tourist_attraction candidate.entityType=tourist_attraction
2026-03-20T18:24:11.810-04:00  INFO 2364 --- [http-nio-8080-exec-10] c.m.m.scoring.ScoredWaypoint             : fromGoogle: Welcome to Georgia sign entityType=tourist_attraction candidate.entityType=tourist_attraction
2026-03-20T18:24:11.810-04:00  INFO 2364 --- [http-nio-8080-exec-10] c.m.m.scoring.ScoredWaypoint             : fromGoogle: Cornwall Furnace Memorial Park entityType=park candidate.entityType=park
2026-03-20T18:24:11.810-04:00  INFO 2364 --- [http-nio-8080-exec-10] c.m.m.scoring.ScoredWaypoint             : fromGoogle: Chattokee Lodge entityType=park candidate.entityType=park
2026-03-20T18:24:11.810-04:00  INFO 2364 --- [http-nio-8080-exec-10] c.m.m.scoring.ScoredWaypoint             : fromGoogle: Alabama Fan Club And Museum entityType=museum candidate.entityType=museum
2026-03-20T18:24:11.810-04:00  INFO 2364 --- [http-nio-8080-exec-10] c.m.m.scoring.ScoredWaypoint             : fromGoogle: Fort Payne Walk of Fame entityType=tourist_attraction candidate.entityType=tourist_attraction
2026-03-20T18:24:11.811-04:00  INFO 2364 --- [http-nio-8080-exec-10] c.m.m.scoring.ScoredWaypoint             : fromGoogle: Mushroom Rock entityType=tourist_attraction candidate.entityType=tourist_attraction
2026-03-20T18:24:11.811-04:00  INFO 2364 --- [http-nio-8080-exec-10] c.m.m.scoring.ScoredWaypoint             : fromGoogle: Weathington Park entityType=park candidate.entityType=park
2026-03-20T18:24:11.811-04:00  INFO 2364 --- [http-nio-8080-exec-10] c.m.m.scoring.ScoredWaypoint             : fromGoogle: Scottsboro Municipal Park entityType=park candidate.entityType=park
2026-03-20T18:24:11.811-04:00  INFO 2364 --- [http-nio-8080-exec-10] c.m.m.scoring.ScoredWaypoint             : fromGoogle: WatsonFamilyCemetery entityType=historical_landmark candidate.entityType=historical_landmark
2026-03-20T18:24:11.811-04:00  INFO 2364 --- [http-nio-8080-exec-10] c.m.m.scoring.ScoredWaypoint             : fromGoogle: Rock Zoo entityType=tourist_attraction candidate.entityType=tourist_attraction
2026-03-20T18:24:11.811-04:00  INFO 2364 --- [http-nio-8080-exec-10] c.m.m.scoring.ScoredWaypoint             : fromGoogle: Old Jail Museum entityType=museum candidate.entityType=museum
2026-03-20T18:24:11.811-04:00  INFO 2364 --- [http-nio-8080-exec-10] c.m.m.scoring.ScoredWaypoint             : fromGoogle: Winchester TN City Pavillion entityType=tourist_attraction candidate.entityType=tourist_attraction
2026-03-20T18:24:11.811-04:00  INFO 2364 --- [http-nio-8080-exec-10] c.m.m.scoring.ScoredWaypoint             : fromGoogle: Daugherty Christmas Lights entityType=tourist_attraction candidate.entityType=tourist_attraction
2026-03-20T18:24:11.811-04:00  INFO 2364 --- [http-nio-8080-exec-10] c.m.m.scoring.ScoredWaypoint             : fromGoogle: Tims Ford Dam, Elk River entityType=tourist_attraction candidate.entityType=tourist_attraction
2026-03-20T18:24:11.811-04:00  INFO 2364 --- [http-nio-8080-exec-10] c.m.m.scoring.ScoredWaypoint             : fromGoogle: Tim's Ford Lake Boat Ramp entityType=tourist_attraction candidate.entityType=tourist_attraction
2026-03-20T18:24:11.811-04:00  INFO 2364 --- [http-nio-8080-exec-10] c.m.m.scoring.ScoredWaypoint             : fromGoogle: Jack Daniel's Distillery entityType=tourist_attraction candidate.entityType=tourist_attraction
2026-03-20T18:24:11.811-04:00  INFO 2364 --- [http-nio-8080-exec-10] c.m.m.scoring.ScoredWaypoint             : fromGoogle: Jack Daniel Grave entityType=tourist_attraction candidate.entityType=tourist_attraction
2026-03-20T18:24:11.811-04:00  INFO 2364 --- [http-nio-8080-exec-10] c.m.m.scoring.ScoredWaypoint             : fromGoogle: Beechcraft Heritage Museum entityType=museum candidate.entityType=museum
2026-03-20T18:24:11.811-04:00  INFO 2364 --- [http-nio-8080-exec-10] c.m.m.scoring.ScoredWaypoint             : fromGoogle: Shelbyville Welcome Sign - South 231 entityType=tourist_attraction candidate.entityType=tourist_attraction
2026-03-20T18:24:11.811-04:00  INFO 2364 --- [http-nio-8080-exec-10] c.m.m.scoring.ScoredWaypoint             : fromGoogle: Cedar Rock Hunting Preserve entityType=park candidate.entityType=park
2026-03-20T18:24:11.812-04:00  INFO 2364 --- [http-nio-8080-exec-10] c.m.m.scoring.ScoredWaypoint             : fromGoogle: Hoover Lights entityType=tourist_attraction candidate.entityType=tourist_attraction
2026-03-20T18:24:11.812-04:00  INFO 2364 --- [http-nio-8080-exec-10] c.m.m.scoring.ScoredWaypoint             : fromGoogle: Eagleville Antique Tractor Show entityType=tourist_attraction candidate.entityType=tourist_attraction
2026-03-20T18:24:11.812-04:00  INFO 2364 --- [http-nio-8080-exec-10] c.m.m.scoring.ScoredWaypoint             : fromGoogle: CSX Moran Siding South end entityType=tourist_attraction candidate.entityType=tourist_attraction
2026-03-20T18:24:11.812-04:00  INFO 2364 --- [http-nio-8080-exec-10] c.m.m.scoring.ScoredWaypoint             : fromGoogle: Vanderbilt Dyer Observatory entityType=tourist_attraction candidate.entityType=tourist_attraction
2026-03-20T18:24:11.812-04:00  INFO 2364 --- [http-nio-8080-exec-10] c.m.m.scoring.ScoredWaypoint             : fromGoogle: Tennessee Agricultural Museum entityType=museum candidate.entityType=museum
2026-03-20T18:24:11.812-04:00  INFO 2364 --- [http-nio-8080-exec-10] c.m.m.service.RouteBeautifierService     : findScenicSpotsAlongPath: 57 total candidates (Google=57, OSM=0, segments=7)
2026-03-20T18:24:11.812-04:00  INFO 2364 --- [http-nio-8080-exec-10] c.m.m.service.RouteBeautifierService     : === ESCALATED SELECTION START ===
2026-03-20T18:24:11.812-04:00  INFO 2364 --- [http-nio-8080-exec-10] c.m.m.service.RouteBeautifierService     : Route: totalLength=432.3 km, baseTrip=374 mins, enhancement=13.368983957219251%, totalBudget=50.0 mins
2026-03-20T18:24:11.812-04:00  INFO 2364 --- [http-nio-8080-exec-10] c.m.m.service.RouteBeautifierService     : Segments: count=7, 61.8 km each, 7.1 mins budget each
2026-03-20T18:24:11.812-04:00  INFO 2364 --- [http-nio-8080-exec-10] c.m.m.service.RouteBeautifierService     : Candidates: 57 total spots to evaluate
2026-03-20T18:24:11.812-04:00  INFO 2364 --- [http-nio-8080-exec-10] c.m.m.service.RouteBeautifierService     :   Segment 0: trimmed from 20 to 10 candidates (density cap)
2026-03-20T18:24:11.812-04:00  INFO 2364 --- [http-nio-8080-exec-10] c.m.m.service.RouteBeautifierService     :   Segment 1: trimmed from 11 to 10 candidates (density cap)
2026-03-20T18:24:11.812-04:00  INFO 2364 --- [http-nio-8080-exec-10] c.m.m.service.RouteBeautifierService     :   Segment 0: [0.0 km - 61.8 km] — 10 candidates
2026-03-20T18:24:11.812-04:00  INFO 2364 --- [http-nio-8080-exec-10] c.m.m.service.RouteBeautifierService     :   Segment 1: [61.8 km - 123.5 km] — 10 candidates
2026-03-20T18:24:11.813-04:00  INFO 2364 --- [http-nio-8080-exec-10] c.m.m.service.RouteBeautifierService     :   Segment 2: [123.5 km - 185.3 km] — 6 candidates
2026-03-20T18:24:11.813-04:00  INFO 2364 --- [http-nio-8080-exec-10] c.m.m.service.RouteBeautifierService     :   Segment 3: [185.3 km - 247.0 km] — 4 candidates
2026-03-20T18:24:11.813-04:00  INFO 2364 --- [http-nio-8080-exec-10] c.m.m.service.RouteBeautifierService     :   Segment 4: [247.0 km - 308.8 km] — 9 candidates
2026-03-20T18:24:11.813-04:00  INFO 2364 --- [http-nio-8080-exec-10] c.m.m.service.RouteBeautifierService     :   Segment 5: [308.8 km - 370.5 km] — 4 candidates
2026-03-20T18:24:11.813-04:00  INFO 2364 --- [http-nio-8080-exec-10] c.m.m.service.RouteBeautifierService     :   Segment 6: [370.5 km - 432.3 km] — 3 candidates
2026-03-20T18:24:11.813-04:00  INFO 2364 --- [http-nio-8080-exec-10] c.m.m.service.RouteBeautifierService     : --- PASS 1: Initial per-segment selection ---
2026-03-20T18:24:11.813-04:00  INFO 2364 --- [http-nio-8080-exec-10] c.m.m.service.RouteBeautifierService     :     runSegmentSelection seg=0 budget=7.1 alreadySpent=0.0 candidates=10
2026-03-20T18:24:11.813-04:00  INFO 2364 --- [http-nio-8080-exec-10] c.m.m.service.RouteBeautifierService     :       ~ skipped (over budget): Fly Heli Atlanta (cost=9.0, would be 9.0/7.1)
2026-03-20T18:24:11.813-04:00  INFO 2364 --- [http-nio-8080-exec-10] c.m.m.service.RouteBeautifierService     :       ~ skipped (over budget): Silver Comet Linear Park (cost=10.0, would be 10.0/7.1)
2026-03-20T18:24:11.813-04:00  INFO 2364 --- [http-nio-8080-exec-10] c.m.m.service.RouteBeautifierService     :       ~ skipped (over budget): Powder Springs Park (cost=9.0, would be 9.0/7.1)
2026-03-20T18:24:11.813-04:00  INFO 2364 --- [http-nio-8080-exec-10] c.m.m.service.RouteBeautifierService     :       ~ skipped (over budget): Carter Road Silver Comet Trailhead (cost=9.0, would be 9.0/7.1)
2026-03-20T18:24:11.813-04:00  INFO 2364 --- [http-nio-8080-exec-10] c.m.m.service.RouteBeautifierService     :       ~ skipped (over budget): Sweetwater Park (cost=11.0, would be 11.0/7.1)
2026-03-20T18:24:11.813-04:00  INFO 2364 --- [http-nio-8080-exec-10] c.m.m.service.RouteBeautifierService     :       ~ skipped (over budget): Thurman Springs Park (cost=10.0, would be 10.0/7.1)
2026-03-20T18:24:11.813-04:00  INFO 2364 --- [http-nio-8080-exec-10] c.m.m.service.RouteBeautifierService     :       + added: Clarkdale Park (cost=7.0, spent=7.0/7.1)
2026-03-20T18:24:11.813-04:00  INFO 2364 --- [http-nio-8080-exec-10] c.m.m.service.RouteBeautifierService     :       ~ skipped (over budget): Legion Field (cost=9.0, would be 16.0/7.1)
2026-03-20T18:24:11.813-04:00  INFO 2364 --- [http-nio-8080-exec-10] c.m.m.service.RouteBeautifierService     :       ~ skipped (over budget): Collar Park (cost=11.0, would be 18.0/7.1)
2026-03-20T18:24:11.813-04:00  INFO 2364 --- [http-nio-8080-exec-10] c.m.m.service.RouteBeautifierService     :       ~ skipped (over budget): Old Clarkdale Park (cost=7.0, would be 14.0/7.1)
2026-03-20T18:24:11.814-04:00  INFO 2364 --- [http-nio-8080-exec-10] c.m.m.service.RouteBeautifierService     :   Segment 0: consumed=7.0 mins, unspent=0.1 mins, waypoints selected=1
2026-03-20T18:24:11.814-04:00  INFO 2364 --- [http-nio-8080-exec-10] c.m.m.service.RouteBeautifierService     :     runSegmentSelection seg=1 budget=7.1 alreadySpent=0.0 candidates=10
2026-03-20T18:24:11.814-04:00  INFO 2364 --- [http-nio-8080-exec-10] c.m.m.service.RouteBeautifierService     :       + added: Silver Comet Trailhead - Rockmart (cost=7.0, spent=7.0/7.1)
2026-03-20T18:24:11.814-04:00  INFO 2364 --- [http-nio-8080-exec-10] c.m.m.service.RouteBeautifierService     :       ~ skipped (over budget): Nathan Dean Park (cost=5.0, would be 12.0/7.1)
2026-03-20T18:24:11.814-04:00  INFO 2364 --- [http-nio-8080-exec-10] c.m.m.service.RouteBeautifierService     :       ~ skipped (over budget): Rockmart Slate House (cost=7.0, would be 14.0/7.1)
2026-03-20T18:24:11.814-04:00  INFO 2364 --- [http-nio-8080-exec-10] c.m.m.service.RouteBeautifierService     :       ~ skipped (over budget): Van Wert Trailhead - Silver Comet Trailhead (cost=9.0, would be 16.0/7.1)
2026-03-20T18:24:11.814-04:00  INFO 2364 --- [http-nio-8080-exec-10] c.m.m.service.RouteBeautifierService     :       ~ skipped (over budget): Coosa Park (cost=8.0, would be 15.0/7.1)
2026-03-20T18:24:11.814-04:00  INFO 2364 --- [http-nio-8080-exec-10] c.m.m.service.RouteBeautifierService     :       ~ skipped (over budget): Alto Park Softball Complex (cost=11.0, would be 18.0/7.1)
2026-03-20T18:24:11.814-04:00  INFO 2364 --- [http-nio-8080-exec-10] c.m.m.service.RouteBeautifierService     :       ~ skipped (over budget): Rockmart Memorial Park (cost=7.0, would be 14.0/7.1)
2026-03-20T18:24:11.814-04:00  INFO 2364 --- [http-nio-8080-exec-10] c.m.m.service.RouteBeautifierService     :       ~ skipped (over budget): Dallas Welcome Sign (cost=6.0, would be 13.0/7.1)
2026-03-20T18:24:11.814-04:00  INFO 2364 --- [http-nio-8080-exec-10] c.m.m.service.RouteBeautifierService     :       ~ skipped (over budget): Rockmart Plaza (cost=7.0, would be 14.0/7.1)
2026-03-20T18:24:11.814-04:00  INFO 2364 --- [http-nio-8080-exec-10] c.m.m.service.RouteBeautifierService     :       ~ skipped (over budget): Church Street Trailhead (cost=7.0, would be 14.0/7.1)
2026-03-20T18:24:11.814-04:00  INFO 2364 --- [http-nio-8080-exec-10] c.m.m.service.RouteBeautifierService     :   Segment 1: consumed=7.0 mins, unspent=0.1 mins, waypoints selected=1
2026-03-20T18:24:11.814-04:00  INFO 2364 --- [http-nio-8080-exec-10] c.m.m.service.RouteBeautifierService     :     runSegmentSelection seg=2 budget=7.1 alreadySpent=0.0 candidates=6
2026-03-20T18:24:11.814-04:00  INFO 2364 --- [http-nio-8080-exec-10] c.m.m.service.RouteBeautifierService     :       ~ skipped (over budget): Alabama Fan Club And Museum (cost=10.0, would be 10.0/7.1)
2026-03-20T18:24:11.814-04:00  INFO 2364 --- [http-nio-8080-exec-10] c.m.m.service.RouteBeautifierService     :       ~ skipped (over budget): Cornwall Furnace Memorial Park (cost=12.0, would be 12.0/7.1)
2026-03-20T18:24:11.814-04:00  INFO 2364 --- [http-nio-8080-exec-10] c.m.m.service.RouteBeautifierService     :       + added: Welcome to Georgia Sign (cost=5.0, spent=5.0/7.1)
2026-03-20T18:24:11.814-04:00  INFO 2364 --- [http-nio-8080-exec-10] c.m.m.service.RouteBeautifierService     :       ~ skipped (over budget): Fort Payne Walk of Fame (cost=8.0, would be 13.0/7.1)
2026-03-20T18:24:11.814-04:00  INFO 2364 --- [http-nio-8080-exec-10] c.m.m.service.RouteBeautifierService     :       ~ skipped (over budget): Welcome to Georgia sign (cost=17.0, would be 22.0/7.1)
2026-03-20T18:24:11.814-04:00  INFO 2364 --- [http-nio-8080-exec-10] c.m.m.service.RouteBeautifierService     :       ~ skipped (over budget): Chattokee Lodge (cost=11.0, would be 16.0/7.1)
2026-03-20T18:24:11.814-04:00  INFO 2364 --- [http-nio-8080-exec-10] c.m.m.service.RouteBeautifierService     :   Segment 2: consumed=5.0 mins, unspent=2.1 mins, waypoints selected=1
2026-03-20T18:24:11.814-04:00  INFO 2364 --- [http-nio-8080-exec-10] c.m.m.service.RouteBeautifierService     :     runSegmentSelection seg=3 budget=7.1 alreadySpent=0.0 candidates=4
2026-03-20T18:24:11.815-04:00  INFO 2364 --- [http-nio-8080-exec-10] c.m.m.service.RouteBeautifierService     :       + added: Weathington Park (cost=5.0, spent=5.0/7.1)
2026-03-20T18:24:11.815-04:00  INFO 2364 --- [http-nio-8080-exec-10] c.m.m.service.RouteBeautifierService     :       ~ skipped (over budget): Scottsboro Municipal Park (cost=12.0, would be 17.0/7.1)
2026-03-20T18:24:11.815-04:00  INFO 2364 --- [http-nio-8080-exec-10] c.m.m.service.RouteBeautifierService     :       ~ skipped (over budget): Mushroom Rock (cost=32.0, would be 37.0/7.1)
2026-03-20T18:24:11.815-04:00  INFO 2364 --- [http-nio-8080-exec-10] c.m.m.service.RouteBeautifierService     :       ~ skipped (over budget): WatsonFamilyCemetery (cost=11.0, would be 16.0/7.1)
2026-03-20T18:24:11.815-04:00  INFO 2364 --- [http-nio-8080-exec-10] c.m.m.service.RouteBeautifierService     :   Segment 3: consumed=5.0 mins, unspent=2.1 mins, waypoints selected=1
2026-03-20T18:24:11.815-04:00  INFO 2364 --- [http-nio-8080-exec-10] c.m.m.service.RouteBeautifierService     :     runSegmentSelection seg=4 budget=7.1 alreadySpent=0.0 candidates=9
2026-03-20T18:24:11.815-04:00  INFO 2364 --- [http-nio-8080-exec-10] c.m.m.service.RouteBeautifierService     :       ~ skipped (over budget): Jack Daniel's Distillery (cost=11.0, would be 11.0/7.1)
2026-03-20T18:24:11.815-04:00  INFO 2364 --- [http-nio-8080-exec-10] c.m.m.service.RouteBeautifierService     :       ~ skipped (over budget): Jack Daniel Grave (cost=13.0, would be 13.0/7.1)
2026-03-20T18:24:11.815-04:00  INFO 2364 --- [http-nio-8080-exec-10] c.m.m.service.RouteBeautifierService     :       ~ skipped (over budget): Old Jail Museum (cost=9.0, would be 9.0/7.1)
2026-03-20T18:24:11.815-04:00  INFO 2364 --- [http-nio-8080-exec-10] c.m.m.service.RouteBeautifierService     :       ~ skipped (over budget): Daugherty Christmas Lights (cost=10.0, would be 10.0/7.1)
2026-03-20T18:24:11.815-04:00  INFO 2364 --- [http-nio-8080-exec-10] c.m.m.service.RouteBeautifierService     :       ~ skipped (over budget): Beechcraft Heritage Museum (cost=21.0, would be 21.0/7.1)
2026-03-20T18:24:11.815-04:00  INFO 2364 --- [http-nio-8080-exec-10] c.m.m.service.RouteBeautifierService     :       ~ skipped (over budget): Winchester TN City Pavillion (cost=10.0, would be 10.0/7.1)
2026-03-20T18:24:11.815-04:00  INFO 2364 --- [http-nio-8080-exec-10] c.m.m.service.RouteBeautifierService     :       ~ skipped (over budget): Rock Zoo (cost=23.0, would be 23.0/7.1)
2026-03-20T18:24:11.815-04:00  INFO 2364 --- [http-nio-8080-exec-10] c.m.m.service.RouteBeautifierService     :       ~ skipped (over budget): Tims Ford Dam, Elk River (cost=21.0, would be 21.0/7.1)
2026-03-20T18:24:11.815-04:00  INFO 2364 --- [http-nio-8080-exec-10] c.m.m.service.RouteBeautifierService     :       ~ skipped (over budget): Tim's Ford Lake Boat Ramp (cost=21.0, would be 21.0/7.1)
2026-03-20T18:24:11.815-04:00  INFO 2364 --- [http-nio-8080-exec-10] c.m.m.service.RouteBeautifierService     :   Segment 4: consumed=0.0 mins, unspent=7.1 mins, waypoints selected=0
2026-03-20T18:24:11.815-04:00  INFO 2364 --- [http-nio-8080-exec-10] c.m.m.service.RouteBeautifierService     :     runSegmentSelection seg=5 budget=7.1 alreadySpent=0.0 candidates=4
2026-03-20T18:24:11.815-04:00  INFO 2364 --- [http-nio-8080-exec-10] c.m.m.service.RouteBeautifierService     :       ~ skipped (over budget): Cedar Rock Hunting Preserve (cost=12.0, would be 12.0/7.1)
2026-03-20T18:24:11.815-04:00  INFO 2364 --- [http-nio-8080-exec-10] c.m.m.service.RouteBeautifierService     :       ~ skipped (over budget): Hoover Lights (cost=26.0, would be 26.0/7.1)
2026-03-20T18:24:11.816-04:00  INFO 2364 --- [http-nio-8080-exec-10] c.m.m.service.RouteBeautifierService     :       ~ skipped (over budget): Shelbyville Welcome Sign - South 231 (cost=11.0, would be 11.0/7.1)
2026-03-20T18:24:11.816-04:00  INFO 2364 --- [http-nio-8080-exec-10] c.m.m.service.RouteBeautifierService     :       ~ skipped (over budget): Eagleville Antique Tractor Show (cost=11.0, would be 11.0/7.1)
2026-03-20T18:24:11.816-04:00  INFO 2364 --- [http-nio-8080-exec-10] c.m.m.service.RouteBeautifierService     :   Segment 5: consumed=0.0 mins, unspent=7.1 mins, waypoints selected=0
2026-03-20T18:24:11.816-04:00  INFO 2364 --- [http-nio-8080-exec-10] c.m.m.service.RouteBeautifierService     :     runSegmentSelection seg=6 budget=7.1 alreadySpent=0.0 candidates=3
2026-03-20T18:24:11.816-04:00  INFO 2364 --- [http-nio-8080-exec-10] c.m.m.service.RouteBeautifierService     :       ~ skipped (over budget): Tennessee Agricultural Museum (cost=9.0, would be 9.0/7.1)
2026-03-20T18:24:11.816-04:00  INFO 2364 --- [http-nio-8080-exec-10] c.m.m.service.RouteBeautifierService     :       ~ skipped (over budget): Vanderbilt Dyer Observatory (cost=10.0, would be 10.0/7.1)
2026-03-20T18:24:11.816-04:00  INFO 2364 --- [http-nio-8080-exec-10] c.m.m.service.RouteBeautifierService     :       ~ skipped (over budget): CSX Moran Siding South end (cost=11.0, would be 11.0/7.1)
2026-03-20T18:24:11.816-04:00  INFO 2364 --- [http-nio-8080-exec-10] c.m.m.service.RouteBeautifierService     :   Segment 6: consumed=0.0 mins, unspent=7.1 mins, waypoints selected=0
2026-03-20T18:24:11.816-04:00  INFO 2364 --- [http-nio-8080-exec-10] c.m.m.service.RouteBeautifierService     : Pass 1 complete: 4 waypoints selected, 24.0/50.0 mins budget used (48%)
2026-03-20T18:24:11.816-04:00  INFO 2364 --- [http-nio-8080-exec-10] c.m.m.service.RouteBeautifierService     : --- PASS 2: Budget diffusion ---
2026-03-20T18:24:11.816-04:00  INFO 2364 --- [http-nio-8080-exec-10] c.m.m.service.RouteBeautifierService     :   Diffusion round 1:
2026-03-20T18:24:11.816-04:00  INFO 2364 --- [http-nio-8080-exec-10] c.m.m.service.RouteBeautifierService     :     Queued segment 0 as PARTIAL source (0.1 mins unspent)
2026-03-20T18:24:11.816-04:00  INFO 2364 --- [http-nio-8080-exec-10] c.m.m.service.RouteBeautifierService     :     Queued segment 1 as PARTIAL source (0.1 mins unspent)
2026-03-20T18:24:11.816-04:00  INFO 2364 --- [http-nio-8080-exec-10] c.m.m.service.RouteBeautifierService     :     Queued segment 2 as PARTIAL source (2.1 mins unspent)
2026-03-20T18:24:11.816-04:00  INFO 2364 --- [http-nio-8080-exec-10] c.m.m.service.RouteBeautifierService     :     Queued segment 3 as PARTIAL source (2.1 mins unspent)
2026-03-20T18:24:11.816-04:00  INFO 2364 --- [http-nio-8080-exec-10] c.m.m.service.RouteBeautifierService     :     Queued segment 4 as EMPTY source (7.1 mins unspent)
2026-03-20T18:24:11.816-04:00  INFO 2364 --- [http-nio-8080-exec-10] c.m.m.service.RouteBeautifierService     :     Queued segment 5 as EMPTY source (7.1 mins unspent)
2026-03-20T18:24:11.816-04:00  INFO 2364 --- [http-nio-8080-exec-10] c.m.m.service.RouteBeautifierService     :     Queued segment 6 as EMPTY source (7.1 mins unspent)
2026-03-20T18:24:11.816-04:00  INFO 2364 --- [http-nio-8080-exec-10] c.m.m.service.RouteBeautifierService     :     Diffusing from segment 6 (7.1 mins unspent):
2026-03-20T18:24:11.816-04:00  INFO 2364 --- [http-nio-8080-exec-10] c.m.m.service.RouteBeautifierService     :         Segment 5: allocating 7.1 mins (budget now 14.3)
2026-03-20T18:24:11.817-04:00  INFO 2364 --- [http-nio-8080-exec-10] c.m.m.service.RouteBeautifierService     :     runSegmentSelection seg=5 budget=14.3 alreadySpent=0.0 candidates=4
2026-03-20T18:24:11.817-04:00  INFO 2364 --- [http-nio-8080-exec-10] c.m.m.service.RouteBeautifierService     :       + added: Cedar Rock Hunting Preserve (cost=12.0, spent=12.0/14.3)
2026-03-20T18:24:11.817-04:00  INFO 2364 --- [http-nio-8080-exec-10] c.m.m.service.RouteBeautifierService     :       ~ skipped (over budget): Hoover Lights (cost=26.0, would be 38.0/14.3)
2026-03-20T18:24:11.817-04:00  INFO 2364 --- [http-nio-8080-exec-10] c.m.m.service.RouteBeautifierService     :       ~ skipped (over budget): Shelbyville Welcome Sign - South 231 (cost=11.0, would be 23.0/14.3)
2026-03-20T18:24:11.817-04:00  INFO 2364 --- [http-nio-8080-exec-10] c.m.m.service.RouteBeautifierService     :       ~ skipped (over budget): Eagleville Antique Tractor Show (cost=11.0, would be 23.0/14.3)
2026-03-20T18:24:11.817-04:00  INFO 2364 --- [http-nio-8080-exec-10] c.m.m.service.RouteBeautifierService     :         Segment 5: consumed 12.0 mins, reclaimed -4.9 mins — now has 1 waypoints
2026-03-20T18:24:11.817-04:00  INFO 2364 --- [http-nio-8080-exec-10] c.m.m.service.RouteBeautifierService     :       Radius 1 consumed 12.0 mins — stopping diffusion from segment 6
2026-03-20T18:24:11.817-04:00  INFO 2364 --- [http-nio-8080-exec-10] c.m.m.service.RouteBeautifierService     :     Diffusing from segment 5 (7.1 mins unspent):
2026-03-20T18:24:11.817-04:00  INFO 2364 --- [http-nio-8080-exec-10] c.m.m.service.RouteBeautifierService     :         Segment 4: allocating 7.1 mins (budget now 14.3)
2026-03-20T18:24:11.817-04:00  INFO 2364 --- [http-nio-8080-exec-10] c.m.m.service.RouteBeautifierService     :     runSegmentSelection seg=4 budget=14.3 alreadySpent=0.0 candidates=9
2026-03-20T18:24:11.817-04:00  INFO 2364 --- [http-nio-8080-exec-10] c.m.m.service.RouteBeautifierService     :       + added: Jack Daniel's Distillery (cost=11.0, spent=11.0/14.3)
2026-03-20T18:24:11.817-04:00  INFO 2364 --- [http-nio-8080-exec-10] c.m.m.service.RouteBeautifierService     :       ~ skipped (over budget): Jack Daniel Grave (cost=13.0, would be 24.0/14.3)
2026-03-20T18:24:11.817-04:00  INFO 2364 --- [http-nio-8080-exec-10] c.m.m.service.RouteBeautifierService     :       ~ skipped (over budget): Old Jail Museum (cost=9.0, would be 20.0/14.3)
2026-03-20T18:24:11.817-04:00  INFO 2364 --- [http-nio-8080-exec-10] c.m.m.service.RouteBeautifierService     :       ~ skipped (over budget): Daugherty Christmas Lights (cost=10.0, would be 21.0/14.3)
2026-03-20T18:24:11.817-04:00  INFO 2364 --- [http-nio-8080-exec-10] c.m.m.service.RouteBeautifierService     :       ~ skipped (over budget): Beechcraft Heritage Museum (cost=21.0, would be 32.0/14.3)
2026-03-20T18:24:11.817-04:00  INFO 2364 --- [http-nio-8080-exec-10] c.m.m.service.RouteBeautifierService     :       ~ skipped (over budget): Winchester TN City Pavillion (cost=10.0, would be 21.0/14.3)
2026-03-20T18:24:11.817-04:00  INFO 2364 --- [http-nio-8080-exec-10] c.m.m.service.RouteBeautifierService     :       ~ skipped (over budget): Rock Zoo (cost=23.0, would be 34.0/14.3)
2026-03-20T18:24:11.817-04:00  INFO 2364 --- [http-nio-8080-exec-10] c.m.m.service.RouteBeautifierService     :       ~ skipped (over budget): Tims Ford Dam, Elk River (cost=21.0, would be 32.0/14.3)
2026-03-20T18:24:11.817-04:00  INFO 2364 --- [http-nio-8080-exec-10] c.m.m.service.RouteBeautifierService     :       ~ skipped (over budget): Tim's Ford Lake Boat Ramp (cost=21.0, would be 32.0/14.3)
2026-03-20T18:24:11.817-04:00  INFO 2364 --- [http-nio-8080-exec-10] c.m.m.service.RouteBeautifierService     :         Segment 4: consumed 11.0 mins, reclaimed -3.9 mins — now has 1 waypoints
2026-03-20T18:24:11.817-04:00  INFO 2364 --- [http-nio-8080-exec-10] c.m.m.service.RouteBeautifierService     :         Segment 6: allocating -3.9 mins (budget now 3.3)
2026-03-20T18:24:11.817-04:00  INFO 2364 --- [http-nio-8080-exec-10] c.m.m.service.RouteBeautifierService     :     runSegmentSelection seg=6 budget=3.3 alreadySpent=7.1 candidates=3
2026-03-20T18:24:11.818-04:00  INFO 2364 --- [http-nio-8080-exec-10] c.m.m.service.RouteBeautifierService     :       ~ skipped (over budget): Tennessee Agricultural Museum (cost=9.0, would be 16.1/3.3)
2026-03-20T18:24:11.818-04:00  INFO 2364 --- [http-nio-8080-exec-10] c.m.m.service.RouteBeautifierService     :       ~ skipped (over budget): Vanderbilt Dyer Observatory (cost=10.0, would be 17.1/3.3)
2026-03-20T18:24:11.818-04:00  INFO 2364 --- [http-nio-8080-exec-10] c.m.m.service.RouteBeautifierService     :       ~ skipped (over budget): CSX Moran Siding South end (cost=11.0, would be 18.1/3.3)
2026-03-20T18:24:11.818-04:00  INFO 2364 --- [http-nio-8080-exec-10] c.m.m.service.RouteBeautifierService     :         Segment 6: consumed nothing — budget fully reclaimed
2026-03-20T18:24:11.818-04:00  INFO 2364 --- [http-nio-8080-exec-10] c.m.m.service.RouteBeautifierService     :       Radius 1 consumed 11.0 mins — stopping diffusion from segment 5
2026-03-20T18:24:11.818-04:00  INFO 2364 --- [http-nio-8080-exec-10] c.m.m.service.RouteBeautifierService     :     Diffusing from segment 4 (7.1 mins unspent):
2026-03-20T18:24:11.818-04:00  INFO 2364 --- [http-nio-8080-exec-10] c.m.m.service.RouteBeautifierService     :         Segment 3: allocating 7.1 mins (budget now 14.3)
2026-03-20T18:24:11.818-04:00  INFO 2364 --- [http-nio-8080-exec-10] c.m.m.service.RouteBeautifierService     :     runSegmentSelection seg=3 budget=14.3 alreadySpent=5.0 candidates=4
2026-03-20T18:24:11.818-04:00  INFO 2364 --- [http-nio-8080-exec-10] c.m.m.service.RouteBeautifierService     :       ~ skipped (over budget): Scottsboro Municipal Park (cost=12.0, would be 17.0/14.3)
2026-03-20T18:24:11.818-04:00  INFO 2364 --- [http-nio-8080-exec-10] c.m.m.service.RouteBeautifierService     :       ~ skipped (over budget): Mushroom Rock (cost=32.0, would be 37.0/14.3)
2026-03-20T18:24:11.818-04:00  INFO 2364 --- [http-nio-8080-exec-10] c.m.m.service.RouteBeautifierService     :       ~ skipped (over budget): WatsonFamilyCemetery (cost=11.0, would be 16.0/14.3)
2026-03-20T18:24:11.818-04:00  INFO 2364 --- [http-nio-8080-exec-10] c.m.m.service.RouteBeautifierService     :         Segment 3: consumed nothing — budget fully reclaimed
2026-03-20T18:24:11.818-04:00  INFO 2364 --- [http-nio-8080-exec-10] c.m.m.service.RouteBeautifierService     :         Segment 5: allocating 7.1 mins (budget now 26.3)
2026-03-20T18:24:11.818-04:00  INFO 2364 --- [http-nio-8080-exec-10] c.m.m.service.RouteBeautifierService     :     runSegmentSelection seg=5 budget=26.3 alreadySpent=19.1 candidates=4
2026-03-20T18:24:11.818-04:00  INFO 2364 --- [http-nio-8080-exec-10] c.m.m.service.RouteBeautifierService     :       ~ skipped (over budget): Hoover Lights (cost=26.0, would be 45.1/26.3)
2026-03-20T18:24:11.818-04:00  INFO 2364 --- [http-nio-8080-exec-10] c.m.m.service.RouteBeautifierService     :       ~ skipped (over budget): Shelbyville Welcome Sign - South 231 (cost=11.0, would be 30.1/26.3)
2026-03-20T18:24:11.818-04:00  INFO 2364 --- [http-nio-8080-exec-10] c.m.m.service.RouteBeautifierService     :       ~ skipped (over budget): Eagleville Antique Tractor Show (cost=11.0, would be 30.1/26.3)
2026-03-20T18:24:11.818-04:00  INFO 2364 --- [http-nio-8080-exec-10] c.m.m.service.RouteBeautifierService     :         Segment 5: consumed nothing — budget fully reclaimed
2026-03-20T18:24:11.818-04:00  INFO 2364 --- [http-nio-8080-exec-10] c.m.m.service.RouteBeautifierService     :       Radius 1 yielded nothing — expanding to radius 2
2026-03-20T18:24:11.818-04:00  INFO 2364 --- [http-nio-8080-exec-10] c.m.m.service.RouteBeautifierService     :         Segment 2: allocating 7.1 mins (budget now 14.3)
2026-03-20T18:24:11.818-04:00  INFO 2364 --- [http-nio-8080-exec-10] c.m.m.service.RouteBeautifierService     :     runSegmentSelection seg=2 budget=14.3 alreadySpent=5.0 candidates=6
2026-03-20T18:24:11.818-04:00  INFO 2364 --- [http-nio-8080-exec-10] c.m.m.service.RouteBeautifierService     :       ~ skipped (over budget): Alabama Fan Club And Museum (cost=10.0, would be 15.0/14.3)
2026-03-20T18:24:11.818-04:00  INFO 2364 --- [http-nio-8080-exec-10] c.m.m.service.RouteBeautifierService     :       ~ skipped (over budget): Cornwall Furnace Memorial Park (cost=12.0, would be 17.0/14.3)
2026-03-20T18:24:11.818-04:00  INFO 2364 --- [http-nio-8080-exec-10] c.m.m.service.RouteBeautifierService     :       + added: Fort Payne Walk of Fame (cost=8.0, spent=13.0/14.3)
2026-03-20T18:24:11.818-04:00  INFO 2364 --- [http-nio-8080-exec-10] c.m.m.service.RouteBeautifierService     :       ~ skipped (over budget): Welcome to Georgia sign (cost=17.0, would be 30.0/14.3)
2026-03-20T18:24:11.818-04:00  INFO 2364 --- [http-nio-8080-exec-10] c.m.m.service.RouteBeautifierService     :       ~ skipped (over budget): Chattokee Lodge (cost=11.0, would be 24.0/14.3)
2026-03-20T18:24:11.819-04:00  INFO 2364 --- [http-nio-8080-exec-10] c.m.m.service.RouteBeautifierService     :         Segment 2: consumed 8.0 mins, reclaimed -0.9 mins — now has 2 waypoints
2026-03-20T18:24:11.819-04:00  INFO 2364 --- [http-nio-8080-exec-10] c.m.m.service.RouteBeautifierService     :         Segment 6: allocating -0.9 mins (budget now 6.3)
2026-03-20T18:24:11.819-04:00  INFO 2364 --- [http-nio-8080-exec-10] c.m.m.service.RouteBeautifierService     :     runSegmentSelection seg=6 budget=6.3 alreadySpent=7.1 candidates=3
2026-03-20T18:24:11.819-04:00  INFO 2364 --- [http-nio-8080-exec-10] c.m.m.service.RouteBeautifierService     :       ~ skipped (over budget): Tennessee Agricultural Museum (cost=9.0, would be 16.1/6.3)
2026-03-20T18:24:11.819-04:00  INFO 2364 --- [http-nio-8080-exec-10] c.m.m.service.RouteBeautifierService     :       ~ skipped (over budget): Vanderbilt Dyer Observatory (cost=10.0, would be 17.1/6.3)
2026-03-20T18:24:11.819-04:00  INFO 2364 --- [http-nio-8080-exec-10] c.m.m.service.RouteBeautifierService     :       ~ skipped (over budget): CSX Moran Siding South end (cost=11.0, would be 18.1/6.3)
2026-03-20T18:24:11.819-04:00  INFO 2364 --- [http-nio-8080-exec-10] c.m.m.service.RouteBeautifierService     :         Segment 6: consumed nothing — budget fully reclaimed
2026-03-20T18:24:11.819-04:00  INFO 2364 --- [http-nio-8080-exec-10] c.m.m.service.RouteBeautifierService     :       Radius 2 consumed 8.0 mins — stopping diffusion from segment 4
2026-03-20T18:24:11.819-04:00  INFO 2364 --- [http-nio-8080-exec-10] c.m.m.service.RouteBeautifierService     :     Diffusing from segment 0 (0.1 mins unspent):
2026-03-20T18:24:11.819-04:00  INFO 2364 --- [http-nio-8080-exec-10] c.m.m.service.RouteBeautifierService     :         Segment 1: allocating 0.1 mins (budget now 7.3)
2026-03-20T18:24:11.819-04:00  INFO 2364 --- [http-nio-8080-exec-10] c.m.m.service.RouteBeautifierService     :     runSegmentSelection seg=1 budget=7.3 alreadySpent=7.0 candidates=10
2026-03-20T18:24:11.819-04:00  INFO 2364 --- [http-nio-8080-exec-10] c.m.m.service.RouteBeautifierService     :       ~ skipped (over budget): Nathan Dean Park (cost=5.0, would be 12.0/7.3)
2026-03-20T18:24:11.819-04:00  INFO 2364 --- [http-nio-8080-exec-10] c.m.m.service.RouteBeautifierService     :       ~ skipped (over budget): Rockmart Slate House (cost=7.0, would be 14.0/7.3)
2026-03-20T18:24:11.819-04:00  INFO 2364 --- [http-nio-8080-exec-10] c.m.m.service.RouteBeautifierService     :       ~ skipped (over budget): Van Wert Trailhead - Silver Comet Trailhead (cost=9.0, would be 16.0/7.3)
2026-03-20T18:24:11.819-04:00  INFO 2364 --- [http-nio-8080-exec-10] c.m.m.service.RouteBeautifierService     :       ~ skipped (over budget): Coosa Park (cost=8.0, would be 15.0/7.3)
2026-03-20T18:24:11.819-04:00  INFO 2364 --- [http-nio-8080-exec-10] c.m.m.service.RouteBeautifierService     :       ~ skipped (over budget): Alto Park Softball Complex (cost=11.0, would be 18.0/7.3)
2026-03-20T18:24:11.819-04:00  INFO 2364 --- [http-nio-8080-exec-10] c.m.m.service.RouteBeautifierService     :       ~ skipped (over budget): Rockmart Memorial Park (cost=7.0, would be 14.0/7.3)
2026-03-20T18:24:11.819-04:00  INFO 2364 --- [http-nio-8080-exec-10] c.m.m.service.RouteBeautifierService     :       ~ skipped (over budget): Dallas Welcome Sign (cost=6.0, would be 13.0/7.3)
2026-03-20T18:24:11.819-04:00  INFO 2364 --- [http-nio-8080-exec-10] c.m.m.service.RouteBeautifierService     :       ~ skipped (over budget): Rockmart Plaza (cost=7.0, would be 14.0/7.3)
2026-03-20T18:24:11.819-04:00  INFO 2364 --- [http-nio-8080-exec-10] c.m.m.service.RouteBeautifierService     :       ~ skipped (over budget): Church Street Trailhead (cost=7.0, would be 14.0/7.3)
2026-03-20T18:24:11.819-04:00  INFO 2364 --- [http-nio-8080-exec-10] c.m.m.service.RouteBeautifierService     :         Segment 1: consumed nothing — budget fully reclaimed
2026-03-20T18:24:11.819-04:00  INFO 2364 --- [http-nio-8080-exec-10] c.m.m.service.RouteBeautifierService     :       Radius 1 yielded nothing — expanding to radius 2
2026-03-20T18:24:11.819-04:00  INFO 2364 --- [http-nio-8080-exec-10] c.m.m.service.RouteBeautifierService     :         Segment 2: allocating 0.1 mins (budget now 15.3)
2026-03-20T18:24:11.819-04:00  INFO 2364 --- [http-nio-8080-exec-10] c.m.m.service.RouteBeautifierService     :     runSegmentSelection seg=2 budget=15.3 alreadySpent=13.0 candidates=6
2026-03-20T18:24:11.819-04:00  INFO 2364 --- [http-nio-8080-exec-10] c.m.m.service.RouteBeautifierService     :       ~ skipped (over budget): Alabama Fan Club And Museum (cost=10.0, would be 23.0/15.3)
2026-03-20T18:24:11.819-04:00  INFO 2364 --- [http-nio-8080-exec-10] c.m.m.service.RouteBeautifierService     :       ~ skipped (over budget): Cornwall Furnace Memorial Park (cost=12.0, would be 25.0/15.3)
2026-03-20T18:24:11.819-04:00  INFO 2364 --- [http-nio-8080-exec-10] c.m.m.service.RouteBeautifierService     :       ~ skipped (over budget): Welcome to Georgia sign (cost=17.0, would be 30.0/15.3)
2026-03-20T18:24:11.819-04:00  INFO 2364 --- [http-nio-8080-exec-10] c.m.m.service.RouteBeautifierService     :       ~ skipped (over budget): Chattokee Lodge (cost=11.0, would be 24.0/15.3)
2026-03-20T18:24:11.819-04:00  INFO 2364 --- [http-nio-8080-exec-10] c.m.m.service.RouteBeautifierService     :         Segment 2: consumed nothing — budget fully reclaimed
2026-03-20T18:24:11.820-04:00  INFO 2364 --- [http-nio-8080-exec-10] c.m.m.service.RouteBeautifierService     :       Radius 2 yielded nothing — expanding to radius 3
2026-03-20T18:24:11.820-04:00  INFO 2364 --- [http-nio-8080-exec-10] c.m.m.service.RouteBeautifierService     :         Segment 3: allocating 0.1 mins (budget now 7.3)
2026-03-20T18:24:11.820-04:00  INFO 2364 --- [http-nio-8080-exec-10] c.m.m.service.RouteBeautifierService     :     runSegmentSelection seg=3 budget=7.3 alreadySpent=5.0 candidates=4
2026-03-20T18:24:11.820-04:00  INFO 2364 --- [http-nio-8080-exec-10] c.m.m.service.RouteBeautifierService     :       ~ skipped (over budget): Scottsboro Municipal Park (cost=12.0, would be 17.0/7.3)
2026-03-20T18:24:11.820-04:00  INFO 2364 --- [http-nio-8080-exec-10] c.m.m.service.RouteBeautifierService     :       ~ skipped (over budget): Mushroom Rock (cost=32.0, would be 37.0/7.3)
2026-03-20T18:24:11.820-04:00  INFO 2364 --- [http-nio-8080-exec-10] c.m.m.service.RouteBeautifierService     :       ~ skipped (over budget): WatsonFamilyCemetery (cost=11.0, would be 16.0/7.3)
2026-03-20T18:24:11.820-04:00  INFO 2364 --- [http-nio-8080-exec-10] c.m.m.service.RouteBeautifierService     :         Segment 3: consumed nothing — budget fully reclaimed
2026-03-20T18:24:11.820-04:00  INFO 2364 --- [http-nio-8080-exec-10] c.m.m.service.RouteBeautifierService     :       Radius 3 yielded nothing — expanding to radius 4
2026-03-20T18:24:11.820-04:00  INFO 2364 --- [http-nio-8080-exec-10] c.m.m.service.RouteBeautifierService     :         Segment 4: allocating 0.1 mins (budget now 18.3)
2026-03-20T18:24:11.820-04:00  INFO 2364 --- [http-nio-8080-exec-10] c.m.m.service.RouteBeautifierService     :     runSegmentSelection seg=4 budget=18.3 alreadySpent=18.1 candidates=9
2026-03-20T18:24:11.820-04:00  INFO 2364 --- [http-nio-8080-exec-10] c.m.m.service.RouteBeautifierService     :       ~ skipped (over budget): Jack Daniel Grave (cost=13.0, would be 31.1/18.3)
2026-03-20T18:24:11.820-04:00  INFO 2364 --- [http-nio-8080-exec-10] c.m.m.service.RouteBeautifierService     :       ~ skipped (over budget): Old Jail Museum (cost=9.0, would be 27.1/18.3)
2026-03-20T18:24:11.820-04:00  INFO 2364 --- [http-nio-8080-exec-10] c.m.m.service.RouteBeautifierService     :       ~ skipped (over budget): Daugherty Christmas Lights (cost=10.0, would be 28.1/18.3)
2026-03-20T18:24:11.820-04:00  INFO 2364 --- [http-nio-8080-exec-10] c.m.m.service.RouteBeautifierService     :       ~ skipped (over budget): Beechcraft Heritage Museum (cost=21.0, would be 39.1/18.3)
2026-03-20T18:24:11.820-04:00  INFO 2364 --- [http-nio-8080-exec-10] c.m.m.service.RouteBeautifierService     :       ~ skipped (over budget): Winchester TN City Pavillion (cost=10.0, would be 28.1/18.3)
2026-03-20T18:24:11.820-04:00  INFO 2364 --- [http-nio-8080-exec-10] c.m.m.service.RouteBeautifierService     :       ~ skipped (over budget): Rock Zoo (cost=23.0, would be 41.1/18.3)
2026-03-20T18:24:11.820-04:00  INFO 2364 --- [http-nio-8080-exec-10] c.m.m.service.RouteBeautifierService     :       ~ skipped (over budget): Tims Ford Dam, Elk River (cost=21.0, would be 39.1/18.3)
2026-03-20T18:24:11.820-04:00  INFO 2364 --- [http-nio-8080-exec-10] c.m.m.service.RouteBeautifierService     :       ~ skipped (over budget): Tim's Ford Lake Boat Ramp (cost=21.0, would be 39.1/18.3)
2026-03-20T18:24:11.820-04:00  INFO 2364 --- [http-nio-8080-exec-10] c.m.m.service.RouteBeautifierService     :         Segment 4: consumed nothing — budget fully reclaimed
2026-03-20T18:24:11.820-04:00  INFO 2364 --- [http-nio-8080-exec-10] c.m.m.service.RouteBeautifierService     :       Radius 4 yielded nothing — expanding to radius 5
2026-03-20T18:24:11.821-04:00  INFO 2364 --- [http-nio-8080-exec-10] c.m.m.service.RouteBeautifierService     :         Segment 5: allocating 0.1 mins (budget now 19.3)
2026-03-20T18:24:11.821-04:00  INFO 2364 --- [http-nio-8080-exec-10] c.m.m.service.RouteBeautifierService     :     runSegmentSelection seg=5 budget=19.3 alreadySpent=19.1 candidates=4
2026-03-20T18:24:11.821-04:00  INFO 2364 --- [http-nio-8080-exec-10] c.m.m.service.RouteBeautifierService     :       ~ skipped (over budget): Hoover Lights (cost=26.0, would be 45.1/19.3)
2026-03-20T18:24:11.821-04:00  INFO 2364 --- [http-nio-8080-exec-10] c.m.m.service.RouteBeautifierService     :       ~ skipped (over budget): Shelbyville Welcome Sign - South 231 (cost=11.0, would be 30.1/19.3)
2026-03-20T18:24:11.821-04:00  INFO 2364 --- [http-nio-8080-exec-10] c.m.m.service.RouteBeautifierService     :       ~ skipped (over budget): Eagleville Antique Tractor Show (cost=11.0, would be 30.1/19.3)
2026-03-20T18:24:11.821-04:00  INFO 2364 --- [http-nio-8080-exec-10] c.m.m.service.RouteBeautifierService     :         Segment 5: consumed nothing — budget fully reclaimed
2026-03-20T18:24:11.821-04:00  INFO 2364 --- [http-nio-8080-exec-10] c.m.m.service.RouteBeautifierService     :       Radius 5 yielded nothing — expanding to radius 6
2026-03-20T18:24:11.821-04:00  INFO 2364 --- [http-nio-8080-exec-10] c.m.m.service.RouteBeautifierService     :         Segment 6: allocating 0.1 mins (budget now 7.3)
2026-03-20T18:24:11.821-04:00  INFO 2364 --- [http-nio-8080-exec-10] c.m.m.service.RouteBeautifierService     :     runSegmentSelection seg=6 budget=7.3 alreadySpent=7.1 candidates=3
2026-03-20T18:24:11.821-04:00  INFO 2364 --- [http-nio-8080-exec-10] c.m.m.service.RouteBeautifierService     :       ~ skipped (over budget): Tennessee Agricultural Museum (cost=9.0, would be 16.1/7.3)
2026-03-20T18:24:11.821-04:00  INFO 2364 --- [http-nio-8080-exec-10] c.m.m.service.RouteBeautifierService     :       ~ skipped (over budget): Vanderbilt Dyer Observatory (cost=10.0, would be 17.1/7.3)
2026-03-20T18:24:11.821-04:00  INFO 2364 --- [http-nio-8080-exec-10] c.m.m.service.RouteBeautifierService     :       ~ skipped (over budget): CSX Moran Siding South end (cost=11.0, would be 18.1/7.3)
2026-03-20T18:24:11.821-04:00  INFO 2364 --- [http-nio-8080-exec-10] c.m.m.service.RouteBeautifierService     :         Segment 6: consumed nothing — budget fully reclaimed
2026-03-20T18:24:11.821-04:00  INFO 2364 --- [http-nio-8080-exec-10] c.m.m.service.RouteBeautifierService     :       Radius 6 yielded nothing — expanding to radius 7
2026-03-20T18:24:11.821-04:00  INFO 2364 --- [http-nio-8080-exec-10] c.m.m.service.RouteBeautifierService     :     Segment 0: no neighbors absorbed budget at any radius — marked as exhausted
2026-03-20T18:24:11.821-04:00  INFO 2364 --- [http-nio-8080-exec-10] c.m.m.service.RouteBeautifierService     :     Diffusing from segment 1 (0.1 mins unspent):
2026-03-20T18:24:11.821-04:00  INFO 2364 --- [http-nio-8080-exec-10] c.m.m.service.RouteBeautifierService     :         Segment 0: allocating 0.1 mins (budget now 7.3)
2026-03-20T18:24:11.821-04:00  INFO 2364 --- [http-nio-8080-exec-10] c.m.m.service.RouteBeautifierService     :     runSegmentSelection seg=0 budget=7.3 alreadySpent=7.0 candidates=10
2026-03-20T18:24:11.821-04:00  INFO 2364 --- [http-nio-8080-exec-10] c.m.m.service.RouteBeautifierService     :       ~ skipped (over budget): Fly Heli Atlanta (cost=9.0, would be 16.0/7.3)
2026-03-20T18:24:11.821-04:00  INFO 2364 --- [http-nio-8080-exec-10] c.m.m.service.RouteBeautifierService     :       ~ skipped (over budget): Silver Comet Linear Park (cost=10.0, would be 17.0/7.3)
2026-03-20T18:24:11.821-04:00  INFO 2364 --- [http-nio-8080-exec-10] c.m.m.service.RouteBeautifierService     :       ~ skipped (over budget): Powder Springs Park (cost=9.0, would be 16.0/7.3)
2026-03-20T18:24:11.821-04:00  INFO 2364 --- [http-nio-8080-exec-10] c.m.m.service.RouteBeautifierService     :       ~ skipped (over budget): Carter Road Silver Comet Trailhead (cost=9.0, would be 16.0/7.3)
2026-03-20T18:24:11.821-04:00  INFO 2364 --- [http-nio-8080-exec-10] c.m.m.service.RouteBeautifierService     :       ~ skipped (over budget): Sweetwater Park (cost=11.0, would be 18.0/7.3)
2026-03-20T18:24:11.821-04:00  INFO 2364 --- [http-nio-8080-exec-10] c.m.m.service.RouteBeautifierService     :       ~ skipped (over budget): Thurman Springs Park (cost=10.0, would be 17.0/7.3)
2026-03-20T18:24:11.821-04:00  INFO 2364 --- [http-nio-8080-exec-10] c.m.m.service.RouteBeautifierService     :       ~ skipped (over budget): Legion Field (cost=9.0, would be 16.0/7.3)
2026-03-20T18:24:11.821-04:00  INFO 2364 --- [http-nio-8080-exec-10] c.m.m.service.RouteBeautifierService     :       ~ skipped (over budget): Collar Park (cost=11.0, would be 18.0/7.3)
2026-03-20T18:24:11.821-04:00  INFO 2364 --- [http-nio-8080-exec-10] c.m.m.service.RouteBeautifierService     :       ~ skipped (over budget): Old Clarkdale Park (cost=7.0, would be 14.0/7.3)
2026-03-20T18:24:11.821-04:00  INFO 2364 --- [http-nio-8080-exec-10] c.m.m.service.RouteBeautifierService     :         Segment 0: consumed nothing — budget fully reclaimed
2026-03-20T18:24:11.821-04:00  INFO 2364 --- [http-nio-8080-exec-10] c.m.m.service.RouteBeautifierService     :         Segment 2: allocating 0.1 mins (budget now 15.3)
2026-03-20T18:24:11.821-04:00  INFO 2364 --- [http-nio-8080-exec-10] c.m.m.service.RouteBeautifierService     :     runSegmentSelection seg=2 budget=15.3 alreadySpent=13.0 candidates=6
2026-03-20T18:24:11.821-04:00  INFO 2364 --- [http-nio-8080-exec-10] c.m.m.service.RouteBeautifierService     :       ~ skipped (over budget): Alabama Fan Club And Museum (cost=10.0, would be 23.0/15.3)
2026-03-20T18:24:11.821-04:00  INFO 2364 --- [http-nio-8080-exec-10] c.m.m.service.RouteBeautifierService     :       ~ skipped (over budget): Cornwall Furnace Memorial Park (cost=12.0, would be 25.0/15.3)
2026-03-20T18:24:11.821-04:00  INFO 2364 --- [http-nio-8080-exec-10] c.m.m.service.RouteBeautifierService     :       ~ skipped (over budget): Welcome to Georgia sign (cost=17.0, would be 30.0/15.3)
2026-03-20T18:24:11.821-04:00  INFO 2364 --- [http-nio-8080-exec-10] c.m.m.service.RouteBeautifierService     :       ~ skipped (over budget): Chattokee Lodge (cost=11.0, would be 24.0/15.3)
2026-03-20T18:24:11.821-04:00  INFO 2364 --- [http-nio-8080-exec-10] c.m.m.service.RouteBeautifierService     :         Segment 2: consumed nothing — budget fully reclaimed
2026-03-20T18:24:11.821-04:00  INFO 2364 --- [http-nio-8080-exec-10] c.m.m.service.RouteBeautifierService     :       Radius 1 yielded nothing — expanding to radius 2
2026-03-20T18:24:11.821-04:00  INFO 2364 --- [http-nio-8080-exec-10] c.m.m.service.RouteBeautifierService     :         Segment 3: allocating 0.1 mins (budget now 7.3)
2026-03-20T18:24:11.821-04:00  INFO 2364 --- [http-nio-8080-exec-10] c.m.m.service.RouteBeautifierService     :     runSegmentSelection seg=3 budget=7.3 alreadySpent=5.0 candidates=4
2026-03-20T18:24:11.821-04:00  INFO 2364 --- [http-nio-8080-exec-10] c.m.m.service.RouteBeautifierService     :       ~ skipped (over budget): Scottsboro Municipal Park (cost=12.0, would be 17.0/7.3)
2026-03-20T18:24:11.822-04:00  INFO 2364 --- [http-nio-8080-exec-10] c.m.m.service.RouteBeautifierService     :       ~ skipped (over budget): Mushroom Rock (cost=32.0, would be 37.0/7.3)
2026-03-20T18:24:11.822-04:00  INFO 2364 --- [http-nio-8080-exec-10] c.m.m.service.RouteBeautifierService     :       ~ skipped (over budget): WatsonFamilyCemetery (cost=11.0, would be 16.0/7.3)
2026-03-20T18:24:11.822-04:00  INFO 2364 --- [http-nio-8080-exec-10] c.m.m.service.RouteBeautifierService     :         Segment 3: consumed nothing — budget fully reclaimed
2026-03-20T18:24:11.822-04:00  INFO 2364 --- [http-nio-8080-exec-10] c.m.m.service.RouteBeautifierService     :       Radius 2 yielded nothing — expanding to radius 3
2026-03-20T18:24:11.822-04:00  INFO 2364 --- [http-nio-8080-exec-10] c.m.m.service.RouteBeautifierService     :         Segment 4: allocating 0.1 mins (budget now 18.3)
2026-03-20T18:24:11.822-04:00  INFO 2364 --- [http-nio-8080-exec-10] c.m.m.service.RouteBeautifierService     :     runSegmentSelection seg=4 budget=18.3 alreadySpent=18.1 candidates=9
2026-03-20T18:24:11.822-04:00  INFO 2364 --- [http-nio-8080-exec-10] c.m.m.service.RouteBeautifierService     :       ~ skipped (over budget): Jack Daniel Grave (cost=13.0, would be 31.1/18.3)
2026-03-20T18:24:11.822-04:00  INFO 2364 --- [http-nio-8080-exec-10] c.m.m.service.RouteBeautifierService     :       ~ skipped (over budget): Old Jail Museum (cost=9.0, would be 27.1/18.3)
2026-03-20T18:24:11.822-04:00  INFO 2364 --- [http-nio-8080-exec-10] c.m.m.service.RouteBeautifierService     :       ~ skipped (over budget): Daugherty Christmas Lights (cost=10.0, would be 28.1/18.3)
2026-03-20T18:24:11.822-04:00  INFO 2364 --- [http-nio-8080-exec-10] c.m.m.service.RouteBeautifierService     :       ~ skipped (over budget): Beechcraft Heritage Museum (cost=21.0, would be 39.1/18.3)
2026-03-20T18:24:11.822-04:00  INFO 2364 --- [http-nio-8080-exec-10] c.m.m.service.RouteBeautifierService     :       ~ skipped (over budget): Winchester TN City Pavillion (cost=10.0, would be 28.1/18.3)
2026-03-20T18:24:11.822-04:00  INFO 2364 --- [http-nio-8080-exec-10] c.m.m.service.RouteBeautifierService     :       ~ skipped (over budget): Rock Zoo (cost=23.0, would be 41.1/18.3)
2026-03-20T18:24:11.822-04:00  INFO 2364 --- [http-nio-8080-exec-10] c.m.m.service.RouteBeautifierService     :       ~ skipped (over budget): Tims Ford Dam, Elk River (cost=21.0, would be 39.1/18.3)
2026-03-20T18:24:11.822-04:00  INFO 2364 --- [http-nio-8080-exec-10] c.m.m.service.RouteBeautifierService     :       ~ skipped (over budget): Tim's Ford Lake Boat Ramp (cost=21.0, would be 39.1/18.3)
2026-03-20T18:24:11.822-04:00  INFO 2364 --- [http-nio-8080-exec-10] c.m.m.service.RouteBeautifierService     :         Segment 4: consumed nothing — budget fully reclaimed
2026-03-20T18:24:11.822-04:00  INFO 2364 --- [http-nio-8080-exec-10] c.m.m.service.RouteBeautifierService     :       Radius 3 yielded nothing — expanding to radius 4
2026-03-20T18:24:11.822-04:00  INFO 2364 --- [http-nio-8080-exec-10] c.m.m.service.RouteBeautifierService     :         Segment 5: allocating 0.1 mins (budget now 19.3)
2026-03-20T18:24:11.822-04:00  INFO 2364 --- [http-nio-8080-exec-10] c.m.m.service.RouteBeautifierService     :     runSegmentSelection seg=5 budget=19.3 alreadySpent=19.1 candidates=4
2026-03-20T18:24:11.822-04:00  INFO 2364 --- [http-nio-8080-exec-10] c.m.m.service.RouteBeautifierService     :       ~ skipped (over budget): Hoover Lights (cost=26.0, would be 45.1/19.3)
2026-03-20T18:24:11.822-04:00  INFO 2364 --- [http-nio-8080-exec-10] c.m.m.service.RouteBeautifierService     :       ~ skipped (over budget): Shelbyville Welcome Sign - South 231 (cost=11.0, would be 30.1/19.3)
2026-03-20T18:24:11.822-04:00  INFO 2364 --- [http-nio-8080-exec-10] c.m.m.service.RouteBeautifierService     :       ~ skipped (over budget): Eagleville Antique Tractor Show (cost=11.0, would be 30.1/19.3)
2026-03-20T18:24:11.822-04:00  INFO 2364 --- [http-nio-8080-exec-10] c.m.m.service.RouteBeautifierService     :         Segment 5: consumed nothing — budget fully reclaimed
2026-03-20T18:24:11.822-04:00  INFO 2364 --- [http-nio-8080-exec-10] c.m.m.service.RouteBeautifierService     :       Radius 4 yielded nothing — expanding to radius 5
2026-03-20T18:24:11.822-04:00  INFO 2364 --- [http-nio-8080-exec-10] c.m.m.service.RouteBeautifierService     :         Segment 6: allocating 0.1 mins (budget now 7.3)
2026-03-20T18:24:11.822-04:00  INFO 2364 --- [http-nio-8080-exec-10] c.m.m.service.RouteBeautifierService     :     runSegmentSelection seg=6 budget=7.3 alreadySpent=7.1 candidates=3
2026-03-20T18:24:11.822-04:00  INFO 2364 --- [http-nio-8080-exec-10] c.m.m.service.RouteBeautifierService     :       ~ skipped (over budget): Tennessee Agricultural Museum (cost=9.0, would be 16.1/7.3)
2026-03-20T18:24:11.822-04:00  INFO 2364 --- [http-nio-8080-exec-10] c.m.m.service.RouteBeautifierService     :       ~ skipped (over budget): Vanderbilt Dyer Observatory (cost=10.0, would be 17.1/7.3)
2026-03-20T18:24:11.822-04:00  INFO 2364 --- [http-nio-8080-exec-10] c.m.m.service.RouteBeautifierService     :       ~ skipped (over budget): CSX Moran Siding South end (cost=11.0, would be 18.1/7.3)
2026-03-20T18:24:11.822-04:00  INFO 2364 --- [http-nio-8080-exec-10] c.m.m.service.RouteBeautifierService     :         Segment 6: consumed nothing — budget fully reclaimed
2026-03-20T18:24:11.822-04:00  INFO 2364 --- [http-nio-8080-exec-10] c.m.m.service.RouteBeautifierService     :       Radius 5 yielded nothing — expanding to radius 6
2026-03-20T18:24:11.822-04:00  INFO 2364 --- [http-nio-8080-exec-10] c.m.m.service.RouteBeautifierService     :       Radius 6 yielded nothing — expanding to radius 7
2026-03-20T18:24:11.822-04:00  INFO 2364 --- [http-nio-8080-exec-10] c.m.m.service.RouteBeautifierService     :     Segment 1: no neighbors absorbed budget at any radius — marked as exhausted
2026-03-20T18:24:11.822-04:00  INFO 2364 --- [http-nio-8080-exec-10] c.m.m.service.RouteBeautifierService     :     Diffusing from segment 2 (2.1 mins unspent):
2026-03-20T18:24:11.822-04:00  INFO 2364 --- [http-nio-8080-exec-10] c.m.m.service.RouteBeautifierService     :         Segment 1: allocating 2.1 mins (budget now 9.3)
2026-03-20T18:24:11.822-04:00  INFO 2364 --- [http-nio-8080-exec-10] c.m.m.service.RouteBeautifierService     :     runSegmentSelection seg=1 budget=9.3 alreadySpent=7.0 candidates=10
2026-03-20T18:24:11.822-04:00  INFO 2364 --- [http-nio-8080-exec-10] c.m.m.service.RouteBeautifierService     :       ~ skipped (over budget): Nathan Dean Park (cost=5.0, would be 12.0/9.3)
2026-03-20T18:24:11.822-04:00  INFO 2364 --- [http-nio-8080-exec-10] c.m.m.service.RouteBeautifierService     :       ~ skipped (over budget): Rockmart Slate House (cost=7.0, would be 14.0/9.3)
2026-03-20T18:24:11.822-04:00  INFO 2364 --- [http-nio-8080-exec-10] c.m.m.service.RouteBeautifierService     :       ~ skipped (over budget): Van Wert Trailhead - Silver Comet Trailhead (cost=9.0, would be 16.0/9.3)
2026-03-20T18:24:11.822-04:00  INFO 2364 --- [http-nio-8080-exec-10] c.m.m.service.RouteBeautifierService     :       ~ skipped (over budget): Coosa Park (cost=8.0, would be 15.0/9.3)
2026-03-20T18:24:11.823-04:00  INFO 2364 --- [http-nio-8080-exec-10] c.m.m.service.RouteBeautifierService     :       ~ skipped (over budget): Alto Park Softball Complex (cost=11.0, would be 18.0/9.3)
2026-03-20T18:24:11.823-04:00  INFO 2364 --- [http-nio-8080-exec-10] c.m.m.service.RouteBeautifierService     :       ~ skipped (over budget): Rockmart Memorial Park (cost=7.0, would be 14.0/9.3)
2026-03-20T18:24:11.823-04:00  INFO 2364 --- [http-nio-8080-exec-10] c.m.m.service.RouteBeautifierService     :       ~ skipped (over budget): Dallas Welcome Sign (cost=6.0, would be 13.0/9.3)
2026-03-20T18:24:11.823-04:00  INFO 2364 --- [http-nio-8080-exec-10] c.m.m.service.RouteBeautifierService     :       ~ skipped (over budget): Rockmart Plaza (cost=7.0, would be 14.0/9.3)
2026-03-20T18:24:11.823-04:00  INFO 2364 --- [http-nio-8080-exec-10] c.m.m.service.RouteBeautifierService     :       ~ skipped (over budget): Church Street Trailhead (cost=7.0, would be 14.0/9.3)
2026-03-20T18:24:11.823-04:00  INFO 2364 --- [http-nio-8080-exec-10] c.m.m.service.RouteBeautifierService     :         Segment 1: consumed nothing — budget fully reclaimed
2026-03-20T18:24:11.823-04:00  INFO 2364 --- [http-nio-8080-exec-10] c.m.m.service.RouteBeautifierService     :         Segment 3: allocating 2.1 mins (budget now 9.3)
2026-03-20T18:24:11.823-04:00  INFO 2364 --- [http-nio-8080-exec-10] c.m.m.service.RouteBeautifierService     :     runSegmentSelection seg=3 budget=9.3 alreadySpent=5.0 candidates=4
2026-03-20T18:24:11.823-04:00  INFO 2364 --- [http-nio-8080-exec-10] c.m.m.service.RouteBeautifierService     :       ~ skipped (over budget): Scottsboro Municipal Park (cost=12.0, would be 17.0/9.3)
2026-03-20T18:24:11.823-04:00  INFO 2364 --- [http-nio-8080-exec-10] c.m.m.service.RouteBeautifierService     :       ~ skipped (over budget): Mushroom Rock (cost=32.0, would be 37.0/9.3)
2026-03-20T18:24:11.823-04:00  INFO 2364 --- [http-nio-8080-exec-10] c.m.m.service.RouteBeautifierService     :       ~ skipped (over budget): WatsonFamilyCemetery (cost=11.0, would be 16.0/9.3)
2026-03-20T18:24:11.823-04:00  INFO 2364 --- [http-nio-8080-exec-10] c.m.m.service.RouteBeautifierService     :         Segment 3: consumed nothing — budget fully reclaimed
2026-03-20T18:24:11.823-04:00  INFO 2364 --- [http-nio-8080-exec-10] c.m.m.service.RouteBeautifierService     :       Radius 1 yielded nothing — expanding to radius 2
2026-03-20T18:24:11.823-04:00  INFO 2364 --- [http-nio-8080-exec-10] c.m.m.service.RouteBeautifierService     :         Segment 0: allocating 2.1 mins (budget now 9.3)
2026-03-20T18:24:11.823-04:00  INFO 2364 --- [http-nio-8080-exec-10] c.m.m.service.RouteBeautifierService     :     runSegmentSelection seg=0 budget=9.3 alreadySpent=7.0 candidates=10
2026-03-20T18:24:11.823-04:00  INFO 2364 --- [http-nio-8080-exec-10] c.m.m.service.RouteBeautifierService     :       ~ skipped (over budget): Fly Heli Atlanta (cost=9.0, would be 16.0/9.3)
2026-03-20T18:24:11.823-04:00  INFO 2364 --- [http-nio-8080-exec-10] c.m.m.service.RouteBeautifierService     :       ~ skipped (over budget): Silver Comet Linear Park (cost=10.0, would be 17.0/9.3)
2026-03-20T18:24:11.823-04:00  INFO 2364 --- [http-nio-8080-exec-10] c.m.m.service.RouteBeautifierService     :       ~ skipped (over budget): Powder Springs Park (cost=9.0, would be 16.0/9.3)
2026-03-20T18:24:11.823-04:00  INFO 2364 --- [http-nio-8080-exec-10] c.m.m.service.RouteBeautifierService     :       ~ skipped (over budget): Carter Road Silver Comet Trailhead (cost=9.0, would be 16.0/9.3)
2026-03-20T18:24:11.823-04:00  INFO 2364 --- [http-nio-8080-exec-10] c.m.m.service.RouteBeautifierService     :       ~ skipped (over budget): Sweetwater Park (cost=11.0, would be 18.0/9.3)
2026-03-20T18:24:11.823-04:00  INFO 2364 --- [http-nio-8080-exec-10] c.m.m.service.RouteBeautifierService     :       ~ skipped (over budget): Thurman Springs Park (cost=10.0, would be 17.0/9.3)
2026-03-20T18:24:11.823-04:00  INFO 2364 --- [http-nio-8080-exec-10] c.m.m.service.RouteBeautifierService     :       ~ skipped (over budget): Legion Field (cost=9.0, would be 16.0/9.3)
2026-03-20T18:24:11.823-04:00  INFO 2364 --- [http-nio-8080-exec-10] c.m.m.service.RouteBeautifierService     :       ~ skipped (over budget): Collar Park (cost=11.0, would be 18.0/9.3)
2026-03-20T18:24:11.823-04:00  INFO 2364 --- [http-nio-8080-exec-10] c.m.m.service.RouteBeautifierService     :       ~ skipped (over budget): Old Clarkdale Park (cost=7.0, would be 14.0/9.3)
2026-03-20T18:24:11.823-04:00  INFO 2364 --- [http-nio-8080-exec-10] c.m.m.service.RouteBeautifierService     :         Segment 0: consumed nothing — budget fully reclaimed
2026-03-20T18:24:11.823-04:00  INFO 2364 --- [http-nio-8080-exec-10] c.m.m.service.RouteBeautifierService     :         Segment 4: allocating 2.1 mins (budget now 20.3)
2026-03-20T18:24:11.823-04:00  INFO 2364 --- [http-nio-8080-exec-10] c.m.m.service.RouteBeautifierService     :     runSegmentSelection seg=4 budget=20.3 alreadySpent=18.1 candidates=9
2026-03-20T18:24:11.823-04:00  INFO 2364 --- [http-nio-8080-exec-10] c.m.m.service.RouteBeautifierService     :       ~ skipped (over budget): Jack Daniel Grave (cost=13.0, would be 31.1/20.3)
2026-03-20T18:24:11.823-04:00  INFO 2364 --- [http-nio-8080-exec-10] c.m.m.service.RouteBeautifierService     :       ~ skipped (over budget): Old Jail Museum (cost=9.0, would be 27.1/20.3)
2026-03-20T18:24:11.823-04:00  INFO 2364 --- [http-nio-8080-exec-10] c.m.m.service.RouteBeautifierService     :       ~ skipped (over budget): Daugherty Christmas Lights (cost=10.0, would be 28.1/20.3)
2026-03-20T18:24:11.823-04:00  INFO 2364 --- [http-nio-8080-exec-10] c.m.m.service.RouteBeautifierService     :       ~ skipped (over budget): Beechcraft Heritage Museum (cost=21.0, would be 39.1/20.3)
2026-03-20T18:24:11.824-04:00  INFO 2364 --- [http-nio-8080-exec-10] c.m.m.service.RouteBeautifierService     :       ~ skipped (over budget): Winchester TN City Pavillion (cost=10.0, would be 28.1/20.3)
2026-03-20T18:24:11.824-04:00  INFO 2364 --- [http-nio-8080-exec-10] c.m.m.service.RouteBeautifierService     :       ~ skipped (over budget): Rock Zoo (cost=23.0, would be 41.1/20.3)
2026-03-20T18:24:11.824-04:00  INFO 2364 --- [http-nio-8080-exec-10] c.m.m.service.RouteBeautifierService     :       ~ skipped (over budget): Tims Ford Dam, Elk River (cost=21.0, would be 39.1/20.3)
2026-03-20T18:24:11.824-04:00  INFO 2364 --- [http-nio-8080-exec-10] c.m.m.service.RouteBeautifierService     :       ~ skipped (over budget): Tim's Ford Lake Boat Ramp (cost=21.0, would be 39.1/20.3)
2026-03-20T18:24:11.824-04:00  INFO 2364 --- [http-nio-8080-exec-10] c.m.m.service.RouteBeautifierService     :         Segment 4: consumed nothing — budget fully reclaimed
2026-03-20T18:24:11.824-04:00  INFO 2364 --- [http-nio-8080-exec-10] c.m.m.service.RouteBeautifierService     :       Radius 2 yielded nothing — expanding to radius 3
2026-03-20T18:24:11.824-04:00  INFO 2364 --- [http-nio-8080-exec-10] c.m.m.service.RouteBeautifierService     :         Segment 5: allocating 2.1 mins (budget now 21.3)
2026-03-20T18:24:11.824-04:00  INFO 2364 --- [http-nio-8080-exec-10] c.m.m.service.RouteBeautifierService     :     runSegmentSelection seg=5 budget=21.3 alreadySpent=19.1 candidates=4
2026-03-20T18:24:11.824-04:00  INFO 2364 --- [http-nio-8080-exec-10] c.m.m.service.RouteBeautifierService     :       ~ skipped (over budget): Hoover Lights (cost=26.0, would be 45.1/21.3)
2026-03-20T18:24:11.824-04:00  INFO 2364 --- [http-nio-8080-exec-10] c.m.m.service.RouteBeautifierService     :       ~ skipped (over budget): Shelbyville Welcome Sign - South 231 (cost=11.0, would be 30.1/21.3)
2026-03-20T18:24:11.824-04:00  INFO 2364 --- [http-nio-8080-exec-10] c.m.m.service.RouteBeautifierService     :       ~ skipped (over budget): Eagleville Antique Tractor Show (cost=11.0, would be 30.1/21.3)
2026-03-20T18:24:11.824-04:00  INFO 2364 --- [http-nio-8080-exec-10] c.m.m.service.RouteBeautifierService     :         Segment 5: consumed nothing — budget fully reclaimed
2026-03-20T18:24:11.824-04:00  INFO 2364 --- [http-nio-8080-exec-10] c.m.m.service.RouteBeautifierService     :       Radius 3 yielded nothing — expanding to radius 4
2026-03-20T18:24:11.824-04:00  INFO 2364 --- [http-nio-8080-exec-10] c.m.m.service.RouteBeautifierService     :         Segment 6: allocating 2.1 mins (budget now 9.3)
2026-03-20T18:24:11.824-04:00  INFO 2364 --- [http-nio-8080-exec-10] c.m.m.service.RouteBeautifierService     :     runSegmentSelection seg=6 budget=9.3 alreadySpent=7.1 candidates=3
2026-03-20T18:24:11.824-04:00  INFO 2364 --- [http-nio-8080-exec-10] c.m.m.service.RouteBeautifierService     :       ~ skipped (over budget): Tennessee Agricultural Museum (cost=9.0, would be 16.1/9.3)
2026-03-20T18:24:11.824-04:00  INFO 2364 --- [http-nio-8080-exec-10] c.m.m.service.RouteBeautifierService     :       ~ skipped (over budget): Vanderbilt Dyer Observatory (cost=10.0, would be 17.1/9.3)
2026-03-20T18:24:11.824-04:00  INFO 2364 --- [http-nio-8080-exec-10] c.m.m.service.RouteBeautifierService     :       ~ skipped (over budget): CSX Moran Siding South end (cost=11.0, would be 18.1/9.3)
2026-03-20T18:24:11.824-04:00  INFO 2364 --- [http-nio-8080-exec-10] c.m.m.service.RouteBeautifierService     :         Segment 6: consumed nothing — budget fully reclaimed
2026-03-20T18:24:11.824-04:00  INFO 2364 --- [http-nio-8080-exec-10] c.m.m.service.RouteBeautifierService     :       Radius 4 yielded nothing — expanding to radius 5
2026-03-20T18:24:11.824-04:00  INFO 2364 --- [http-nio-8080-exec-10] c.m.m.service.RouteBeautifierService     :       Radius 5 yielded nothing — expanding to radius 6
2026-03-20T18:24:11.824-04:00  INFO 2364 --- [http-nio-8080-exec-10] c.m.m.service.RouteBeautifierService     :       Radius 6 yielded nothing — expanding to radius 7
2026-03-20T18:24:11.824-04:00  INFO 2364 --- [http-nio-8080-exec-10] c.m.m.service.RouteBeautifierService     :     Segment 2: no neighbors absorbed budget at any radius — marked as exhausted
2026-03-20T18:24:11.824-04:00  INFO 2364 --- [http-nio-8080-exec-10] c.m.m.service.RouteBeautifierService     :     Diffusing from segment 3 (2.1 mins unspent):
2026-03-20T18:24:11.824-04:00  INFO 2364 --- [http-nio-8080-exec-10] c.m.m.service.RouteBeautifierService     :         Segment 2: allocating 2.1 mins (budget now 17.3)
2026-03-20T18:24:11.824-04:00  INFO 2364 --- [http-nio-8080-exec-10] c.m.m.service.RouteBeautifierService     :     runSegmentSelection seg=2 budget=17.3 alreadySpent=13.0 candidates=6
2026-03-20T18:24:11.824-04:00  INFO 2364 --- [http-nio-8080-exec-10] c.m.m.service.RouteBeautifierService     :       ~ skipped (over budget): Alabama Fan Club And Museum (cost=10.0, would be 23.0/17.3)
2026-03-20T18:24:11.824-04:00  INFO 2364 --- [http-nio-8080-exec-10] c.m.m.service.RouteBeautifierService     :       ~ skipped (over budget): Cornwall Furnace Memorial Park (cost=12.0, would be 25.0/17.3)
2026-03-20T18:24:11.824-04:00  INFO 2364 --- [http-nio-8080-exec-10] c.m.m.service.RouteBeautifierService     :       ~ skipped (over budget): Welcome to Georgia sign (cost=17.0, would be 30.0/17.3)
2026-03-20T18:24:11.824-04:00  INFO 2364 --- [http-nio-8080-exec-10] c.m.m.service.RouteBeautifierService     :       ~ skipped (over budget): Chattokee Lodge (cost=11.0, would be 24.0/17.3)
2026-03-20T18:24:11.824-04:00  INFO 2364 --- [http-nio-8080-exec-10] c.m.m.service.RouteBeautifierService     :         Segment 2: consumed nothing — budget fully reclaimed
2026-03-20T18:24:11.824-04:00  INFO 2364 --- [http-nio-8080-exec-10] c.m.m.service.RouteBeautifierService     :         Segment 4: allocating 2.1 mins (budget now 20.3)
2026-03-20T18:24:11.824-04:00  INFO 2364 --- [http-nio-8080-exec-10] c.m.m.service.RouteBeautifierService     :     runSegmentSelection seg=4 budget=20.3 alreadySpent=18.1 candidates=9
2026-03-20T18:24:11.824-04:00  INFO 2364 --- [http-nio-8080-exec-10] c.m.m.service.RouteBeautifierService     :       ~ skipped (over budget): Jack Daniel Grave (cost=13.0, would be 31.1/20.3)
2026-03-20T18:24:11.824-04:00  INFO 2364 --- [http-nio-8080-exec-10] c.m.m.service.RouteBeautifierService     :       ~ skipped (over budget): Old Jail Museum (cost=9.0, would be 27.1/20.3)
2026-03-20T18:24:11.824-04:00  INFO 2364 --- [http-nio-8080-exec-10] c.m.m.service.RouteBeautifierService     :       ~ skipped (over budget): Daugherty Christmas Lights (cost=10.0, would be 28.1/20.3)
2026-03-20T18:24:11.824-04:00  INFO 2364 --- [http-nio-8080-exec-10] c.m.m.service.RouteBeautifierService     :       ~ skipped (over budget): Beechcraft Heritage Museum (cost=21.0, would be 39.1/20.3)
2026-03-20T18:24:11.825-04:00  INFO 2364 --- [http-nio-8080-exec-10] c.m.m.service.RouteBeautifierService     :       ~ skipped (over budget): Winchester TN City Pavillion (cost=10.0, would be 28.1/20.3)
2026-03-20T18:24:11.825-04:00  INFO 2364 --- [http-nio-8080-exec-10] c.m.m.service.RouteBeautifierService     :       ~ skipped (over budget): Rock Zoo (cost=23.0, would be 41.1/20.3)
2026-03-20T18:24:11.825-04:00  INFO 2364 --- [http-nio-8080-exec-10] c.m.m.service.RouteBeautifierService     :       ~ skipped (over budget): Tims Ford Dam, Elk River (cost=21.0, would be 39.1/20.3)
2026-03-20T18:24:11.825-04:00  INFO 2364 --- [http-nio-8080-exec-10] c.m.m.service.RouteBeautifierService     :       ~ skipped (over budget): Tim's Ford Lake Boat Ramp (cost=21.0, would be 39.1/20.3)
2026-03-20T18:24:11.825-04:00  INFO 2364 --- [http-nio-8080-exec-10] c.m.m.service.RouteBeautifierService     :         Segment 4: consumed nothing — budget fully reclaimed
2026-03-20T18:24:11.825-04:00  INFO 2364 --- [http-nio-8080-exec-10] c.m.m.service.RouteBeautifierService     :       Radius 1 yielded nothing — expanding to radius 2
2026-03-20T18:24:11.825-04:00  INFO 2364 --- [http-nio-8080-exec-10] c.m.m.service.RouteBeautifierService     :         Segment 1: allocating 2.1 mins (budget now 9.3)
2026-03-20T18:24:11.825-04:00  INFO 2364 --- [http-nio-8080-exec-10] c.m.m.service.RouteBeautifierService     :     runSegmentSelection seg=1 budget=9.3 alreadySpent=7.0 candidates=10
2026-03-20T18:24:11.825-04:00  INFO 2364 --- [http-nio-8080-exec-10] c.m.m.service.RouteBeautifierService     :       ~ skipped (over budget): Nathan Dean Park (cost=5.0, would be 12.0/9.3)
2026-03-20T18:24:11.825-04:00  INFO 2364 --- [http-nio-8080-exec-10] c.m.m.service.RouteBeautifierService     :       ~ skipped (over budget): Rockmart Slate House (cost=7.0, would be 14.0/9.3)
2026-03-20T18:24:11.825-04:00  INFO 2364 --- [http-nio-8080-exec-10] c.m.m.service.RouteBeautifierService     :       ~ skipped (over budget): Van Wert Trailhead - Silver Comet Trailhead (cost=9.0, would be 16.0/9.3)
2026-03-20T18:24:11.825-04:00  INFO 2364 --- [http-nio-8080-exec-10] c.m.m.service.RouteBeautifierService     :       ~ skipped (over budget): Coosa Park (cost=8.0, would be 15.0/9.3)
2026-03-20T18:24:11.825-04:00  INFO 2364 --- [http-nio-8080-exec-10] c.m.m.service.RouteBeautifierService     :       ~ skipped (over budget): Alto Park Softball Complex (cost=11.0, would be 18.0/9.3)
2026-03-20T18:24:11.825-04:00  INFO 2364 --- [http-nio-8080-exec-10] c.m.m.service.RouteBeautifierService     :       ~ skipped (over budget): Rockmart Memorial Park (cost=7.0, would be 14.0/9.3)
2026-03-20T18:24:11.825-04:00  INFO 2364 --- [http-nio-8080-exec-10] c.m.m.service.RouteBeautifierService     :       ~ skipped (over budget): Dallas Welcome Sign (cost=6.0, would be 13.0/9.3)
2026-03-20T18:24:11.825-04:00  INFO 2364 --- [http-nio-8080-exec-10] c.m.m.service.RouteBeautifierService     :       ~ skipped (over budget): Rockmart Plaza (cost=7.0, would be 14.0/9.3)
2026-03-20T18:24:11.825-04:00  INFO 2364 --- [http-nio-8080-exec-10] c.m.m.service.RouteBeautifierService     :       ~ skipped (over budget): Church Street Trailhead (cost=7.0, would be 14.0/9.3)
2026-03-20T18:24:11.825-04:00  INFO 2364 --- [http-nio-8080-exec-10] c.m.m.service.RouteBeautifierService     :         Segment 1: consumed nothing — budget fully reclaimed
2026-03-20T18:24:11.825-04:00  INFO 2364 --- [http-nio-8080-exec-10] c.m.m.service.RouteBeautifierService     :         Segment 5: allocating 2.1 mins (budget now 21.3)
2026-03-20T18:24:11.825-04:00  INFO 2364 --- [http-nio-8080-exec-10] c.m.m.service.RouteBeautifierService     :     runSegmentSelection seg=5 budget=21.3 alreadySpent=19.1 candidates=4
2026-03-20T18:24:11.825-04:00  INFO 2364 --- [http-nio-8080-exec-10] c.m.m.service.RouteBeautifierService     :       ~ skipped (over budget): Hoover Lights (cost=26.0, would be 45.1/21.3)
2026-03-20T18:24:11.825-04:00  INFO 2364 --- [http-nio-8080-exec-10] c.m.m.service.RouteBeautifierService     :       ~ skipped (over budget): Shelbyville Welcome Sign - South 231 (cost=11.0, would be 30.1/21.3)
2026-03-20T18:24:11.825-04:00  INFO 2364 --- [http-nio-8080-exec-10] c.m.m.service.RouteBeautifierService     :       ~ skipped (over budget): Eagleville Antique Tractor Show (cost=11.0, would be 30.1/21.3)
2026-03-20T18:24:11.825-04:00  INFO 2364 --- [http-nio-8080-exec-10] c.m.m.service.RouteBeautifierService     :         Segment 5: consumed nothing — budget fully reclaimed
2026-03-20T18:24:11.825-04:00  INFO 2364 --- [http-nio-8080-exec-10] c.m.m.service.RouteBeautifierService     :       Radius 2 yielded nothing — expanding to radius 3
2026-03-20T18:24:11.825-04:00  INFO 2364 --- [http-nio-8080-exec-10] c.m.m.service.RouteBeautifierService     :         Segment 0: allocating 2.1 mins (budget now 9.3)
2026-03-20T18:24:11.825-04:00  INFO 2364 --- [http-nio-8080-exec-10] c.m.m.service.RouteBeautifierService     :     runSegmentSelection seg=0 budget=9.3 alreadySpent=7.0 candidates=10
2026-03-20T18:24:11.825-04:00  INFO 2364 --- [http-nio-8080-exec-10] c.m.m.service.RouteBeautifierService     :       ~ skipped (over budget): Fly Heli Atlanta (cost=9.0, would be 16.0/9.3)
2026-03-20T18:24:11.825-04:00  INFO 2364 --- [http-nio-8080-exec-10] c.m.m.service.RouteBeautifierService     :       ~ skipped (over budget): Silver Comet Linear Park (cost=10.0, would be 17.0/9.3)
2026-03-20T18:24:11.825-04:00  INFO 2364 --- [http-nio-8080-exec-10] c.m.m.service.RouteBeautifierService     :       ~ skipped (over budget): Powder Springs Park (cost=9.0, would be 16.0/9.3)
2026-03-20T18:24:11.825-04:00  INFO 2364 --- [http-nio-8080-exec-10] c.m.m.service.RouteBeautifierService     :       ~ skipped (over budget): Carter Road Silver Comet Trailhead (cost=9.0, would be 16.0/9.3)
2026-03-20T18:24:11.825-04:00  INFO 2364 --- [http-nio-8080-exec-10] c.m.m.service.RouteBeautifierService     :       ~ skipped (over budget): Sweetwater Park (cost=11.0, would be 18.0/9.3)
2026-03-20T18:24:11.826-04:00  INFO 2364 --- [http-nio-8080-exec-10] c.m.m.service.RouteBeautifierService     :       ~ skipped (over budget): Thurman Springs Park (cost=10.0, would be 17.0/9.3)
2026-03-20T18:24:11.826-04:00  INFO 2364 --- [http-nio-8080-exec-10] c.m.m.service.RouteBeautifierService     :       ~ skipped (over budget): Legion Field (cost=9.0, would be 16.0/9.3)
2026-03-20T18:24:11.826-04:00  INFO 2364 --- [http-nio-8080-exec-10] c.m.m.service.RouteBeautifierService     :       ~ skipped (over budget): Collar Park (cost=11.0, would be 18.0/9.3)
2026-03-20T18:24:11.826-04:00  INFO 2364 --- [http-nio-8080-exec-10] c.m.m.service.RouteBeautifierService     :       ~ skipped (over budget): Old Clarkdale Park (cost=7.0, would be 14.0/9.3)
2026-03-20T18:24:11.826-04:00  INFO 2364 --- [http-nio-8080-exec-10] c.m.m.service.RouteBeautifierService     :         Segment 0: consumed nothing — budget fully reclaimed
2026-03-20T18:24:11.826-04:00  INFO 2364 --- [http-nio-8080-exec-10] c.m.m.service.RouteBeautifierService     :         Segment 6: allocating 2.1 mins (budget now 9.3)
2026-03-20T18:24:11.826-04:00  INFO 2364 --- [http-nio-8080-exec-10] c.m.m.service.RouteBeautifierService     :     runSegmentSelection seg=6 budget=9.3 alreadySpent=7.1 candidates=3
2026-03-20T18:24:11.826-04:00  INFO 2364 --- [http-nio-8080-exec-10] c.m.m.service.RouteBeautifierService     :       ~ skipped (over budget): Tennessee Agricultural Museum (cost=9.0, would be 16.1/9.3)
2026-03-20T18:24:11.826-04:00  INFO 2364 --- [http-nio-8080-exec-10] c.m.m.service.RouteBeautifierService     :       ~ skipped (over budget): Vanderbilt Dyer Observatory (cost=10.0, would be 17.1/9.3)
2026-03-20T18:24:11.826-04:00  INFO 2364 --- [http-nio-8080-exec-10] c.m.m.service.RouteBeautifierService     :       ~ skipped (over budget): CSX Moran Siding South end (cost=11.0, would be 18.1/9.3)
2026-03-20T18:24:11.826-04:00  INFO 2364 --- [http-nio-8080-exec-10] c.m.m.service.RouteBeautifierService     :         Segment 6: consumed nothing — budget fully reclaimed
2026-03-20T18:24:11.826-04:00  INFO 2364 --- [http-nio-8080-exec-10] c.m.m.service.RouteBeautifierService     :       Radius 3 yielded nothing — expanding to radius 4
2026-03-20T18:24:11.826-04:00  INFO 2364 --- [http-nio-8080-exec-10] c.m.m.service.RouteBeautifierService     :       Radius 4 yielded nothing — expanding to radius 5
2026-03-20T18:24:11.826-04:00  INFO 2364 --- [http-nio-8080-exec-10] c.m.m.service.RouteBeautifierService     :       Radius 5 yielded nothing — expanding to radius 6
2026-03-20T18:24:11.826-04:00  INFO 2364 --- [http-nio-8080-exec-10] c.m.m.service.RouteBeautifierService     :       Radius 6 yielded nothing — expanding to radius 7
2026-03-20T18:24:11.826-04:00  INFO 2364 --- [http-nio-8080-exec-10] c.m.m.service.RouteBeautifierService     :     Segment 3: no neighbors absorbed budget at any radius — marked as exhausted
2026-03-20T18:24:11.826-04:00  INFO 2364 --- [http-nio-8080-exec-10] c.m.m.service.RouteBeautifierService     :   Diffusion round 2:
2026-03-20T18:24:11.826-04:00  INFO 2364 --- [http-nio-8080-exec-10] c.m.m.service.RouteBeautifierService     :   No segments with unspent budget — diffusion complete
2026-03-20T18:24:11.826-04:00  INFO 2364 --- [http-nio-8080-exec-10] c.m.m.service.RouteBeautifierService     : === ESCALATED SELECTION COMPLETE ===
2026-03-20T18:24:11.826-04:00  INFO 2364 --- [http-nio-8080-exec-10] c.m.m.service.RouteBeautifierService     : Waypoints: 7 selected | Actual time cost: 55.0/50.0 mins (110%) | Diffusion added: 3
2026-03-20T18:24:11.826-04:00  INFO 2364 --- [http-nio-8080-exec-10] c.m.m.service.RouteBeautifierService     :   Segment 0: 1 waypoints, 7.0/7.1 mins spent
2026-03-20T18:24:11.826-04:00  INFO 2364 --- [http-nio-8080-exec-10] c.m.m.service.RouteBeautifierService     :   Segment 1: 1 waypoints, 7.0/7.1 mins spent
2026-03-20T18:24:11.826-04:00  INFO 2364 --- [http-nio-8080-exec-10] c.m.m.service.RouteBeautifierService     :   Segment 2: 2 waypoints, 13.0/15.1 mins spent
2026-03-20T18:24:11.826-04:00  INFO 2364 --- [http-nio-8080-exec-10] c.m.m.service.RouteBeautifierService     :   Segment 3: 1 waypoints, 5.0/7.1 mins spent
2026-03-20T18:24:11.826-04:00  INFO 2364 --- [http-nio-8080-exec-10] c.m.m.service.RouteBeautifierService     :   Segment 4: 1 waypoints, 18.1/18.1 mins spent
2026-03-20T18:24:11.827-04:00  INFO 2364 --- [http-nio-8080-exec-10] c.m.m.service.RouteBeautifierService     :   Segment 5: 1 waypoints, 19.1/19.1 mins spent
2026-03-20T18:24:11.827-04:00  INFO 2364 --- [http-nio-8080-exec-10] c.m.m.service.RouteBeautifierService     :   Segment 6: 0 waypoints, 7.1/7.1 mins spent
2026-03-20T18:24:11.827-04:00  INFO 2364 --- [http-nio-8080-exec-10] c.m.m.service.RouteBeautifierService     : Selected 7 waypoints from 57 candidates
2026-03-20T18:24:11.827-04:00  INFO 2364 --- [http-nio-8080-exec-10] c.m.m.service.RouteBeautifierService     : Waypoint: Clarkdale Park placeId=ChIJcf_pjyIj9YgRQOxFV4fm-Io
2026-03-20T18:24:11.827-04:00  INFO 2364 --- [http-nio-8080-exec-10] c.m.m.service.RouteBeautifierService     : Waypoint: Silver Comet Trailhead - Rockmart placeId=ChIJ44QCPRDJiogR55QdL5kzmog
2026-03-20T18:24:11.827-04:00  INFO 2364 --- [http-nio-8080-exec-10] c.m.m.service.RouteBeautifierService     : Waypoint: Welcome to Georgia Sign placeId=ChIJV-QQYe2FiogRMdhJPPRxUCU
2026-03-20T18:24:11.827-04:00  INFO 2364 --- [http-nio-8080-exec-10] c.m.m.service.RouteBeautifierService     : Waypoint: Fort Payne Walk of Fame placeId=ChIJcTzWxlPXYYgRIgoYinTTqYU
2026-03-20T18:24:11.827-04:00  INFO 2364 --- [http-nio-8080-exec-10] c.m.m.service.RouteBeautifierService     : Waypoint: Weathington Park placeId=ChIJ09tA3w7nYYgRL4IGML-IY7Y
2026-03-20T18:24:11.828-04:00  INFO 2364 --- [http-nio-8080-exec-10] c.m.m.service.RouteBeautifierService     : Waypoint: Jack Daniel's Distillery placeId=ChIJ_Y4nsqXQY4gRjK9wm1sNwYo
2026-03-20T18:24:11.828-04:00  INFO 2364 --- [http-nio-8080-exec-10] c.m.m.service.RouteBeautifierService     : Waypoint: Cedar Rock Hunting Preserve placeId=ChIJw94OFS7AY4gRC2YdZVb2lso
2026-03-20T18:24:12.049-04:00  INFO 2364 --- [http-nio-8080-exec-10] c.m.m.service.RouteBeautifierService     : Routing succeeded with 7 waypoints
2026-03-20T18:24:12.050-04:00  INFO 2364 --- [http-nio-8080-exec-10] c.m.m.service.RouteBeautifierService     : Routed with 7 waypoints (0 removed during self-healing)
