#
# There is insufficient memory for the Java Runtime Environment to continue.
# Native memory allocation (malloc) failed to allocate 4369688 bytes. Error detail: Chunk::new
# Possible reasons:
#   The system is out of physical RAM or swap space
#   This process is running with CompressedOops enabled, and the Java Heap may be blocking the growth of the native heap
# Possible solutions:
#   Reduce memory load on the system
#   Increase physical memory or swap space
#   Check if swap backing store is full
#   Decrease Java heap size (-Xmx/-Xms)
#   Decrease number of Java threads
#   Decrease Java thread stack sizes (-Xss)
#   Set larger code cache with -XX:ReservedCodeCacheSize=
#   JVM is running with Unscaled Compressed Oops mode in which the Java heap is
#     placed in the first 4GB address space. The Java Heap base address is the
#     maximum limit for the native heap growth. Please use -XX:HeapBaseMinAddress
#     to set the Java Heap base and to place the Java Heap above 4GB virtual address.
# This output file may be truncated or incomplete.
#
#  Out of Memory Error (arena.cpp:186), pid=31700, tid=29768
#
# JRE version: Java(TM) SE Runtime Environment (25.0.1+8) (build 25.0.1+8-LTS-27)
# Java VM: Java HotSpot(TM) 64-Bit Server VM (25.0.1+8-LTS-27, mixed mode, sharing, tiered, compressed oops, compressed class ptrs, g1 gc, windows-amd64)
# No core dump will be written. Minidumps are not enabled by default on client versions of Windows
#

---------------  S U M M A R Y ------------

Command Line: com.meandr.meandrDataServices.MeandrDataServices

Host: AMD Ryzen 5 3500U with Radeon Vega Mobile Gfx  , 8 cores, 5G,  Windows 11 , 64 bit Build 26100 (10.0.26100.7309)
Time: Mon Jan 12 19:26:17 2026 Eastern Standard Time elapsed time: 3.328986 seconds (0d 0h 0m 3s)

---------------  T H R E A D  ---------------

Current thread (0x00000208c643d860):  JavaThread "C2 CompilerThread0" daemon [_thread_in_native, id=29768, stack(0x0000008b19200000,0x0000008b19300000) (1024K)]


Current CompileTask:
C2:3329 1772       4       org.springframework.boot.context.config.ConfigDataEnvironmentContributor$ContributorIterator::fetchIfNecessary (153 bytes)

Stack: [0x0000008b19200000,0x0000008b19300000]
Native frames: (J=compiled Java code, j=interpreted, Vv=VM code, C=native code)
V  [jvm.dll+0x7a6b59]  (no source info available)
V  [jvm.dll+0x77290d]  (no source info available)
V  [jvm.dll+0x966153]  (no source info available)
V  [jvm.dll+0x968751]  (no source info available)
V  [jvm.dll+0x968e53]  (no source info available)
V  [jvm.dll+0x2fc756]  (no source info available)
V  [jvm.dll+0x111b26]  (no source info available)
V  [jvm.dll+0x111e4e]  (no source info available)
V  [jvm.dll+0x1a0a22]  (no source info available)
V  [jvm.dll+0x3b53c2]  (no source info available)
V  [jvm.dll+0x7ac4ef]  (no source info available)
V  [jvm.dll+0x2c0ac7]  (no source info available)
V  [jvm.dll+0x2bfa8f]  (no source info available)
V  [jvm.dll+0x237b60]  (no source info available)
V  [jvm.dll+0x2cfb56]  (no source info available)
V  [jvm.dll+0x2cddd5]  (no source info available)
V  [jvm.dll+0x48e6d1]  (no source info available)
V  [jvm.dll+0x906a0d]  (no source info available)
V  [jvm.dll+0x7a5135]  (no source info available)
C  [ucrtbase.dll+0x37b0]  (no source info available)
C  [KERNEL32.DLL+0x2e8d7]  (no source info available)
C  [ntdll.dll+0x8c53c]  (no source info available)

Lock stack of current Java thread (top to bottom):


---------------  P R O C E S S  ---------------

Threads class SMR info:
_java_thread_list=0x00000208cbc944e0, length=13, elements={
0x00000208a7e7fe50, 0x00000208c6438770, 0x00000208c64391d0, 0x00000208c643b020,
0x00000208c643e310, 0x00000208c643f000, 0x00000208c643c040, 0x00000208c643d860,
0x00000208c64610d0, 0x00000208c65118e0, 0x00000208c650e0a0, 0x00000208cb8f15d0,
0x00000208cd08b700
}

Java Threads: ( => current thread )
  0x00000208a7e7fe50 JavaThread "main"                              [_thread_in_native, id=23476, stack(0x0000008b18400000,0x0000008b18500000) (1024K)]
  0x00000208c6438770 JavaThread "Reference Handler"          daemon [_thread_blocked, id=10864, stack(0x0000008b18c00000,0x0000008b18d00000) (1024K)]
  0x00000208c64391d0 JavaThread "Finalizer"                  daemon [_thread_blocked, id=14780, stack(0x0000008b18d00000,0x0000008b18e00000) (1024K)]
  0x00000208c643b020 JavaThread "Signal Dispatcher"          daemon [_thread_blocked, id=25688, stack(0x0000008b18e00000,0x0000008b18f00000) (1024K)]
  0x00000208c643e310 JavaThread "Attach Listener"            daemon [_thread_blocked, id=1788, stack(0x0000008b18f00000,0x0000008b19000000) (1024K)]
  0x00000208c643f000 JavaThread "Service Thread"             daemon [_thread_blocked, id=23772, stack(0x0000008b19000000,0x0000008b19100000) (1024K)]
  0x00000208c643c040 JavaThread "Monitor Deflation Thread"   daemon [_thread_blocked, id=11844, stack(0x0000008b19100000,0x0000008b19200000) (1024K)]
=>0x00000208c643d860 JavaThread "C2 CompilerThread0"         daemon [_thread_in_native, id=29768, stack(0x0000008b19200000,0x0000008b19300000) (1024K)]
  0x00000208c64610d0 JavaThread "C1 CompilerThread0"         daemon [_thread_blocked, id=30780, stack(0x0000008b19300000,0x0000008b19400000) (1024K)]
  0x00000208c65118e0 JavaThread "Notification Thread"        daemon [_thread_blocked, id=3496, stack(0x0000008b19400000,0x0000008b19500000) (1024K)]
  0x00000208c650e0a0 JavaThread "Common-Cleaner"             daemon [_thread_blocked, id=30604, stack(0x0000008b19500000,0x0000008b19600000) (1024K)]
  0x00000208cb8f15d0 JavaThread "C2 CompilerThread1"         daemon [_thread_blocked, id=22572, stack(0x0000008b19600000,0x0000008b19700000) (1024K)]
  0x00000208cd08b700 JavaThread "C2 CompilerThread2"         daemon [_thread_blocked, id=11464, stack(0x0000008b19700000,0x0000008b19800000) (1024K)]
Total: 13

Other Threads:
  0x00000208c62e7b40 VMThread "VM Thread"                           [id=19956, stack(0x0000008b18b00000,0x0000008b18c00000) (1024K)]
  0x00000208c64152b0 WatcherThread "VM Periodic Task Thread"        [id=1576, stack(0x0000008b18a00000,0x0000008b18b00000) (1024K)]
  0x00000208aa132130 WorkerThread "GC Thread#0"                     [id=27868, stack(0x0000008b18500000,0x0000008b18600000) (1024K)]
  0x00000208aa145eb0 ConcurrentGCThread "G1 Main Marker"            [id=9840, stack(0x0000008b18600000,0x0000008b18700000) (1024K)]
  0x00000208aa1471f0 WorkerThread "G1 Conc#0"                       [id=7620, stack(0x0000008b18700000,0x0000008b18800000) (1024K)]
  0x00000208aa196370 ConcurrentGCThread "G1 Refine#0"               [id=428, stack(0x0000008b18800000,0x0000008b18900000) (1024K)]
  0x00000208aa196f80 ConcurrentGCThread "G1 Service"                [id=16936, stack(0x0000008b18900000,0x0000008b18a00000) (1024K)]
Total: 7

Threads with active compile tasks:
C2 CompilerThread0  5457 1772       4       org.springframework.boot.context.config.ConfigDataEnvironmentContributor$ContributorIterator::fetchIfNecessary (153 bytes)
Total: 1

VM state: not at safepoint (normal execution)

VM Mutex/Monitor currently owned by a thread: None

Heap address: 0x00000000a0c00000, size: 1524 MB, Compressed Oops mode: 32-bit

CDS archive(s) mapped at: [0x0000000039000000-0x0000000039dd0000-0x0000000039dd0000), size 14483456, SharedBaseAddress: 0x0000000039000000, ArchiveRelocationMode: 1.
Compressed class space mapped at: 0x000000003a000000-0x000000007a000000, reserved size: 1073741824
UseCompressedClassPointers 1, UseCompactObjectHeaders 0
Narrow klass pointer bits 32, Max shift 3
Narrow klass base: 0x0000000039000000, Narrow klass shift: 0
Encoding Range: [0x0000000039000000 - 0x0000000139000000), (4294967296 bytes)
Klass Range:    [0x0000000039010000 - 0x000000007a000000), (1090453504 bytes)
Klass ID Range:  [65536 - 1090519033) (1090453497)
Protection zone: [0x0000000039000000 - 0x0000000039010000), (65536 bytes)

GC Precious Log:
 CardTable entry size: 512
 Card Set container configuration: InlinePtr #cards 5 size 8 Array Of Cards #cards 10 size 36 Howl #buckets 4 coarsen threshold 1843 Howl Bitmap #cards 512 size 80 coarsen threshold 460 Card regions per heap region 1 cards per card region 2048
 CPUs: 8 total, 8 available
 Memory: 6091M
 Large Page Support: Disabled
 NUMA Support: Disabled
 Compressed Oops: Enabled (32-bit)
 Heap Region Size: 1M
 Heap Min Capacity: 8M
 Heap Initial Capacity: 96M
 Heap Max Capacity: 1524M
 Pre-touch: Disabled
 Parallel Workers: 8
 Concurrent Workers: 2
 Concurrent Refinement Workers: 8
 Periodic GC: Disabled

Heap:
 garbage-first heap   total reserved 1560576K, committed 100352K, used 33941K [0x00000000a0c00000, 0x0000000100000000)
  region size 1024K, 31 young (31744K), 0 survivors (0K)

Heap Regions: E=young(eden), S=young(survivor), O=old, HS=humongous(starts), HC=humongous(continues), CS=collection set, F=free, TAMS=top-at-mark-start, PB=parsable bottom
|   0|0x00000000a0c00000, 0x00000000a0d00000, 0x00000000a0d00000|100%|HS|  |TAMS 0x00000000a0c00000| PB 0x00000000a0c00000| Complete |  0
|   1|0x00000000a0d00000, 0x00000000a0e00000, 0x00000000a0e00000|100%|HS|  |TAMS 0x00000000a0d00000| PB 0x00000000a0d00000| Complete |  0
|   2|0x00000000a0e00000, 0x00000000a0e00000, 0x00000000a0f00000|  0%| F|  |TAMS 0x00000000a0e00000| PB 0x00000000a0e00000| Untracked |  0
|   3|0x00000000a0f00000, 0x00000000a0f00000, 0x00000000a1000000|  0%| F|  |TAMS 0x00000000a0f00000| PB 0x00000000a0f00000| Untracked |  0
|   4|0x00000000a1000000, 0x00000000a1000000, 0x00000000a1100000|  0%| F|  |TAMS 0x00000000a1000000| PB 0x00000000a1000000| Untracked |  0
|   5|0x00000000a1100000, 0x00000000a1100000, 0x00000000a1200000|  0%| F|  |TAMS 0x00000000a1100000| PB 0x00000000a1100000| Untracked |  0
|   6|0x00000000a1200000, 0x00000000a1200000, 0x00000000a1300000|  0%| F|  |TAMS 0x00000000a1200000| PB 0x00000000a1200000| Untracked |  0
|   7|0x00000000a1300000, 0x00000000a1300000, 0x00000000a1400000|  0%| F|  |TAMS 0x00000000a1300000| PB 0x00000000a1300000| Untracked |  0
|   8|0x00000000a1400000, 0x00000000a1400000, 0x00000000a1500000|  0%| F|  |TAMS 0x00000000a1400000| PB 0x00000000a1400000| Untracked |  0
|   9|0x00000000a1500000, 0x00000000a1500000, 0x00000000a1600000|  0%| F|  |TAMS 0x00000000a1500000| PB 0x00000000a1500000| Untracked |  0
|  10|0x00000000a1600000, 0x00000000a1600000, 0x00000000a1700000|  0%| F|  |TAMS 0x00000000a1600000| PB 0x00000000a1600000| Untracked |  0
|  11|0x00000000a1700000, 0x00000000a1700000, 0x00000000a1800000|  0%| F|  |TAMS 0x00000000a1700000| PB 0x00000000a1700000| Untracked |  0
|  12|0x00000000a1800000, 0x00000000a1800000, 0x00000000a1900000|  0%| F|  |TAMS 0x00000000a1800000| PB 0x00000000a1800000| Untracked |  0
|  13|0x00000000a1900000, 0x00000000a1900000, 0x00000000a1a00000|  0%| F|  |TAMS 0x00000000a1900000| PB 0x00000000a1900000| Untracked |  0
|  14|0x00000000a1a00000, 0x00000000a1a00000, 0x00000000a1b00000|  0%| F|  |TAMS 0x00000000a1a00000| PB 0x00000000a1a00000| Untracked |  0
|  15|0x00000000a1b00000, 0x00000000a1b00000, 0x00000000a1c00000|  0%| F|  |TAMS 0x00000000a1b00000| PB 0x00000000a1b00000| Untracked |  0
|  16|0x00000000a1c00000, 0x00000000a1c00000, 0x00000000a1d00000|  0%| F|  |TAMS 0x00000000a1c00000| PB 0x00000000a1c00000| Untracked |  0
|  17|0x00000000a1d00000, 0x00000000a1d00000, 0x00000000a1e00000|  0%| F|  |TAMS 0x00000000a1d00000| PB 0x00000000a1d00000| Untracked |  0
|  18|0x00000000a1e00000, 0x00000000a1e00000, 0x00000000a1f00000|  0%| F|  |TAMS 0x00000000a1e00000| PB 0x00000000a1e00000| Untracked |  0
|  19|0x00000000a1f00000, 0x00000000a1f00000, 0x00000000a2000000|  0%| F|  |TAMS 0x00000000a1f00000| PB 0x00000000a1f00000| Untracked |  0
|  20|0x00000000a2000000, 0x00000000a2000000, 0x00000000a2100000|  0%| F|  |TAMS 0x00000000a2000000| PB 0x00000000a2000000| Untracked |  0
|  21|0x00000000a2100000, 0x00000000a2100000, 0x00000000a2200000|  0%| F|  |TAMS 0x00000000a2100000| PB 0x00000000a2100000| Untracked |  0
|  22|0x00000000a2200000, 0x00000000a2200000, 0x00000000a2300000|  0%| F|  |TAMS 0x00000000a2200000| PB 0x00000000a2200000| Untracked |  0
|  23|0x00000000a2300000, 0x00000000a2300000, 0x00000000a2400000|  0%| F|  |TAMS 0x00000000a2300000| PB 0x00000000a2300000| Untracked |  0
|  24|0x00000000a2400000, 0x00000000a2400000, 0x00000000a2500000|  0%| F|  |TAMS 0x00000000a2400000| PB 0x00000000a2400000| Untracked |  0
|  25|0x00000000a2500000, 0x00000000a2500000, 0x00000000a2600000|  0%| F|  |TAMS 0x00000000a2500000| PB 0x00000000a2500000| Untracked |  0
|  26|0x00000000a2600000, 0x00000000a2600000, 0x00000000a2700000|  0%| F|  |TAMS 0x00000000a2600000| PB 0x00000000a2600000| Untracked |  0
|  27|0x00000000a2700000, 0x00000000a2700000, 0x00000000a2800000|  0%| F|  |TAMS 0x00000000a2700000| PB 0x00000000a2700000| Untracked |  0
|  28|0x00000000a2800000, 0x00000000a2800000, 0x00000000a2900000|  0%| F|  |TAMS 0x00000000a2800000| PB 0x00000000a2800000| Untracked |  0
|  29|0x00000000a2900000, 0x00000000a2900000, 0x00000000a2a00000|  0%| F|  |TAMS 0x00000000a2900000| PB 0x00000000a2900000| Untracked |  0
|  30|0x00000000a2a00000, 0x00000000a2a00000, 0x00000000a2b00000|  0%| F|  |TAMS 0x00000000a2a00000| PB 0x00000000a2a00000| Untracked |  0
|  31|0x00000000a2b00000, 0x00000000a2b00000, 0x00000000a2c00000|  0%| F|  |TAMS 0x00000000a2b00000| PB 0x00000000a2b00000| Untracked |  0
|  32|0x00000000a2c00000, 0x00000000a2c00000, 0x00000000a2d00000|  0%| F|  |TAMS 0x00000000a2c00000| PB 0x00000000a2c00000| Untracked |  0
|  33|0x00000000a2d00000, 0x00000000a2d00000, 0x00000000a2e00000|  0%| F|  |TAMS 0x00000000a2d00000| PB 0x00000000a2d00000| Untracked |  0
|  34|0x00000000a2e00000, 0x00000000a2e00000, 0x00000000a2f00000|  0%| F|  |TAMS 0x00000000a2e00000| PB 0x00000000a2e00000| Untracked |  0
|  35|0x00000000a2f00000, 0x00000000a2f00000, 0x00000000a3000000|  0%| F|  |TAMS 0x00000000a2f00000| PB 0x00000000a2f00000| Untracked |  0
|  36|0x00000000a3000000, 0x00000000a3000000, 0x00000000a3100000|  0%| F|  |TAMS 0x00000000a3000000| PB 0x00000000a3000000| Untracked |  0
|  37|0x00000000a3100000, 0x00000000a3100000, 0x00000000a3200000|  0%| F|  |TAMS 0x00000000a3100000| PB 0x00000000a3100000| Untracked |  0
|  38|0x00000000a3200000, 0x00000000a3200000, 0x00000000a3300000|  0%| F|  |TAMS 0x00000000a3200000| PB 0x00000000a3200000| Untracked |  0
|  39|0x00000000a3300000, 0x00000000a3300000, 0x00000000a3400000|  0%| F|  |TAMS 0x00000000a3300000| PB 0x00000000a3300000| Untracked |  0
|  40|0x00000000a3400000, 0x00000000a3400000, 0x00000000a3500000|  0%| F|  |TAMS 0x00000000a3400000| PB 0x00000000a3400000| Untracked |  0
|  41|0x00000000a3500000, 0x00000000a3500000, 0x00000000a3600000|  0%| F|  |TAMS 0x00000000a3500000| PB 0x00000000a3500000| Untracked |  0
|  42|0x00000000a3600000, 0x00000000a3600000, 0x00000000a3700000|  0%| F|  |TAMS 0x00000000a3600000| PB 0x00000000a3600000| Untracked |  0
|  43|0x00000000a3700000, 0x00000000a3700000, 0x00000000a3800000|  0%| F|  |TAMS 0x00000000a3700000| PB 0x00000000a3700000| Untracked |  0
|  44|0x00000000a3800000, 0x00000000a3800000, 0x00000000a3900000|  0%| F|  |TAMS 0x00000000a3800000| PB 0x00000000a3800000| Untracked |  0
|  45|0x00000000a3900000, 0x00000000a3900000, 0x00000000a3a00000|  0%| F|  |TAMS 0x00000000a3900000| PB 0x00000000a3900000| Untracked |  0
|  46|0x00000000a3a00000, 0x00000000a3a00000, 0x00000000a3b00000|  0%| F|  |TAMS 0x00000000a3a00000| PB 0x00000000a3a00000| Untracked |  0
|  47|0x00000000a3b00000, 0x00000000a3b00000, 0x00000000a3c00000|  0%| F|  |TAMS 0x00000000a3b00000| PB 0x00000000a3b00000| Untracked |  0
|  48|0x00000000a3c00000, 0x00000000a3c00000, 0x00000000a3d00000|  0%| F|  |TAMS 0x00000000a3c00000| PB 0x00000000a3c00000| Untracked |  0
|  49|0x00000000a3d00000, 0x00000000a3d00000, 0x00000000a3e00000|  0%| F|  |TAMS 0x00000000a3d00000| PB 0x00000000a3d00000| Untracked |  0
|  50|0x00000000a3e00000, 0x00000000a3e00000, 0x00000000a3f00000|  0%| F|  |TAMS 0x00000000a3e00000| PB 0x00000000a3e00000| Untracked |  0
|  51|0x00000000a3f00000, 0x00000000a3f00000, 0x00000000a4000000|  0%| F|  |TAMS 0x00000000a3f00000| PB 0x00000000a3f00000| Untracked |  0
|  52|0x00000000a4000000, 0x00000000a4000000, 0x00000000a4100000|  0%| F|  |TAMS 0x00000000a4000000| PB 0x00000000a4000000| Untracked |  0
|  53|0x00000000a4100000, 0x00000000a4100000, 0x00000000a4200000|  0%| F|  |TAMS 0x00000000a4100000| PB 0x00000000a4100000| Untracked |  0
|  54|0x00000000a4200000, 0x00000000a4200000, 0x00000000a4300000|  0%| F|  |TAMS 0x00000000a4200000| PB 0x00000000a4200000| Untracked |  0
|  55|0x00000000a4300000, 0x00000000a4300000, 0x00000000a4400000|  0%| F|  |TAMS 0x00000000a4300000| PB 0x00000000a4300000| Untracked |  0
|  56|0x00000000a4400000, 0x00000000a4400000, 0x00000000a4500000|  0%| F|  |TAMS 0x00000000a4400000| PB 0x00000000a4400000| Untracked |  0
|  57|0x00000000a4500000, 0x00000000a4500000, 0x00000000a4600000|  0%| F|  |TAMS 0x00000000a4500000| PB 0x00000000a4500000| Untracked |  0
|  58|0x00000000a4600000, 0x00000000a4600000, 0x00000000a4700000|  0%| F|  |TAMS 0x00000000a4600000| PB 0x00000000a4600000| Untracked |  0
|  59|0x00000000a4700000, 0x00000000a4700000, 0x00000000a4800000|  0%| F|  |TAMS 0x00000000a4700000| PB 0x00000000a4700000| Untracked |  0
|  60|0x00000000a4800000, 0x00000000a4800000, 0x00000000a4900000|  0%| F|  |TAMS 0x00000000a4800000| PB 0x00000000a4800000| Untracked |  0
|  61|0x00000000a4900000, 0x00000000a4900000, 0x00000000a4a00000|  0%| F|  |TAMS 0x00000000a4900000| PB 0x00000000a4900000| Untracked |  0
|  62|0x00000000a4a00000, 0x00000000a4a00000, 0x00000000a4b00000|  0%| F|  |TAMS 0x00000000a4a00000| PB 0x00000000a4a00000| Untracked |  0
|  63|0x00000000a4b00000, 0x00000000a4b00000, 0x00000000a4c00000|  0%| F|  |TAMS 0x00000000a4b00000| PB 0x00000000a4b00000| Untracked |  0
|  64|0x00000000a4c00000, 0x00000000a4c00000, 0x00000000a4d00000|  0%| F|  |TAMS 0x00000000a4c00000| PB 0x00000000a4c00000| Untracked |  0
|  65|0x00000000a4d00000, 0x00000000a4e00000, 0x00000000a4e00000|100%| E|  |TAMS 0x00000000a4d00000| PB 0x00000000a4d00000| Complete |  0
|  66|0x00000000a4e00000, 0x00000000a4f00000, 0x00000000a4f00000|100%| E|CS|TAMS 0x00000000a4e00000| PB 0x00000000a4e00000| Complete |  0
|  67|0x00000000a4f00000, 0x00000000a5000000, 0x00000000a5000000|100%| E|CS|TAMS 0x00000000a4f00000| PB 0x00000000a4f00000| Complete |  0
|  68|0x00000000a5000000, 0x00000000a5100000, 0x00000000a5100000|100%| E|CS|TAMS 0x00000000a5000000| PB 0x00000000a5000000| Complete |  0
|  69|0x00000000a5100000, 0x00000000a5200000, 0x00000000a5200000|100%| E|CS|TAMS 0x00000000a5100000| PB 0x00000000a5100000| Complete |  0
|  70|0x00000000a5200000, 0x00000000a5300000, 0x00000000a5300000|100%| E|CS|TAMS 0x00000000a5200000| PB 0x00000000a5200000| Complete |  0
|  71|0x00000000a5300000, 0x00000000a5400000, 0x00000000a5400000|100%| E|CS|TAMS 0x00000000a5300000| PB 0x00000000a5300000| Complete |  0
|  72|0x00000000a5400000, 0x00000000a5500000, 0x00000000a5500000|100%| E|CS|TAMS 0x00000000a5400000| PB 0x00000000a5400000| Complete |  0
|  73|0x00000000a5500000, 0x00000000a5600000, 0x00000000a5600000|100%| E|CS|TAMS 0x00000000a5500000| PB 0x00000000a5500000| Complete |  0
|  74|0x00000000a5600000, 0x00000000a5700000, 0x00000000a5700000|100%| E|CS|TAMS 0x00000000a5600000| PB 0x00000000a5600000| Complete |  0
|  75|0x00000000a5700000, 0x00000000a5800000, 0x00000000a5800000|100%| E|CS|TAMS 0x00000000a5700000| PB 0x00000000a5700000| Complete |  0
|  76|0x00000000a5800000, 0x00000000a5900000, 0x00000000a5900000|100%| E|CS|TAMS 0x00000000a5800000| PB 0x00000000a5800000| Complete |  0
|  77|0x00000000a5900000, 0x00000000a5a00000, 0x00000000a5a00000|100%| E|CS|TAMS 0x00000000a5900000| PB 0x00000000a5900000| Complete |  0
|  78|0x00000000a5a00000, 0x00000000a5b00000, 0x00000000a5b00000|100%| E|CS|TAMS 0x00000000a5a00000| PB 0x00000000a5a00000| Complete |  0
|  79|0x00000000a5b00000, 0x00000000a5c00000, 0x00000000a5c00000|100%| E|CS|TAMS 0x00000000a5b00000| PB 0x00000000a5b00000| Complete |  0
|  80|0x00000000a5c00000, 0x00000000a5d00000, 0x00000000a5d00000|100%| E|CS|TAMS 0x00000000a5c00000| PB 0x00000000a5c00000| Complete |  0
|  81|0x00000000a5d00000, 0x00000000a5e00000, 0x00000000a5e00000|100%| E|CS|TAMS 0x00000000a5d00000| PB 0x00000000a5d00000| Complete |  0
|  82|0x00000000a5e00000, 0x00000000a5f00000, 0x00000000a5f00000|100%| E|CS|TAMS 0x00000000a5e00000| PB 0x00000000a5e00000| Complete |  0
|  83|0x00000000a5f00000, 0x00000000a6000000, 0x00000000a6000000|100%| E|CS|TAMS 0x00000000a5f00000| PB 0x00000000a5f00000| Complete |  0
|  84|0x00000000a6000000, 0x00000000a6100000, 0x00000000a6100000|100%| E|CS|TAMS 0x00000000a6000000| PB 0x00000000a6000000| Complete |  0
|  85|0x00000000a6100000, 0x00000000a6200000, 0x00000000a6200000|100%| E|CS|TAMS 0x00000000a6100000| PB 0x00000000a6100000| Complete |  0
|  86|0x00000000a6200000, 0x00000000a6300000, 0x00000000a6300000|100%| E|CS|TAMS 0x00000000a6200000| PB 0x00000000a6200000| Complete |  0
|  87|0x00000000a6300000, 0x00000000a6400000, 0x00000000a6400000|100%| E|CS|TAMS 0x00000000a6300000| PB 0x00000000a6300000| Complete |  0
|  88|0x00000000a6400000, 0x00000000a6500000, 0x00000000a6500000|100%| E|CS|TAMS 0x00000000a6400000| PB 0x00000000a6400000| Complete |  0
|  89|0x00000000a6500000, 0x00000000a6600000, 0x00000000a6600000|100%| E|CS|TAMS 0x00000000a6500000| PB 0x00000000a6500000| Complete |  0
|  90|0x00000000a6600000, 0x00000000a6700000, 0x00000000a6700000|100%| E|CS|TAMS 0x00000000a6600000| PB 0x00000000a6600000| Complete |  0
|  91|0x00000000a6700000, 0x00000000a6800000, 0x00000000a6800000|100%| E|CS|TAMS 0x00000000a6700000| PB 0x00000000a6700000| Complete |  0
|  92|0x00000000a6800000, 0x00000000a6900000, 0x00000000a6900000|100%| E|CS|TAMS 0x00000000a6800000| PB 0x00000000a6800000| Complete |  0
|  93|0x00000000a6900000, 0x00000000a6a00000, 0x00000000a6a00000|100%| E|CS|TAMS 0x00000000a6900000| PB 0x00000000a6900000| Complete |  0
|  94|0x00000000a6a00000, 0x00000000a6b00000, 0x00000000a6b00000|100%| E|CS|TAMS 0x00000000a6a00000| PB 0x00000000a6a00000| Complete |  0
|  95|0x00000000a6b00000, 0x00000000a6c00000, 0x00000000a6c00000|100%| E|CS|TAMS 0x00000000a6b00000| PB 0x00000000a6b00000| Complete |  0
|1522|0x00000000ffe00000, 0x00000000fff00000, 0x00000000fff00000|100%| O|  |TAMS 0x00000000ffe00000| PB 0x00000000ffe00000| Untracked |  0
|1523|0x00000000fff00000, 0x00000000fff256a0, 0x0000000100000000| 14%| O|  |TAMS 0x00000000fff00000| PB 0x00000000fff00000| Untracked |  0

Card table byte_map: [0x00000208c1f90000,0x00000208c2290000] _byte_map_base: 0x00000208c1a8a000

Marking Bits: (CMBitMap*) 0x00000208aa1328c0
 Bits: [0x00000208c2290000, 0x00000208c3a60000)

Polling page: 0x00000208a7f80000

Metaspace:
Metaspace        used 7803K, committed 8064K, reserved 1114112K
 class space     used 786K, committed 896K, reserved 1048576K

Usage:
  Non-class:      6.85 MB used.
      Class:    786.70 KB used.
       Both:      7.62 MB used.

Virtual space:
  Non-class space:       64.00 MB reserved,       7.00 MB ( 11%) committed,  1 nodes.
      Class space:        1.00 GB reserved,     896.00 KB ( <1%) committed,  1 nodes.
             Both:        1.06 GB reserved,       7.88 MB ( <1%) committed. 

Chunk freelists:
   Non-Class:  7.91 MB
       Class:  15.14 MB
        Both:  23.05 MB

MaxMetaspaceSize: unlimited
CompressedClassSpaceSize: 1.00 GB
Initial GC threshold: 21.00 MB
Current GC threshold: 21.00 MB
CDS: on
 - commit_granule_bytes: 65536.
 - commit_granule_words: 8192.
 - virtual_space_node_default_size: 8388608.
 - enlarge_chunks_in_place: 1.
UseCompressedClassPointers 1, UseCompactObjectHeaders 0
Narrow klass pointer bits 32, Max shift 3
Narrow klass base: 0x0000000039000000, Narrow klass shift: 0
Encoding Range: [0x0000000039000000 - 0x0000000139000000), (4294967296 bytes)
Klass Range:    [0x0000000039010000 - 0x000000007a000000), (1090453504 bytes)
Klass ID Range:  [65536 - 1090519033) (1090453497)
Protection zone: [0x0000000039000000 - 0x0000000039010000), (65536 bytes)


Internal statistics:

num_allocs_failed_limit: 0.
num_arena_births: 150.
num_arena_deaths: 0.
num_vsnodes_births: 2.
num_vsnodes_deaths: 0.
num_space_committed: 126.
num_space_uncommitted: 0.
num_chunks_returned_to_freelist: 0.
num_chunks_taken_from_freelist: 415.
num_chunk_merges: 0.
num_chunk_splits: 248.
num_chunks_enlarged: 173.
num_inconsistent_stats: 0.

CodeHeap 'non-profiled nmethods': size=120064Kb used=458Kb max_used=458Kb free=119605Kb
 bounds [0x00000208ba420000, 0x00000208ba690000, 0x00000208c1960000]
CodeHeap 'profiled nmethods': size=120000Kb used=2880Kb max_used=2880Kb free=117119Kb
 bounds [0x00000208b2960000, 0x00000208b2c40000, 0x00000208b9e90000]
CodeHeap 'non-nmethods': size=5696Kb used=1359Kb max_used=1416Kb free=4336Kb
 bounds [0x00000208b9e90000, 0x00000208ba100000, 0x00000208ba420000]
CodeCache: size=245760Kb, used=4697Kb, max_used=4754Kb, free=241060Kb
 total_blobs=2430, nmethods=1954, adapters=378, full_count=0
Compilation: enabled, stopped_count=0, restarted_count=0

Compilation events (20 events):
Event: 2.311 Thread 0x00000208c64610d0 1850       3       java.lang.invoke.MethodHandles$Lookup::findBoundCallerLookup (30 bytes)
Event: 2.312 Thread 0x00000208c64610d0 nmethod 1850 0x00000208b2bfc308 code [0x00000208b2bfc400, 0x00000208b2bfcba8]
Event: 2.312 Thread 0x00000208c64610d0 1851       3       java.lang.invoke.MethodHandles$Lookup::getDirectMethod (14 bytes)
Event: 2.312 Thread 0x00000208c64610d0 nmethod 1851 0x00000208b2bfcc08 code [0x00000208b2bfcd00, 0x00000208b2bfce38]
Event: 2.312 Thread 0x00000208c64610d0 1852       3       java.lang.invoke.MethodHandles$Lookup::getDirectMethodCommon (289 bytes)
Event: 2.314 Thread 0x00000208c64610d0 nmethod 1852 0x00000208b2bfcf08 code [0x00000208b2bfd000, 0x00000208b2bfea78]
Event: 2.314 Thread 0x00000208c64610d0 1853       3       java.lang.invoke.MethodHandles$Lookup::checkMethod (87 bytes)
Event: 2.314 Thread 0x00000208c64610d0 nmethod 1853 0x00000208b2bfea88 code [0x00000208b2bfeb80, 0x00000208b2bff418]
Event: 2.314 Thread 0x00000208c64610d0 1854       3       java.lang.invoke.MethodHandles$Lookup::maybeBindCaller (72 bytes)
Event: 2.315 Thread 0x00000208c64610d0 nmethod 1854 0x00000208b2bff488 code [0x00000208b2bff580, 0x00000208b2bffe38]
Event: 2.315 Thread 0x00000208c64610d0 1843       3       java.lang.invoke.DirectMethodHandle::make (25 bytes)
Event: 2.315 Thread 0x00000208c64610d0 nmethod 1843 0x00000208b2bffe88 code [0x00000208b2bfff80, 0x00000208b2c003f0]
Event: 2.318 Thread 0x00000208c64610d0 1857       3       java.lang.invoke.MethodHandleStatics::dumper (4 bytes)
Event: 2.318 Thread 0x00000208c64610d0 nmethod 1857 0x00000208b2c00408 code [0x00000208b2c00500, 0x00000208b2c005f0]
Event: 3.318 Thread 0x00000208c64610d0 1858       3       java.lang.classfile.constantpool.ConstantPoolBuilder::of (8 bytes)
Event: 3.318 Thread 0x00000208c64610d0 nmethod 1858 0x00000208b2c00708 code [0x00000208b2c00800, 0x00000208b2c00988]
Event: 3.318 Thread 0x00000208c64610d0 1859       3       jdk.internal.classfile.impl.SplitConstantPool::<init> (54 bytes)
Event: 3.318 Thread 0x00000208c64610d0 nmethod 1859 0x00000208b2c00a08 code [0x00000208b2c00b00, 0x00000208b2c00ea0]
Event: 3.318 Thread 0x00000208c64610d0 1860       3       jdk.internal.classfile.impl.EntryMap::nextPowerOfTwo (10 bytes)
Event: 3.318 Thread 0x00000208c64610d0 nmethod 1860 0x00000208b2c00f08 code [0x00000208b2c01000, 0x00000208b2c01200]

GC Heap Usage History (0 events):
No events

Metaspace Usage History (0 events):
No events

Dll operation events (5 events):
Event: 0.022 Loaded shared library C:\Program Files\Java\jdk-25\bin\java.dll
Event: 0.168 Loaded shared library C:\Program Files\Java\jdk-25\bin\net.dll
Event: 0.171 Loaded shared library C:\Program Files\Java\jdk-25\bin\nio.dll
Event: 0.181 Loaded shared library C:\Program Files\Java\jdk-25\bin\zip.dll
Event: 0.262 Loaded shared library C:\Program Files\Java\jdk-25\bin\jimage.dll

Deoptimization events (20 events):
Event: 1.214 Thread 0x00000208a7e7fe50 Uncommon trap: trap_request=0xffffffde fr.pc=0x00000208ba4825f8 relative=0x00000000000000f8
Event: 1.214 Thread 0x00000208a7e7fe50 Uncommon trap: reason=class_check action=maybe_recompile pc=0x00000208ba4825f8 method=jdk.internal.misc.Unsafe.allocateUninitializedArray(Ljava/lang/Class;I)Ljava/lang/Object; @ 51 c2
Event: 1.214 Thread 0x00000208a7e7fe50 DEOPT PACKING pc=0x00000208ba4825f8 sp=0x0000008b184fd160
Event: 1.214 Thread 0x00000208a7e7fe50 DEOPT UNPACKING pc=0x00000208b9fae982 sp=0x0000008b184fd0d8 mode 2
Event: 1.215 Thread 0x00000208a7e7fe50 Uncommon trap: trap_request=0xffffffde fr.pc=0x00000208ba4825f8 relative=0x00000000000000f8
Event: 1.215 Thread 0x00000208a7e7fe50 Uncommon trap: reason=class_check action=maybe_recompile pc=0x00000208ba4825f8 method=jdk.internal.misc.Unsafe.allocateUninitializedArray(Ljava/lang/Class;I)Ljava/lang/Object; @ 51 c2
Event: 1.215 Thread 0x00000208a7e7fe50 DEOPT PACKING pc=0x00000208ba4825f8 sp=0x0000008b184fd000
Event: 1.215 Thread 0x00000208a7e7fe50 DEOPT UNPACKING pc=0x00000208b9fae982 sp=0x0000008b184fcf78 mode 2
Event: 2.294 Thread 0x00000208a7e7fe50 Uncommon trap: trap_request=0xffffffc6 fr.pc=0x00000208ba481724 relative=0x0000000000000324
Event: 2.294 Thread 0x00000208a7e7fe50 Uncommon trap: reason=bimorphic_or_optimized_type_check action=maybe_recompile pc=0x00000208ba481724 method=java.util.HashMap.getNode(Ljava/lang/Object;)Ljava/util/HashMap$Node; @ 63 c2
Event: 2.294 Thread 0x00000208a7e7fe50 DEOPT PACKING pc=0x00000208ba481724 sp=0x0000008b184fe9c0
Event: 2.294 Thread 0x00000208a7e7fe50 DEOPT UNPACKING pc=0x00000208b9fae982 sp=0x0000008b184fe928 mode 2
Event: 2.294 Thread 0x00000208a7e7fe50 Uncommon trap: trap_request=0xffffffc6 fr.pc=0x00000208ba481724 relative=0x0000000000000324
Event: 2.294 Thread 0x00000208a7e7fe50 Uncommon trap: reason=bimorphic_or_optimized_type_check action=maybe_recompile pc=0x00000208ba481724 method=java.util.HashMap.getNode(Ljava/lang/Object;)Ljava/util/HashMap$Node; @ 63 c2
Event: 2.294 Thread 0x00000208a7e7fe50 DEOPT PACKING pc=0x00000208ba481724 sp=0x0000008b184fe9c0
Event: 2.294 Thread 0x00000208a7e7fe50 DEOPT UNPACKING pc=0x00000208b9fae982 sp=0x0000008b184fe928 mode 2
Event: 2.305 Thread 0x00000208a7e7fe50 Uncommon trap: trap_request=0xffffffc6 fr.pc=0x00000208ba481724 relative=0x0000000000000324
Event: 2.305 Thread 0x00000208a7e7fe50 Uncommon trap: reason=bimorphic_or_optimized_type_check action=maybe_recompile pc=0x00000208ba481724 method=java.util.HashMap.getNode(Ljava/lang/Object;)Ljava/util/HashMap$Node; @ 63 c2
Event: 2.305 Thread 0x00000208a7e7fe50 DEOPT PACKING pc=0x00000208ba481724 sp=0x0000008b184fe9c0
Event: 2.305 Thread 0x00000208a7e7fe50 DEOPT UNPACKING pc=0x00000208b9fae982 sp=0x0000008b184fe928 mode 2

Classes loaded (20 events):
Event: 1.213 Loading class sun/reflect/generics/scope/ConstructorScope
Event: 1.213 Loading class sun/reflect/generics/scope/ConstructorScope done
Event: 1.213 Loading class sun/reflect/generics/repository/ConstructorRepository
Event: 1.213 Loading class sun/reflect/generics/repository/ConstructorRepository done
Event: 1.213 Loading class sun/reflect/generics/tree/VoidDescriptor
Event: 1.214 Loading class sun/reflect/generics/tree/VoidDescriptor done
Event: 1.214 Loading class sun/reflect/generics/tree/MethodTypeSignature
Event: 1.214 Loading class sun/reflect/generics/tree/MethodTypeSignature done
Event: 1.233 Loading class java/util/stream/StreamSpliterators$WrappingSpliterator
Event: 1.233 Loading class java/util/stream/StreamSpliterators$AbstractWrappingSpliterator
Event: 1.234 Loading class java/util/stream/StreamSpliterators$AbstractWrappingSpliterator done
Event: 1.234 Loading class java/util/stream/StreamSpliterators$WrappingSpliterator done
Event: 1.235 Loading class java/util/stream/StreamSpliterators
Event: 1.235 Loading class java/util/stream/StreamSpliterators done
Event: 2.254 Loading class java/util/LinkedList
Event: 2.255 Loading class java/util/AbstractSequentialList
Event: 2.255 Loading class java/util/AbstractSequentialList done
Event: 2.255 Loading class java/util/LinkedList done
Event: 2.255 Loading class java/util/TreeSet
Event: 2.255 Loading class java/util/TreeSet done

Classes unloaded (0 events):
No events

Classes redefined (0 events):
No events

Internal exceptions (20 events):
Event: 0.987 Thread 0x00000208a7e7fe50 Exception <a 'java/lang/NoSuchMethodError'{0x00000000a598bc00}: 'void java.lang.invoke.DirectMethodHandle$Holder.invokeStaticInit(java.lang.Object)'> (0x00000000a598bc00) 
thrown [s\open\src\hotspot\share\interpreter\linkResolver.cpp, line 804]
Event: 1.054 Thread 0x00000208a7e7fe50 Exception <a 'java/lang/NoSuchMethodError'{0x00000000a5765a40}: 'java.lang.Object java.lang.invoke.DirectMethodHandle$Holder.newInvokeSpecial(java.lang.Object, java.lang.Object, java.lang.Object, java.lang.Object, java.lang.Object, java.lang.Object, java.lang.Object)'> (0x00000000a5765a40) 
thrown [s\open\src\hotspot\share\interpreter\linkResolver.cpp, line 804]
Event: 1.058 Thread 0x00000208a7e7fe50 Exception <a 'java/lang/NoSuchMethodError'{0x00000000a5782f70}: 'void java.lang.invoke.DirectMethodHandle$Holder.invokeStatic(java.lang.Object, java.lang.Object)'> (0x00000000a5782f70) 
thrown [s\open\src\hotspot\share\interpreter\linkResolver.cpp, line 804]
Event: 1.059 Thread 0x00000208a7e7fe50 Exception <a 'java/lang/NoSuchMethodError'{0x00000000a578b868}: 'void java.lang.invoke.DirectMethodHandle$Holder.invokeStaticInit(java.lang.Object, java.lang.Object)'> (0x00000000a578b868) 
thrown [s\open\src\hotspot\share\interpreter\linkResolver.cpp, line 804]
Event: 1.064 Thread 0x00000208a7e7fe50 Exception <a 'java/lang/NoSuchMethodError'{0x00000000a57b6ed0}: 'void java.lang.invoke.DirectMethodHandle$Holder.invokeInterface(java.lang.Object, java.lang.Object)'> (0x00000000a57b6ed0) 
thrown [s\open\src\hotspot\share\interpreter\linkResolver.cpp, line 804]
Event: 1.075 Thread 0x00000208a7e7fe50 Exception <a 'java/lang/NoSuchMethodError'{0x00000000a57ef6b8}: 'int java.lang.invoke.DirectMethodHandle$Holder.invokeStatic(java.lang.Object, java.lang.Object, java.lang.Object, java.lang.Object)'> (0x00000000a57ef6b8) 
thrown [s\open\src\hotspot\share\interpreter\linkResolver.cpp, line 804]
Event: 1.084 Thread 0x00000208a7e7fe50 Exception <a 'java/lang/NoSuchMethodError'{0x00000000a5647540}: 'java.lang.Object java.lang.invoke.Invokers$Holder.invokeExact_MT(java.lang.Object, java.lang.Object, java.lang.Object, java.lang.Object, java.lang.Object)'> (0x00000000a5647540) 
thrown [s\open\src\hotspot\share\interpreter\linkResolver.cpp, line 804]
Event: 1.093 Thread 0x00000208a7e7fe50 Exception <a 'java/lang/NoSuchMethodError'{0x00000000a5688030}: 'java.lang.Object java.lang.invoke.DirectMethodHandle$Holder.invokeSpecial(java.lang.Object, java.lang.Object, java.lang.Object, java.lang.Object, java.lang.Object, java.lang.Object, int)'> (0x00000000a5688030) 
thrown [s\open\src\hotspot\share\interpreter\linkResolver.cpp, line 804]
Event: 1.094 Thread 0x00000208a7e7fe50 Exception <a 'java/lang/NoSuchMethodError'{0x00000000a569a118}: 'java.lang.Object java.lang.invoke.DirectMethodHandle$Holder.newInvokeSpecial(java.lang.Object, java.lang.Object, java.lang.Object, java.lang.Object, java.lang.Object, java.lang.Object, int)'> (0x00000000a569a118) 
thrown [s\open\src\hotspot\share\interpreter\linkResolver.cpp, line 804]
Event: 1.095 Thread 0x00000208a7e7fe50 Exception <a 'java/lang/NoSuchMethodError'{0x00000000a56a31d0}: 'java.lang.Object java.lang.invoke.DirectMethodHandle$Holder.invokeSpecial(java.lang.Object, java.lang.Object, java.lang.Object, java.lang.Object, java.lang.Object, java.lang.Object, java.lang.Object, int)'> (0x00000000a56a31d0) 
thrown [s\open\src\hotspot\share\interpreter\linkResolver.cpp, line 804]
Event: 1.155 Thread 0x00000208a7e7fe50 Exception <a 'java/lang/NoSuchMethodError'{0x00000000a5426580}: 'int java.lang.invoke.DirectMethodHandle$Holder.invokeInterface(java.lang.Object, java.lang.Object)'> (0x00000000a5426580) 
thrown [s\open\src\hotspot\share\interpreter\linkResolver.cpp, line 804]
Event: 1.167 Thread 0x00000208a7e7fe50 Exception <a 'java/lang/NoSuchMethodError'{0x00000000a547ceb8}: 'void java.lang.invoke.DirectMethodHandle$Holder.invokeSpecial(java.lang.Object, java.lang.Object, java.lang.Object, java.lang.Object, java.lang.Object)'> (0x00000000a547ceb8) 
thrown [s\open\src\hotspot\share\interpreter\linkResolver.cpp, line 804]
Event: 1.183 Thread 0x00000208a7e7fe50 Exception <a 'java/lang/NoSuchMethodError'{0x00000000a54c7448}: 'int java.lang.invoke.DirectMethodHandle$Holder.invokeVirtual(java.lang.Object, java.lang.Object)'> (0x00000000a54c7448) 
thrown [s\open\src\hotspot\share\interpreter\linkResolver.cpp, line 804]
Event: 1.225 Thread 0x00000208a7e7fe50 Exception <a 'java/lang/NoSuchMethodError'{0x00000000a53cee80}: 'java.lang.Object java.lang.invoke.DirectMethodHandle$Holder.newInvokeSpecial(java.lang.Object, java.lang.Object, java.lang.Object, int, java.lang.Object)'> (0x00000000a53cee80) 
thrown [s\open\src\hotspot\share\interpreter\linkResolver.cpp, line 804]
Event: 1.227 Thread 0x00000208a7e7fe50 Exception <a 'java/lang/NoSuchMethodError'{0x00000000a53df5c8}: 'java.lang.Object java.lang.invoke.Invokers$Holder.linkToTargetMethod(java.lang.Object, java.lang.Object, int, java.lang.Object, java.lang.Object)'> (0x00000000a53df5c8) 
thrown [s\open\src\hotspot\share\interpreter\linkResolver.cpp, line 804]
Event: 1.229 Thread 0x00000208a7e7fe50 Exception <a 'java/lang/NoSuchMethodError'{0x00000000a53fad78}: 'java.lang.Object java.lang.invoke.DirectMethodHandle$Holder.newInvokeSpecial(java.lang.Object, int, java.lang.Object)'> (0x00000000a53fad78) 
thrown [s\open\src\hotspot\share\interpreter\linkResolver.cpp, line 804]
Event: 1.230 Thread 0x00000208a7e7fe50 Exception <a 'java/lang/NoSuchMethodError'{0x00000000a52046d0}: 'int java.lang.invoke.DirectMethodHandle$Holder.invokeSpecialIFC(java.lang.Object, java.lang.Object, java.lang.Object, java.lang.Object)'> (0x00000000a52046d0) 
thrown [s\open\src\hotspot\share\interpreter\linkResolver.cpp, line 804]
Event: 2.273 Thread 0x00000208a7e7fe50 Exception <a 'java/lang/NoSuchMethodError'{0x00000000a514d4c0}: 'void java.lang.invoke.DirectMethodHandle$Holder.invokeInterface(java.lang.Object, java.lang.Object, java.lang.Object)'> (0x00000000a514d4c0) 
thrown [s\open\src\hotspot\share\interpreter\linkResolver.cpp, line 804]
Event: 2.287 Thread 0x00000208a7e7fe50 Exception <a 'java/lang/NoSuchMethodError'{0x00000000a51cd1a8}: 'void java.lang.invoke.DirectMethodHandle$Holder.invokeStatic(java.lang.Object, java.lang.Object, int)'> (0x00000000a51cd1a8) 
thrown [s\open\src\hotspot\share\interpreter\linkResolver.cpp, line 804]
Event: 2.318 Thread 0x00000208a7e7fe50 Exception <a 'java/lang/NoSuchMethodError'{0x00000000a5032c00}: 'void java.lang.invoke.DirectMethodHandle$Holder.invokeStaticInit(java.lang.Object, java.lang.Object, java.lang.Object)'> (0x00000000a5032c00) 
thrown [s\open\src\hotspot\share\interpreter\linkResolver.cpp, line 804]

VM Operations (12 events):
Event: 0.392 Executing non-safepoint VM operation: HandshakeAllThreads (Deoptimize)
Event: 0.392 Executing non-safepoint VM operation: HandshakeAllThreads (Deoptimize) done
Event: 0.402 Executing non-safepoint VM operation: HandshakeAllThreads (Deoptimize)
Event: 0.402 Executing non-safepoint VM operation: HandshakeAllThreads (Deoptimize) done
Event: 0.657 Executing non-safepoint VM operation: HandshakeAllThreads (Deoptimize)
Event: 0.657 Executing non-safepoint VM operation: HandshakeAllThreads (Deoptimize) done
Event: 0.828 Executing non-safepoint VM operation: HandshakeAllThreads (Deoptimize)
Event: 0.828 Executing non-safepoint VM operation: HandshakeAllThreads (Deoptimize) done
Event: 0.845 Executing non-safepoint VM operation: HandshakeAllThreads (Deoptimize)
Event: 0.845 Executing non-safepoint VM operation: HandshakeAllThreads (Deoptimize) done
Event: 2.257 Executing non-safepoint VM operation: HandshakeAllThreads (Deoptimize)
Event: 2.257 Executing non-safepoint VM operation: HandshakeAllThreads (Deoptimize) done

Memory protections (0 events):
No events

Nmethod flushes (0 events):
No events

Events (12 events):
Event: 0.060 Thread 0x00000208a7e7fe50 Thread added: 0x00000208a7e7fe50
Event: 0.078 Thread 0x00000208a7e7fe50 Thread added: 0x00000208c6438770
Event: 0.078 Thread 0x00000208a7e7fe50 Thread added: 0x00000208c64391d0
Event: 0.078 Thread 0x00000208a7e7fe50 Thread added: 0x00000208c643b020
Event: 0.078 Thread 0x00000208a7e7fe50 Thread added: 0x00000208c643e310
Event: 0.079 Thread 0x00000208a7e7fe50 Thread added: 0x00000208c643f000
Event: 0.079 Thread 0x00000208a7e7fe50 Thread added: 0x00000208c643c040
Event: 0.079 Thread 0x00000208a7e7fe50 Thread added: 0x00000208c643d860
Event: 0.079 Thread 0x00000208a7e7fe50 Thread added: 0x00000208c64610d0
Event: 0.150 Thread 0x00000208a7e7fe50 Thread added: 0x00000208c65118e0
Event: 0.156 Thread 0x00000208a7e7fe50 Thread added: 0x00000208c650e0a0
Event: 2.283 Thread 0x00000208c64610d0 Thread added: 0x00000208cb8f15d0


Dynamic libraries:
0x00007ff7d4ef0000 - 0x00007ff7d4f00000 	C:\Program Files\Java\jdk-25\bin\java.exe
0x00007fff500e0000 - 0x00007fff50347000 	C:\WINDOWS\SYSTEM32\ntdll.dll
0x00007fff4f3a0000 - 0x00007fff4f469000 	C:\WINDOWS\System32\KERNEL32.DLL
0x00007fff4d460000 - 0x00007fff4d84f000 	C:\WINDOWS\System32\KERNELBASE.dll
0x00007fff4d310000 - 0x00007fff4d45b000 	C:\WINDOWS\System32\ucrtbase.dll
0x00007fff16ab0000 - 0x00007fff16ace000 	C:\Program Files\Java\jdk-25\bin\VCRUNTIME140.dll
0x00007ffeeeac0000 - 0x00007ffeeead7000 	C:\Program Files\Java\jdk-25\bin\jli.dll
0x00007fff4f570000 - 0x00007fff4f735000 	C:\WINDOWS\System32\USER32.dll
0x00007fff3aea0000 - 0x00007fff3b133000 	C:\WINDOWS\WinSxS\amd64_microsoft.windows.common-controls_6595b64144ccf1df_6.0.26100.7309_none_3e05feeae336a044\COMCTL32.dll
0x00007fff4d2e0000 - 0x00007fff4d307000 	C:\WINDOWS\System32\win32u.dll
0x00007fff4e690000 - 0x00007fff4e739000 	C:\WINDOWS\System32\msvcrt.dll
0x00007fff4e220000 - 0x00007fff4e24b000 	C:\WINDOWS\System32\GDI32.dll
0x00007fff4dd50000 - 0x00007fff4de7c000 	C:\WINDOWS\System32\gdi32full.dll
0x00007fff4d230000 - 0x00007fff4d2d3000 	C:\WINDOWS\System32\msvcp_win.dll
0x00007fff4f530000 - 0x00007fff4f561000 	C:\WINDOWS\System32\IMM32.DLL
0x00007fff48800000 - 0x00007fff4880c000 	C:\Program Files\Java\jdk-25\bin\vcruntime140_1.dll
0x00007ffef97e0000 - 0x00007ffef986d000 	C:\Program Files\Java\jdk-25\bin\msvcp140.dll
0x00007ffe75660000 - 0x00007ffe764bf000 	C:\Program Files\Java\jdk-25\bin\server\jvm.dll
0x00007fff4f470000 - 0x00007fff4f524000 	C:\WINDOWS\System32\ADVAPI32.dll
0x00007fff4fff0000 - 0x00007fff50096000 	C:\WINDOWS\System32\sechost.dll
0x00007fff4de80000 - 0x00007fff4df98000 	C:\WINDOWS\System32\RPCRT4.dll
0x00007fff4dfa0000 - 0x00007fff4e014000 	C:\WINDOWS\System32\WS2_32.dll
0x00007fff4d090000 - 0x00007fff4d0ee000 	C:\WINDOWS\SYSTEM32\POWRPROF.dll
0x00007fff437a0000 - 0x00007fff437ab000 	C:\WINDOWS\SYSTEM32\VERSION.dll
0x00007fff3fd50000 - 0x00007fff3fd85000 	C:\WINDOWS\SYSTEM32\WINMM.dll
0x00007fff4d070000 - 0x00007fff4d084000 	C:\WINDOWS\SYSTEM32\UMPDC.dll
0x00007fff4bfe0000 - 0x00007fff4bffb000 	C:\WINDOWS\SYSTEM32\kernel.appcore.dll
0x00007fff487e0000 - 0x00007fff487ea000 	C:\Program Files\Java\jdk-25\bin\jimage.dll
0x00007fff46a80000 - 0x00007fff46cc2000 	C:\WINDOWS\SYSTEM32\DBGHELP.DLL
0x00007fff4f7c0000 - 0x00007fff4fb45000 	C:\WINDOWS\System32\combase.dll
0x00007fff4e390000 - 0x00007fff4e466000 	C:\WINDOWS\System32\OLEAUT32.dll
0x00007fff3ae60000 - 0x00007fff3ae9c000 	C:\WINDOWS\SYSTEM32\dbgcore.DLL
0x00007fff4d9b0000 - 0x00007fff4da55000 	C:\WINDOWS\System32\bcryptPrimitives.dll
0x00007fff16530000 - 0x00007fff1654f000 	C:\Program Files\Java\jdk-25\bin\java.dll
0x00007fff4f190000 - 0x00007fff4f327000 	C:\WINDOWS\System32\ole32.dll
0x00007fff4e740000 - 0x00007fff4ee93000 	C:\WINDOWS\System32\SHELL32.dll
0x00007fff4da60000 - 0x00007fff4dbca000 	C:\WINDOWS\System32\wintypes.dll
0x00007fff4ae70000 - 0x00007fff4b6ce000 	C:\WINDOWS\SYSTEM32\windows.storage.dll
0x00007fff4e120000 - 0x00007fff4e215000 	C:\WINDOWS\System32\SHCORE.dll
0x00007fff4f330000 - 0x00007fff4f396000 	C:\WINDOWS\System32\shlwapi.dll
0x00007fff4d150000 - 0x00007fff4d179000 	C:\WINDOWS\SYSTEM32\profapi.dll
0x00007ffefebf0000 - 0x00007ffefec02000 	C:\Program Files\Java\jdk-25\bin\net.dll
0x00007fff4c550000 - 0x00007fff4c5bb000 	C:\WINDOWS\system32\mswsock.dll
0x00007ffefd360000 - 0x00007ffefd376000 	C:\Program Files\Java\jdk-25\bin\nio.dll
0x00007ffefd000000 - 0x00007ffefd017000 	C:\Program Files\Java\jdk-25\bin\zip.dll

JVMTI agents: none

dbghelp: loaded successfully - version: 4.0.5 - missing functions: none
symbol engine: initialized successfully - sym options: 0x614 - pdb path: .;C:\Program Files\Java\jdk-25\bin;C:\WINDOWS\SYSTEM32;C:\WINDOWS\WinSxS\amd64_microsoft.windows.common-controls_6595b64144ccf1df_6.0.26100.7309_none_3e05feeae336a044;C:\Program Files\Java\jdk-25\bin\server

VM Arguments:
java_command: com.meandr.meandrDataServices.MeandrDataServices
java_class_path (initial): C:\Users\chuck\Documents\NetBeansProjects\meandrDataServices\target\classes;C:\Users\chuck\.m2\repository\com\mysql\mysql-connector-j\9.2.0\mysql-connector-j-9.2.0.jar;C:\Users\chuck\.m2\repository\org\springframework\boot\spring-boot-starter-web\3.5.0\spring-boot-starter-web-3.5.0.jar;C:\Users\chuck\.m2\repository\org\springframework\boot\spring-boot-starter\3.5.0\spring-boot-starter-3.5.0.jar;C:\Users\chuck\.m2\repository\org\springframework\boot\spring-boot\3.5.0\spring-boot-3.5.0.jar;C:\Users\chuck\.m2\repository\org\springframework\boot\spring-boot-autoconfigure\3.5.0\spring-boot-autoconfigure-3.5.0.jar;C:\Users\chuck\.m2\repository\org\springframework\boot\spring-boot-starter-logging\3.5.0\spring-boot-starter-logging-3.5.0.jar;C:\Users\chuck\.m2\repository\ch\qos\logback\logback-classic\1.5.18\logback-classic-1.5.18.jar;C:\Users\chuck\.m2\repository\ch\qos\logback\logback-core\1.5.18\logback-core-1.5.18.jar;C:\Users\chuck\.m2\repository\org\apache\logging\log4j\log4j-to-slf4j\2.24.3\log4j-to-slf4j-2.24.3.jar;C:\Users\chuck\.m2\repository\org\apache\logging\log4j\log4j-api\2.24.3\log4j-api-2.24.3.jar;C:\Users\chuck\.m2\repository\org\slf4j\jul-to-slf4j\2.0.17\jul-to-slf4j-2.0.17.jar;C:\Users\chuck\.m2\repository\jakarta\annotation\jakarta.annotation-api\2.1.1\jakarta.annotation-api-2.1.1.jar;C:\Users\chuck\.m2\repository\org\springframework\boot\spring-boot-starter-json\3.5.0\spring-boot-starter-json-3.5.0.jar;C:\Users\chuck\.m2\repository\com\fasterxml\jackson\core\jackson-databind\2.19.0\jackson-databind-2.19.0.jar;C:\Users\chuck\.m2\repository\com\fasterxml\jackson\core\jackson-annotations\2.19.0\jackson-annotations-2.19.0.jar;C:\Users\chuck\.m2\repository\com\fasterxml\jackson\core\jackson-core\2.19.0\jackson-core-2.19.0.jar;C:\Users\chuck\.m2\repository\com\fasterxml\jackson\datatype\jackson-datatype-jdk8\2.19.0\jackson-datatype-jdk8-2.19.0.jar;C:\Users\chuck\.m2\repository\com\fasterxml\jackson\datatype\jackson-datatype-jsr310\2.19.0\jackson-datatype-jsr310-2.19.0.jar;C:\Users\chuck\.m2\repository\com\fasterxml\jackson\module\jackson-module-parameter-names\2.19.0\jackson-module-parameter-names-2.19.0.jar;C:\Users\chuck\.m2\repository\org\springframework\boot\spring-boot-starter-tomcat\3.5.0\spring-boot-starter-tomcat-3.5.0.jar;C:\Users\chuck\.m2\repository\org\apache\tomcat\embed\tomcat-embed-core\10.1.41\tomcat-embed-core-10.1.41.jar;C:\Users\chuck\.m2\repository\org\apache\tomcat\embed\tomcat-embed-el\10.1.41\tomcat-embed-el-10.1.41.jar;C:\Users\chuck\.m2\repository\org\apache\tomcat\embed\tomcat-embed-websocket\10.1.41\tomcat-embed-websocket-10.1.41.jar;C:\Users\chuck\.m2\repository\org\springframework\spring-web\6.2.7\spring-web-6.2.7.jar;C:\Users\chuck\.m2\repository\org\springframework\spring-beans\6.2.7\spring-beans-6.2.7.jar;C:\Users\chuck\.m2\repository\io\micrometer\micrometer-observation\1.15.0\micrometer-observation-1.15.0.jar;C:\Users\chuck\.m2\repository\io\micrometer\micrometer-commons\1.15.0\micrometer-commons-1.15.0.jar;C:\Users\chuck\.m2\repository\org\springframework\spring-webmvc\6.2.7\spring-webmvc-6.2.7.jar;C:\Users\chuck\.m2\repository\org\springframework\spring-aop\6.2.7\spring-aop-6.2.7.jar;C:\Users\chuck\.m2\repository\org\springframework\spring-context\6.2.7\spring-context-6.2.7.jar;C:\Users\chuck\.m2\repository\org\springframework\spring-expression\6.2.7\spring-expression-6.2.7.jar;C:\Users\chuck\.m2\repository\org\slf4j\slf4j-api\2.0.17\slf4j-api-2.0.17.jar;C:\Users\chuck\.m2\repository\jakarta\xml\bind\jakarta.xml.bind-api\4.0.2\jakarta.xml.bind-api-4.0.2.jar;C:\Users\chuck\.m2\repository\jakarta\activation\jakarta.activation-api\2.1.3\jakarta.activation-api-2.1.3.jar;C:\Users\chuck\.m2\repository\net\bytebuddy\byte-buddy\1.17.5\byte-buddy-1.17.5.jar;C:\Users\chuck\.m2\repository\org\hamcrest\hamcrest\3.0\hamcrest-3.0.jar;C:\Users\chuck\.m2\repository\org\springframework\spring-core\6.2.7\spring-core-6.2.7.jar;C:\Users\chuck\.m2\repository\org\springframework\spring-jcl\6.2.7\spring-jcl-6.2.7.jar;C:\Users\chuck\.m2\repository\org\springframework\boot\spring-boot-starter-data-jpa\3.5.0\spring-boot-starter-data-jpa-3.5.0.jar;C:\Users\chuck\.m2\repository\org\springframework\boot\spring-boot-starter-jdbc\3.5.0\spring-boot-starter-jdbc-3.5.0.jar;C:\Users\chuck\.m2\repository\com\zaxxer\HikariCP\6.3.0\HikariCP-6.3.0.jar;C:\Users\chuck\.m2\repository\org\springframework\spring-jdbc\6.2.7\spring-jdbc-6.2.7.jar;C:\Users\chuck\.m2\repository\org\hibernate\orm\hibernate-core\6.6.15.Final\hibernate-core-6.6.15.Final.jar;C:\Users\chuck\.m2\repository\jakarta\persistence\jakarta.persistence-api\3.1.0\jakarta.persistence-api-3.1.0.jar;C:\Users\chuck\.m2\repository\jakarta\transaction\jakarta.transaction-api\2.0.1\jakarta.transaction-api-2.0.1.jar;C:\Users\chuck\.m2\repository\org\jboss\logging\jboss-logging\3.6.1.Final\jboss-logging-3.6.1.Final.jar;C:\Users\chuck\.m2\repository\org\hibernate\common\hibernate-commons-annotations\7.0.3.Final\hibernate-commons-annotations-7.0.3.Final.jar;C:\Users\chuck\.m2\repository\io\smallrye\jandex\3.2.0\jandex-3.2.0.jar;C:\Users\chuck\.m2\repository\com\fasterxml\classmate\1.7.0\classmate-1.7.0.jar;C:\Users\chuck\.m2\repository\org\glassfish\jaxb\jaxb-runtime\4.0.5\jaxb-runtime-4.0.5.jar;C:\Users\chuck\.m2\repository\org\glassfish\jaxb\jaxb-core\4.0.5\jaxb-core-4.0.5.jar;C:\Users\chuck\.m2\repository\org\eclipse\angus\angus-activation\2.0.2\angus-activation-2.0.2.jar;C:\Users\chuck\.m2\repository\org\glassfish\jaxb\txw2\4.0.5\txw2-4.0.5.jar;C:\Users\chuck\.m2\repository\com\sun\istack\istack-commons-runtime\4.1.2\istack-commons-runtime-4.1.2.jar;C:\Users\chuck\.m2\repository\jakarta\inject\jakarta.inject-api\2.0.1\jakarta.inject-api-2.0.1.jar;C:\Users\chuck\.m2\repository\org\antlr\antlr4-runtime\4.13.0\antlr4-runtime-4.13.0.jar;C:\Users\chuck\.m2\repository\org\springframework\data\spring-data-jpa\3.5.0\spring-data-jpa-3.5.0.jar;C:\Users\chuck\.m2\repository\org\springframework\data\spring-data-commons\3.5.0\spring-data-commons-3.5.0.jar;C:\Users\chuck\.m2\repository\org\springframework\spring-orm\6.2.7\spring-orm-6.2.7.jar;C:\Users\chuck\.m2\repository\org\springframework\spring-tx\6.2.7\spring-tx-6.2.7.jar;C:\Users\chuck\.m2\repository\org\springframework\spring-aspects\6.2.7\spring-aspects-6.2.7.jar;C:\Users\chuck\.m2\repository\org\aspectj\aspectjweaver\1.9.24\aspectjweaver-1.9.24.jar;C:\Users\chuck\.m2\repository\junit\junit\4.13.2\junit-4.13.2.jar;C:\Users\chuck\.m2\repository\org\hamcrest\hamcrest-core\3.0\hamcrest-core-3.0.jar;C:\Users\chuck\.m2\repository\org\yaml\snakeyaml\2.4\snakeyaml-2.4.jar
Launcher Type: SUN_STANDARD

[Global flags]
     intx CICompilerCount                          = 4                                         {product} {ergonomic}
     uint ConcGCThreads                            = 2                                         {product} {ergonomic}
     uint G1ConcRefinementThreads                  = 8                                         {product} {ergonomic}
   size_t G1HeapRegionSize                         = 1048576                                   {product} {ergonomic}
   size_t InitialHeapSize                          = 100663296                                 {product} {ergonomic}
   size_t MarkStackSize                            = 4194304                                   {product} {ergonomic}
   size_t MarkStackSizeMax                         = 536870912                                 {product} {ergonomic}
   size_t MaxHeapSize                              = 1598029824                                {product} {ergonomic}
   size_t MaxNewSize                               = 958398464                                 {product} {ergonomic}
   size_t MinHeapDeltaBytes                        = 1048576                                   {product} {ergonomic}
   size_t MinHeapSize                              = 8388608                                   {product} {ergonomic}
    uintx NonNMethodCodeHeapSize                   = 5832704                                {pd product} {ergonomic}
    uintx NonProfiledCodeHeapSize                  = 122945536                              {pd product} {ergonomic}
    uintx ProfiledCodeHeapSize                     = 122880000                              {pd product} {ergonomic}
    uintx ReservedCodeCacheSize                    = 251658240                              {pd product} {ergonomic}
     bool SegmentedCodeCache                       = true                                      {product} {ergonomic}
   size_t SoftMaxHeapSize                          = 1598029824                             {manageable} {ergonomic}
     bool UseCompressedOops                        = true                           {product lp64_product} {ergonomic}
     bool UseG1GC                                  = true                                      {product} {ergonomic}
     bool UseLargePagesIndividualAllocation        = false                                  {pd product} {ergonomic}

Logging:
Log output configuration:
 #0: stdout all=warning uptime,level,tags foldmultilines=false
 #1: stderr all=off uptime,level,tags foldmultilines=false

Release file:
IMPLEMENTOR="Oracle Corporation" 
JAVA_RUNTIME_VERSION="25.0.1+8-LTS-27" 
JAVA_VERSION="25.0.1" 
JAVA_VERSION_DATE="2025-10-21" 
LIBC="default" 
MODULES="java.base java.compiler java.datatransfer java.xml java.prefs java.desktop java.instrument java.logging java.management java.security.sasl java.naming java.rmi java.management.rmi java.net.http java.scripting java.security.jgss java.transaction.xa java.sql java.sql.rowset java.xml.crypto java.se java.smartcardio jdk.accessibility jdk.internal.jvmstat jdk.attach jdk.charsets jdk.internal.opt jdk.zipfs jdk.compiler jdk.crypto.cryptoki jdk.crypto.ec jdk.crypto.mscapi jdk.dynalink jdk.internal.ed jdk.editpad jdk.internal.vm.ci jdk.graal.compiler jdk.graal.compiler.management jdk.hotspot.agent jdk.httpserver jdk.incubator.vector jdk.internal.le jdk.internal.md jdk.jartool jdk.javadoc jdk.jcmd jdk.management jdk.management.agent jdk.jconsole jdk.jdeps jdk.jdwp.agent jdk.jdi jdk.jfr jdk.jlink jdk.jpackage jdk.jshell jdk.jsobject jdk.jstatd jdk.localedata jdk.management.jfr jdk.naming.dns jdk.naming.rmi jdk.net jdk.nio.mapmode jdk.sctp jdk.security.auth jdk.security.jgss jdk.unsupported jdk.unsupported.desktop jdk.xml.dom" 
OS_ARCH="x86_64" 
OS_NAME="Windows" 
SOURCE=".:git:862c85bc42b7 open:git:78770bfaefd2" 

Environment Variables:
JAVA_HOME=C:\Program Files\Java\jdk-21
PATH=C:\Program Files\Common Files\Oracle\Java\javapath;C:\WINDOWS\system32;C:\WINDOWS;C:\WINDOWS\System32\Wbem;C:\WINDOWS\System32\WindowsPowerShell\v1.0\;C:\WINDOWS\System32\OpenSSH\;C:\Program Files (x86)\Microsoft SQL Server\170\Tools\Binn\;C:\Program Files\Microsoft SQL Server\170\Tools\Binn\;C:\Program Files\Microsoft SQL Server\Client SDK\ODBC\180\Tools\Binn\;C:\Program Files\Microsoft SQL Server\170\DTS\Binn\;C:\Users\chuck\AppData\Local\Microsoft\WindowsApps;C:\Program Files\JetBrains\IntelliJ IDEA 2025.3.1.1\bin;C:\Users\chuck\AppData\Local\Programs\Microsoft VS Code\bin;C:\Users\chuck\Documents\meandr\sqljdbc_13.2\enu\auth\x64;C:\Users\chuck\Documents\meandr\sqljdbc_13.2\enu\auth\x86;C:\Users\chuck\Documents\meandr\sqljdbc_13.2\enu\xa\x64;C:\Users\chuck\Documents\meandr\sqljdbc_13.2\enu\xa\x86;
USERNAME=chuck
OS=Windows_NT
PROCESSOR_IDENTIFIER=AMD64 Family 23 Model 24 Stepping 1, AuthenticAMD
TMP=C:\Users\chuck\AppData\Local\Temp
TEMP=C:\Users\chuck\AppData\Local\Temp




Compilation memory statistics disabled.

Periodic native trim disabled

---------------  S Y S T E M  ---------------

OS:
 Windows 11 , 64 bit Build 26100 (10.0.26100.7309)
OS uptime: 33 days 19:39 hours

CPU: total 8 (initial active 8) (8 cores per cpu, 2 threads per core) family 23 model 24 stepping 1 microcode 0x8108109, cx8, cmov, fxsr, ht, mmx, 3dnowpref, sse, sse2, sse3, ssse3, sse4a, sse4.1, sse4.2, popcnt, lzcnt, tsc, tscinvbit, avx, avx2, aes, clmul, bmi1, bmi2, adx, sha, fma, vzeroupper, clflush, clflushopt, rdtscp, f16c
Processor Information for the first 8 processors :
  Max Mhz: 2100, Current Mhz: 2100, Mhz Limit: 2100

Memory: 4k page, system-wide physical 6091M (1951M free)
TotalPageFile size 24523M (AvailPageFile size 8M)
current process WorkingSet (physical memory assigned to process): 98M, peak: 98M
current process commit charge ("private bytes"): 203M, peak: 208M

vm_info: Java HotSpot(TM) 64-Bit Server VM (25.0.1+8-LTS-27) for windows-amd64 JRE (25.0.1+8-LTS-27), built on 2025-09-25T16:41:16Z with unknown MS VC++:1943

END.
