#
# There is insufficient memory for the Java Runtime Environment to continue.
# Native memory allocation (malloc) failed to allocate 7895704 bytes. Error detail: Chunk::new
# Possible reasons:
#   The system is out of physical RAM or swap space
#   This process is running with CompressedOops enabled, and the Java Heap may be blocking the growth of the native heap
# Possible solutions:
#   Reduce memory load on the system
#   Increase physical memory or swap space
#   Check if swap backing store is full
#   Decrease Java heap size (-Xmx/-Xms)
#   Decrease number of Java threads
#   Decrease Java thread stack sizes (-Xss)
#   Set larger code cache with -XX:ReservedCodeCacheSize=
#   JVM is running with Unscaled Compressed Oops mode in which the Java heap is
#     placed in the first 4GB address space. The Java Heap base address is the
#     maximum limit for the native heap growth. Please use -XX:HeapBaseMinAddress
#     to set the Java Heap base and to place the Java Heap above 4GB virtual address.
# This output file may be truncated or incomplete.
#
#  Out of Memory Error (arena.cpp:186), pid=16800, tid=6728
#
# JRE version: Java(TM) SE Runtime Environment (25.0.1+8) (build 25.0.1+8-LTS-27)
# Java VM: Java HotSpot(TM) 64-Bit Server VM (25.0.1+8-LTS-27, mixed mode, sharing, tiered, compressed oops, compressed class ptrs, g1 gc, windows-amd64)
# No core dump will be written. Minidumps are not enabled by default on client versions of Windows
#

---------------  S U M M A R Y ------------

Command Line: com.meandr.meandrDataServices.MeandrDataServices

Host: AMD Ryzen 5 3500U with Radeon Vega Mobile Gfx  , 8 cores, 5G,  Windows 11 , 64 bit Build 26100 (10.0.26100.7309)
Time: Mon Jan 12 19:29:12 2026 Eastern Standard Time elapsed time: 5.531738 seconds (0d 0h 0m 5s)

---------------  T H R E A D  ---------------

Current thread (0x000002bde7033c20):  JavaThread "C2 CompilerThread1" daemon [_thread_in_native, id=6728, stack(0x000000e76cb00000,0x000000e76cc00000) (1024K)]


Current CompileTask:
C2:5531 3175   !   4       java.net.URL::<init> (523 bytes)

Stack: [0x000000e76cb00000,0x000000e76cc00000]
Native frames: (J=compiled Java code, j=interpreted, Vv=VM code, C=native code)
V  [jvm.dll+0x7a6b59]  (no source info available)
V  [jvm.dll+0x77290d]  (no source info available)
V  [jvm.dll+0x966153]  (no source info available)
V  [jvm.dll+0x968751]  (no source info available)
V  [jvm.dll+0x968e53]  (no source info available)
V  [jvm.dll+0x2fc756]  (no source info available)
V  [jvm.dll+0x111b26]  (no source info available)
V  [jvm.dll+0x111e4e]  (no source info available)
V  [jvm.dll+0x1a0a22]  (no source info available)
V  [jvm.dll+0x3b53c2]  (no source info available)
V  [jvm.dll+0x7ac4ef]  (no source info available)
V  [jvm.dll+0x2c0ac7]  (no source info available)
V  [jvm.dll+0x2bfa8f]  (no source info available)
V  [jvm.dll+0x237b60]  (no source info available)
V  [jvm.dll+0x2cfb56]  (no source info available)
V  [jvm.dll+0x2cddd5]  (no source info available)
V  [jvm.dll+0x48e6d1]  (no source info available)
V  [jvm.dll+0x906a0d]  (no source info available)
V  [jvm.dll+0x7a5135]  (no source info available)
C  [ucrtbase.dll+0x37b0]  (no source info available)
C  [KERNEL32.DLL+0x2e8d7]  (no source info available)
C  [ntdll.dll+0x8c53c]  (no source info available)

Lock stack of current Java thread (top to bottom):


---------------  P R O C E S S  ---------------

Threads class SMR info:
_java_thread_list=0x000002bde8271770, length=12, elements={
0x000002bdc45aef00, 0x000002bde2d15a00, 0x000002bde2d16460, 0x000002bde2d1ac00,
0x000002bde2d1dba0, 0x000002bde2d226c0, 0x000002bde2d22fb0, 0x000002bde2d2bab0,
0x000002bde2d2c800, 0x000002bde703f750, 0x000002bde7045660, 0x000002bde7033c20
}

Java Threads: ( => current thread )
  0x000002bdc45aef00 JavaThread "main"                              [_thread_in_vm, id=4204, stack(0x000000e76b900000,0x000000e76ba00000) (1024K)]
  0x000002bde2d15a00 JavaThread "Reference Handler"          daemon [_thread_blocked, id=22032, stack(0x000000e76c100000,0x000000e76c200000) (1024K)]
  0x000002bde2d16460 JavaThread "Finalizer"                  daemon [_thread_blocked, id=15472, stack(0x000000e76c200000,0x000000e76c300000) (1024K)]
  0x000002bde2d1ac00 JavaThread "Signal Dispatcher"          daemon [_thread_blocked, id=11148, stack(0x000000e76c300000,0x000000e76c400000) (1024K)]
  0x000002bde2d1dba0 JavaThread "Attach Listener"            daemon [_thread_blocked, id=19208, stack(0x000000e76c400000,0x000000e76c500000) (1024K)]
  0x000002bde2d226c0 JavaThread "Service Thread"             daemon [_thread_blocked, id=12084, stack(0x000000e76c500000,0x000000e76c600000) (1024K)]
  0x000002bde2d22fb0 JavaThread "Monitor Deflation Thread"   daemon [_thread_blocked, id=5956, stack(0x000000e76c600000,0x000000e76c700000) (1024K)]
  0x000002bde2d2bab0 JavaThread "C2 CompilerThread0"         daemon [_thread_in_native, id=8184, stack(0x000000e76c700000,0x000000e76c800000) (1024K)]
  0x000002bde2d2c800 JavaThread "C1 CompilerThread0"         daemon [_thread_blocked, id=27324, stack(0x000000e76c800000,0x000000e76c900000) (1024K)]
  0x000002bde703f750 JavaThread "Notification Thread"        daemon [_thread_blocked, id=27760, stack(0x000000e76c900000,0x000000e76ca00000) (1024K)]
  0x000002bde7045660 JavaThread "Common-Cleaner"             daemon [_thread_blocked, id=21988, stack(0x000000e76ca00000,0x000000e76cb00000) (1024K)]
=>0x000002bde7033c20 JavaThread "C2 CompilerThread1"         daemon [_thread_in_native, id=6728, stack(0x000000e76cb00000,0x000000e76cc00000) (1024K)]
Total: 12

Other Threads:
  0x000002bde2d04b80 VMThread "VM Thread"                           [id=27864, stack(0x000000e76c000000,0x000000e76c100000) (1024K)]
  0x000002bde2cf6530 WatcherThread "VM Periodic Task Thread"        [id=2516, stack(0x000000e76bf00000,0x000000e76c000000) (1024K)]
  0x000002bdc6a12480 WorkerThread "GC Thread#0"                     [id=4400, stack(0x000000e76ba00000,0x000000e76bb00000) (1024K)]
  0x000002bde7e250d0 WorkerThread "GC Thread#1"                     [id=26952, stack(0x000000e76cd00000,0x000000e76ce00000) (1024K)]
  0x000002bde7e243e0 WorkerThread "GC Thread#2"                     [id=24716, stack(0x000000e76ce00000,0x000000e76cf00000) (1024K)]
  0x000002bde7e24830 WorkerThread "GC Thread#3"                     [id=8656, stack(0x000000e76cf00000,0x000000e76d000000) (1024K)]
  0x000002bde7e26ab0 WorkerThread "GC Thread#4"                     [id=6552, stack(0x000000e76d000000,0x000000e76d100000) (1024K)]
  0x000002bde7e27350 WorkerThread "GC Thread#5"                     [id=19388, stack(0x000000e76d100000,0x000000e76d200000) (1024K)]
  0x000002bde9586c00 WorkerThread "GC Thread#6"                     [id=24088, stack(0x000000e76cc00000,0x000000e76cd00000) (1024K)]
  0x000002bde9589720 WorkerThread "GC Thread#7"                     [id=16096, stack(0x000000e76d200000,0x000000e76d300000) (1024K)]
  0x000002bdc6a25310 ConcurrentGCThread "G1 Main Marker"            [id=22104, stack(0x000000e76bb00000,0x000000e76bc00000) (1024K)]
  0x000002bdc6a26da0 WorkerThread "G1 Conc#0"                       [id=25320, stack(0x000000e76bc00000,0x000000e76bd00000) (1024K)]
  0x000002bdc6a758f0 ConcurrentGCThread "G1 Refine#0"               [id=30736, stack(0x000000e76bd00000,0x000000e76be00000) (1024K)]
  0x000002bdc6a78510 ConcurrentGCThread "G1 Service"                [id=8816, stack(0x000000e76be00000,0x000000e76bf00000) (1024K)]
Total: 14

Threads with active compile tasks:
C2 CompilerThread0  6733 3174       4       java.lang.invoke.MethodType::methodType (69 bytes)
C2 CompilerThread1  6733 3175   !   4       java.net.URL::<init> (523 bytes)
Total: 2

VM state: not at safepoint (normal execution)

VM Mutex/Monitor currently owned by a thread: None

Heap address: 0x00000000a0c00000, size: 1524 MB, Compressed Oops mode: 32-bit

CDS archive(s) mapped at: [0x0000000013000000-0x0000000013dd0000-0x0000000013dd0000), size 14483456, SharedBaseAddress: 0x0000000013000000, ArchiveRelocationMode: 1.
Compressed class space mapped at: 0x0000000014000000-0x0000000054000000, reserved size: 1073741824
UseCompressedClassPointers 1, UseCompactObjectHeaders 0
Narrow klass pointer bits 32, Max shift 3
Narrow klass base: 0x0000000013000000, Narrow klass shift: 0
Encoding Range: [0x0000000013000000 - 0x0000000113000000), (4294967296 bytes)
Klass Range:    [0x0000000013010000 - 0x0000000054000000), (1090453504 bytes)
Klass ID Range:  [65536 - 1090519033) (1090453497)
Protection zone: [0x0000000013000000 - 0x0000000013010000), (65536 bytes)

GC Precious Log:
 CardTable entry size: 512
 Card Set container configuration: InlinePtr #cards 5 size 8 Array Of Cards #cards 10 size 36 Howl #buckets 4 coarsen threshold 1843 Howl Bitmap #cards 512 size 80 coarsen threshold 460 Card regions per heap region 1 cards per card region 2048
 CPUs: 8 total, 8 available
 Memory: 6091M
 Large Page Support: Disabled
 NUMA Support: Disabled
 Compressed Oops: Enabled (32-bit)
 Heap Region Size: 1M
 Heap Min Capacity: 8M
 Heap Initial Capacity: 96M
 Heap Max Capacity: 1524M
 Pre-touch: Disabled
 Parallel Workers: 8
 Concurrent Workers: 2
 Concurrent Refinement Workers: 8
 Periodic GC: Disabled

Heap:
 garbage-first heap   total reserved 1560576K, committed 100352K, used 14693K [0x00000000a0c00000, 0x0000000100000000)
  region size 1024K, 6 young (6144K), 5 survivors (5120K)

Heap Regions: E=young(eden), S=young(survivor), O=old, HS=humongous(starts), HC=humongous(continues), CS=collection set, F=free, TAMS=top-at-mark-start, PB=parsable bottom
|   0|0x00000000a0c00000, 0x00000000a0d00000, 0x00000000a0d00000|100%|HS|  |TAMS 0x00000000a0c00000| PB 0x00000000a0c00000| Complete |  0
|   1|0x00000000a0d00000, 0x00000000a0e00000, 0x00000000a0e00000|100%|HS|  |TAMS 0x00000000a0d00000| PB 0x00000000a0d00000| Complete |  0
|   2|0x00000000a0e00000, 0x00000000a0f00000, 0x00000000a0f00000|100%| O|  |TAMS 0x00000000a0e00000| PB 0x00000000a0e00000| Untracked |  0
|   3|0x00000000a0f00000, 0x00000000a1000000, 0x00000000a1000000|100%| O|  |TAMS 0x00000000a0f00000| PB 0x00000000a0f00000| Untracked |  0
|   4|0x00000000a1000000, 0x00000000a1100000, 0x00000000a1100000|100%| O|  |TAMS 0x00000000a1000000| PB 0x00000000a1000000| Untracked |  0
|   5|0x00000000a1100000, 0x00000000a1200000, 0x00000000a1200000|100%| O|  |TAMS 0x00000000a1100000| PB 0x00000000a1100000| Untracked |  0
|   6|0x00000000a1200000, 0x00000000a1300000, 0x00000000a1300000|100%| O|  |TAMS 0x00000000a1200000| PB 0x00000000a1200000| Untracked |  0
|   7|0x00000000a1300000, 0x00000000a1400000, 0x00000000a1400000|100%| O|  |TAMS 0x00000000a1300000| PB 0x00000000a1300000| Untracked |  0
|   8|0x00000000a1400000, 0x00000000a14e2a30, 0x00000000a1500000| 88%| O|  |TAMS 0x00000000a1400000| PB 0x00000000a1400000| Untracked |  0
|   9|0x00000000a1500000, 0x00000000a1500000, 0x00000000a1600000|  0%| F|  |TAMS 0x00000000a1500000| PB 0x00000000a1500000| Untracked |  0
|  10|0x00000000a1600000, 0x00000000a1600000, 0x00000000a1700000|  0%| F|  |TAMS 0x00000000a1600000| PB 0x00000000a1600000| Untracked |  0
|  11|0x00000000a1700000, 0x00000000a1700000, 0x00000000a1800000|  0%| F|  |TAMS 0x00000000a1700000| PB 0x00000000a1700000| Untracked |  0
|  12|0x00000000a1800000, 0x00000000a1800000, 0x00000000a1900000|  0%| F|  |TAMS 0x00000000a1800000| PB 0x00000000a1800000| Untracked |  0
|  13|0x00000000a1900000, 0x00000000a1900000, 0x00000000a1a00000|  0%| F|  |TAMS 0x00000000a1900000| PB 0x00000000a1900000| Untracked |  0
|  14|0x00000000a1a00000, 0x00000000a1a00000, 0x00000000a1b00000|  0%| F|  |TAMS 0x00000000a1a00000| PB 0x00000000a1a00000| Untracked |  0
|  15|0x00000000a1b00000, 0x00000000a1b00000, 0x00000000a1c00000|  0%| F|  |TAMS 0x00000000a1b00000| PB 0x00000000a1b00000| Untracked |  0
|  16|0x00000000a1c00000, 0x00000000a1c00000, 0x00000000a1d00000|  0%| F|  |TAMS 0x00000000a1c00000| PB 0x00000000a1c00000| Untracked |  0
|  17|0x00000000a1d00000, 0x00000000a1d00000, 0x00000000a1e00000|  0%| F|  |TAMS 0x00000000a1d00000| PB 0x00000000a1d00000| Untracked |  0
|  18|0x00000000a1e00000, 0x00000000a1e00000, 0x00000000a1f00000|  0%| F|  |TAMS 0x00000000a1e00000| PB 0x00000000a1e00000| Untracked |  0
|  19|0x00000000a1f00000, 0x00000000a1f00000, 0x00000000a2000000|  0%| F|  |TAMS 0x00000000a1f00000| PB 0x00000000a1f00000| Untracked |  0
|  20|0x00000000a2000000, 0x00000000a2000000, 0x00000000a2100000|  0%| F|  |TAMS 0x00000000a2000000| PB 0x00000000a2000000| Untracked |  0
|  21|0x00000000a2100000, 0x00000000a2100000, 0x00000000a2200000|  0%| F|  |TAMS 0x00000000a2100000| PB 0x00000000a2100000| Untracked |  0
|  22|0x00000000a2200000, 0x00000000a2200000, 0x00000000a2300000|  0%| F|  |TAMS 0x00000000a2200000| PB 0x00000000a2200000| Untracked |  0
|  23|0x00000000a2300000, 0x00000000a2300000, 0x00000000a2400000|  0%| F|  |TAMS 0x00000000a2300000| PB 0x00000000a2300000| Untracked |  0
|  24|0x00000000a2400000, 0x00000000a2400000, 0x00000000a2500000|  0%| F|  |TAMS 0x00000000a2400000| PB 0x00000000a2400000| Untracked |  0
|  25|0x00000000a2500000, 0x00000000a2500000, 0x00000000a2600000|  0%| F|  |TAMS 0x00000000a2500000| PB 0x00000000a2500000| Untracked |  0
|  26|0x00000000a2600000, 0x00000000a2600000, 0x00000000a2700000|  0%| F|  |TAMS 0x00000000a2600000| PB 0x00000000a2600000| Untracked |  0
|  27|0x00000000a2700000, 0x00000000a2700000, 0x00000000a2800000|  0%| F|  |TAMS 0x00000000a2700000| PB 0x00000000a2700000| Untracked |  0
|  28|0x00000000a2800000, 0x00000000a2800000, 0x00000000a2900000|  0%| F|  |TAMS 0x00000000a2800000| PB 0x00000000a2800000| Untracked |  0
|  29|0x00000000a2900000, 0x00000000a2900000, 0x00000000a2a00000|  0%| F|  |TAMS 0x00000000a2900000| PB 0x00000000a2900000| Untracked |  0
|  30|0x00000000a2a00000, 0x00000000a2a00000, 0x00000000a2b00000|  0%| F|  |TAMS 0x00000000a2a00000| PB 0x00000000a2a00000| Untracked |  0
|  31|0x00000000a2b00000, 0x00000000a2b00000, 0x00000000a2c00000|  0%| F|  |TAMS 0x00000000a2b00000| PB 0x00000000a2b00000| Untracked |  0
|  32|0x00000000a2c00000, 0x00000000a2c00000, 0x00000000a2d00000|  0%| F|  |TAMS 0x00000000a2c00000| PB 0x00000000a2c00000| Untracked |  0
|  33|0x00000000a2d00000, 0x00000000a2d00000, 0x00000000a2e00000|  0%| F|  |TAMS 0x00000000a2d00000| PB 0x00000000a2d00000| Untracked |  0
|  34|0x00000000a2e00000, 0x00000000a2e00000, 0x00000000a2f00000|  0%| F|  |TAMS 0x00000000a2e00000| PB 0x00000000a2e00000| Untracked |  0
|  35|0x00000000a2f00000, 0x00000000a2f00000, 0x00000000a3000000|  0%| F|  |TAMS 0x00000000a2f00000| PB 0x00000000a2f00000| Untracked |  0
|  36|0x00000000a3000000, 0x00000000a3000000, 0x00000000a3100000|  0%| F|  |TAMS 0x00000000a3000000| PB 0x00000000a3000000| Untracked |  0
|  37|0x00000000a3100000, 0x00000000a3100000, 0x00000000a3200000|  0%| F|  |TAMS 0x00000000a3100000| PB 0x00000000a3100000| Untracked |  0
|  38|0x00000000a3200000, 0x00000000a3200000, 0x00000000a3300000|  0%| F|  |TAMS 0x00000000a3200000| PB 0x00000000a3200000| Untracked |  0
|  39|0x00000000a3300000, 0x00000000a3300000, 0x00000000a3400000|  0%| F|  |TAMS 0x00000000a3300000| PB 0x00000000a3300000| Untracked |  0
|  40|0x00000000a3400000, 0x00000000a3400000, 0x00000000a3500000|  0%| F|  |TAMS 0x00000000a3400000| PB 0x00000000a3400000| Untracked |  0
|  41|0x00000000a3500000, 0x00000000a3500000, 0x00000000a3600000|  0%| F|  |TAMS 0x00000000a3500000| PB 0x00000000a3500000| Untracked |  0
|  42|0x00000000a3600000, 0x00000000a3600000, 0x00000000a3700000|  0%| F|  |TAMS 0x00000000a3600000| PB 0x00000000a3600000| Untracked |  0
|  43|0x00000000a3700000, 0x00000000a3700000, 0x00000000a3800000|  0%| F|  |TAMS 0x00000000a3700000| PB 0x00000000a3700000| Untracked |  0
|  44|0x00000000a3800000, 0x00000000a3800000, 0x00000000a3900000|  0%| F|  |TAMS 0x00000000a3800000| PB 0x00000000a3800000| Untracked |  0
|  45|0x00000000a3900000, 0x00000000a3900000, 0x00000000a3a00000|  0%| F|  |TAMS 0x00000000a3900000| PB 0x00000000a3900000| Untracked |  0
|  46|0x00000000a3a00000, 0x00000000a3a00000, 0x00000000a3b00000|  0%| F|  |TAMS 0x00000000a3a00000| PB 0x00000000a3a00000| Untracked |  0
|  47|0x00000000a3b00000, 0x00000000a3b00000, 0x00000000a3c00000|  0%| F|  |TAMS 0x00000000a3b00000| PB 0x00000000a3b00000| Untracked |  0
|  48|0x00000000a3c00000, 0x00000000a3c00000, 0x00000000a3d00000|  0%| F|  |TAMS 0x00000000a3c00000| PB 0x00000000a3c00000| Untracked |  0
|  49|0x00000000a3d00000, 0x00000000a3d00000, 0x00000000a3e00000|  0%| F|  |TAMS 0x00000000a3d00000| PB 0x00000000a3d00000| Untracked |  0
|  50|0x00000000a3e00000, 0x00000000a3e00000, 0x00000000a3f00000|  0%| F|  |TAMS 0x00000000a3e00000| PB 0x00000000a3e00000| Untracked |  0
|  51|0x00000000a3f00000, 0x00000000a3f00000, 0x00000000a4000000|  0%| F|  |TAMS 0x00000000a3f00000| PB 0x00000000a3f00000| Untracked |  0
|  52|0x00000000a4000000, 0x00000000a4051640, 0x00000000a4100000| 31%| S|CS|TAMS 0x00000000a4000000| PB 0x00000000a4000000| Complete |  0
|  53|0x00000000a4100000, 0x00000000a4200000, 0x00000000a4200000|100%| S|CS|TAMS 0x00000000a4100000| PB 0x00000000a4100000| Complete |  0
|  54|0x00000000a4200000, 0x00000000a4300000, 0x00000000a4300000|100%| S|CS|TAMS 0x00000000a4200000| PB 0x00000000a4200000| Complete |  0
|  55|0x00000000a4300000, 0x00000000a4400000, 0x00000000a4400000|100%| S|CS|TAMS 0x00000000a4300000| PB 0x00000000a4300000| Complete |  0
|  56|0x00000000a4400000, 0x00000000a4500000, 0x00000000a4500000|100%| S|CS|TAMS 0x00000000a4400000| PB 0x00000000a4400000| Complete |  0
|  57|0x00000000a4500000, 0x00000000a4500000, 0x00000000a4600000|  0%| F|  |TAMS 0x00000000a4500000| PB 0x00000000a4500000| Untracked |  0
|  58|0x00000000a4600000, 0x00000000a4600000, 0x00000000a4700000|  0%| F|  |TAMS 0x00000000a4600000| PB 0x00000000a4600000| Untracked |  0
|  59|0x00000000a4700000, 0x00000000a4700000, 0x00000000a4800000|  0%| F|  |TAMS 0x00000000a4700000| PB 0x00000000a4700000| Untracked |  0
|  60|0x00000000a4800000, 0x00000000a4800000, 0x00000000a4900000|  0%| F|  |TAMS 0x00000000a4800000| PB 0x00000000a4800000| Untracked |  0
|  61|0x00000000a4900000, 0x00000000a4900000, 0x00000000a4a00000|  0%| F|  |TAMS 0x00000000a4900000| PB 0x00000000a4900000| Untracked |  0
|  62|0x00000000a4a00000, 0x00000000a4a00000, 0x00000000a4b00000|  0%| F|  |TAMS 0x00000000a4a00000| PB 0x00000000a4a00000| Untracked |  0
|  63|0x00000000a4b00000, 0x00000000a4b00000, 0x00000000a4c00000|  0%| F|  |TAMS 0x00000000a4b00000| PB 0x00000000a4b00000| Untracked |  0
|  64|0x00000000a4c00000, 0x00000000a4c00000, 0x00000000a4d00000|  0%| F|  |TAMS 0x00000000a4c00000| PB 0x00000000a4c00000| Untracked |  0
|  65|0x00000000a4d00000, 0x00000000a4d00000, 0x00000000a4e00000|  0%| F|  |TAMS 0x00000000a4d00000| PB 0x00000000a4d00000| Untracked |  0
|  66|0x00000000a4e00000, 0x00000000a4e00000, 0x00000000a4f00000|  0%| F|  |TAMS 0x00000000a4e00000| PB 0x00000000a4e00000| Untracked |  0
|  67|0x00000000a4f00000, 0x00000000a4f00000, 0x00000000a5000000|  0%| F|  |TAMS 0x00000000a4f00000| PB 0x00000000a4f00000| Untracked |  0
|  68|0x00000000a5000000, 0x00000000a5000000, 0x00000000a5100000|  0%| F|  |TAMS 0x00000000a5000000| PB 0x00000000a5000000| Untracked |  0
|  69|0x00000000a5100000, 0x00000000a5100000, 0x00000000a5200000|  0%| F|  |TAMS 0x00000000a5100000| PB 0x00000000a5100000| Untracked |  0
|  70|0x00000000a5200000, 0x00000000a5200000, 0x00000000a5300000|  0%| F|  |TAMS 0x00000000a5200000| PB 0x00000000a5200000| Untracked |  0
|  71|0x00000000a5300000, 0x00000000a5300000, 0x00000000a5400000|  0%| F|  |TAMS 0x00000000a5300000| PB 0x00000000a5300000| Untracked |  0
|  72|0x00000000a5400000, 0x00000000a5400000, 0x00000000a5500000|  0%| F|  |TAMS 0x00000000a5400000| PB 0x00000000a5400000| Untracked |  0
|  73|0x00000000a5500000, 0x00000000a5500000, 0x00000000a5600000|  0%| F|  |TAMS 0x00000000a5500000| PB 0x00000000a5500000| Untracked |  0
|  74|0x00000000a5600000, 0x00000000a5600000, 0x00000000a5700000|  0%| F|  |TAMS 0x00000000a5600000| PB 0x00000000a5600000| Untracked |  0
|  75|0x00000000a5700000, 0x00000000a5700000, 0x00000000a5800000|  0%| F|  |TAMS 0x00000000a5700000| PB 0x00000000a5700000| Untracked |  0
|  76|0x00000000a5800000, 0x00000000a5800000, 0x00000000a5900000|  0%| F|  |TAMS 0x00000000a5800000| PB 0x00000000a5800000| Untracked |  0
|  77|0x00000000a5900000, 0x00000000a5900000, 0x00000000a5a00000|  0%| F|  |TAMS 0x00000000a5900000| PB 0x00000000a5900000| Untracked |  0
|  78|0x00000000a5a00000, 0x00000000a5a00000, 0x00000000a5b00000|  0%| F|  |TAMS 0x00000000a5a00000| PB 0x00000000a5a00000| Untracked |  0
|  79|0x00000000a5b00000, 0x00000000a5b00000, 0x00000000a5c00000|  0%| F|  |TAMS 0x00000000a5b00000| PB 0x00000000a5b00000| Untracked |  0
|  80|0x00000000a5c00000, 0x00000000a5c00000, 0x00000000a5d00000|  0%| F|  |TAMS 0x00000000a5c00000| PB 0x00000000a5c00000| Untracked |  0
|  81|0x00000000a5d00000, 0x00000000a5d00000, 0x00000000a5e00000|  0%| F|  |TAMS 0x00000000a5d00000| PB 0x00000000a5d00000| Untracked |  0
|  82|0x00000000a5e00000, 0x00000000a5e00000, 0x00000000a5f00000|  0%| F|  |TAMS 0x00000000a5e00000| PB 0x00000000a5e00000| Untracked |  0
|  83|0x00000000a5f00000, 0x00000000a5f00000, 0x00000000a6000000|  0%| F|  |TAMS 0x00000000a5f00000| PB 0x00000000a5f00000| Untracked |  0
|  84|0x00000000a6000000, 0x00000000a6000000, 0x00000000a6100000|  0%| F|  |TAMS 0x00000000a6000000| PB 0x00000000a6000000| Untracked |  0
|  85|0x00000000a6100000, 0x00000000a6100000, 0x00000000a6200000|  0%| F|  |TAMS 0x00000000a6100000| PB 0x00000000a6100000| Untracked |  0
|  86|0x00000000a6200000, 0x00000000a6200000, 0x00000000a6300000|  0%| F|  |TAMS 0x00000000a6200000| PB 0x00000000a6200000| Untracked |  0
|  87|0x00000000a6300000, 0x00000000a6300000, 0x00000000a6400000|  0%| F|  |TAMS 0x00000000a6300000| PB 0x00000000a6300000| Untracked |  0
|  88|0x00000000a6400000, 0x00000000a6400000, 0x00000000a6500000|  0%| F|  |TAMS 0x00000000a6400000| PB 0x00000000a6400000| Untracked |  0
|  89|0x00000000a6500000, 0x00000000a6500000, 0x00000000a6600000|  0%| F|  |TAMS 0x00000000a6500000| PB 0x00000000a6500000| Untracked |  0
|  90|0x00000000a6600000, 0x00000000a6600000, 0x00000000a6700000|  0%| F|  |TAMS 0x00000000a6600000| PB 0x00000000a6600000| Untracked |  0
|  91|0x00000000a6700000, 0x00000000a6700000, 0x00000000a6800000|  0%| F|  |TAMS 0x00000000a6700000| PB 0x00000000a6700000| Untracked |  0
|  92|0x00000000a6800000, 0x00000000a6800000, 0x00000000a6900000|  0%| F|  |TAMS 0x00000000a6800000| PB 0x00000000a6800000| Untracked |  0
|  93|0x00000000a6900000, 0x00000000a6900000, 0x00000000a6a00000|  0%| F|  |TAMS 0x00000000a6900000| PB 0x00000000a6900000| Untracked |  0
|  94|0x00000000a6a00000, 0x00000000a6a00000, 0x00000000a6b00000|  0%| F|  |TAMS 0x00000000a6a00000| PB 0x00000000a6a00000| Untracked |  0
|  95|0x00000000a6b00000, 0x00000000a6b80000, 0x00000000a6c00000| 50%| E|  |TAMS 0x00000000a6b00000| PB 0x00000000a6b00000| Complete |  0
|1522|0x00000000ffe00000, 0x00000000fff00000, 0x00000000fff00000|100%| O|  |TAMS 0x00000000ffe00000| PB 0x00000000ffe00000| Untracked |  0
|1523|0x00000000fff00000, 0x00000000fff256a0, 0x0000000100000000| 14%| O|  |TAMS 0x00000000fff00000| PB 0x00000000fff00000| Untracked |  0

Card table byte_map: [0x000002bdde870000,0x000002bddeb70000] _byte_map_base: 0x000002bdde36a000

Marking Bits: (CMBitMap*) 0x000002bdc6a12c10
 Bits: [0x000002bddeb70000, 0x000002bde0340000)

Polling page: 0x000002bdc49e0000

Metaspace:
Metaspace        used 20303K, committed 20544K, reserved 1114112K
 class space     used 1957K, committed 2048K, reserved 1048576K

Usage:
  Non-class:     17.92 MB used.
      Class:      1.91 MB used.
       Both:     19.83 MB used.

Virtual space:
  Non-class space:       64.00 MB reserved,      18.06 MB ( 28%) committed,  1 nodes.
      Class space:        1.00 GB reserved,       2.00 MB ( <1%) committed,  1 nodes.
             Both:        1.06 GB reserved,      20.06 MB (  2%) committed. 

Chunk freelists:
   Non-Class:  13.52 MB
       Class:  13.89 MB
        Both:  27.41 MB

MaxMetaspaceSize: unlimited
CompressedClassSpaceSize: 1.00 GB
Initial GC threshold: 21.00 MB
Current GC threshold: 21.00 MB
CDS: on
 - commit_granule_bytes: 65536.
 - commit_granule_words: 8192.
 - virtual_space_node_default_size: 8388608.
 - enlarge_chunks_in_place: 1.
UseCompressedClassPointers 1, UseCompactObjectHeaders 0
Narrow klass pointer bits 32, Max shift 3
Narrow klass base: 0x0000000013000000, Narrow klass shift: 0
Encoding Range: [0x0000000013000000 - 0x0000000113000000), (4294967296 bytes)
Klass Range:    [0x0000000013010000 - 0x0000000054000000), (1090453504 bytes)
Klass ID Range:  [65536 - 1090519033) (1090453497)
Protection zone: [0x0000000013000000 - 0x0000000013010000), (65536 bytes)


Internal statistics:

num_allocs_failed_limit: 0.
num_arena_births: 184.
num_arena_deaths: 0.
num_vsnodes_births: 2.
num_vsnodes_deaths: 0.
num_space_committed: 321.
num_space_uncommitted: 0.
num_chunks_returned_to_freelist: 0.
num_chunks_taken_from_freelist: 853.
num_chunk_merges: 0.
num_chunk_splits: 605.
num_chunks_enlarged: 497.
num_inconsistent_stats: 0.

CodeHeap 'non-profiled nmethods': size=120064Kb used=980Kb max_used=980Kb free=119083Kb
 bounds [0x000002bdd6d00000, 0x000002bdd6f70000, 0x000002bdde240000]
CodeHeap 'profiled nmethods': size=120000Kb used=5675Kb max_used=5675Kb free=114324Kb
 bounds [0x000002bdcf240000, 0x000002bdcf7d0000, 0x000002bdd6770000]
CodeHeap 'non-nmethods': size=5696Kb used=1414Kb max_used=1477Kb free=4281Kb
 bounds [0x000002bdd6770000, 0x000002bdd69e0000, 0x000002bdd6d00000]
CodeCache: size=245760Kb, used=8069Kb, max_used=8132Kb, free=237688Kb
 total_blobs=4065, nmethods=3531, adapters=436, full_count=0
Compilation: enabled, stopped_count=0, restarted_count=0

Compilation events (20 events):
Event: 4.510 Thread 0x000002bde2d2c800 3295       3       org.springframework.boot.autoconfigure.condition.ConditionMessage$Builder::because (59 bytes)
Event: 4.517 Thread 0x000002bde2d2c800 nmethod 3295 0x000002bdcf755f08 code [0x000002bdcf756000, 0x000002bdcf75bb78]
Event: 4.517 Thread 0x000002bde2d2c800 3306       3       org.springframework.util.ClassUtils::isAssignable (93 bytes)
Event: 4.518 Thread 0x000002bde2d2c800 nmethod 3306 0x000002bdcf75bc08 code [0x000002bdcf75bd00, 0x000002bdcf75c748]
Event: 4.518 Thread 0x000002bde2d2c800 3307       3       org.springframework.util.MultiValueMapAdapter::isEmpty (10 bytes)
Event: 4.518 Thread 0x000002bde2d2c800 nmethod 3307 0x000002bdcf75c788 code [0x000002bdcf75c880, 0x000002bdcf75ca58]
Event: 4.518 Thread 0x000002bde2d2c800 3304       1       sun.reflect.generics.repository.AbstractRepository::getTree (5 bytes)
Event: 4.518 Thread 0x000002bde2d2c800 nmethod 3304 0x000002bdd6dea188 code [0x000002bdd6dea280, 0x000002bdd6dea348]
Event: 4.518 Thread 0x000002bde2d2c800 3296       3       org.springframework.core.type.AnnotatedTypeMetadata$$Lambda/0x00000000141e0fe0::apply (10 bytes)
Event: 4.518 Thread 0x000002bde2d2c800 nmethod 3296 0x000002bdcf75ca88 code [0x000002bdcf75cb80, 0x000002bdcf75ce30]
Event: 4.518 Thread 0x000002bde2d2c800 3297       3       org.springframework.core.type.AnnotatedTypeMetadata$$Lambda/0x00000000141e1498::apply (10 bytes)
Event: 4.518 Thread 0x000002bde2d2c800 nmethod 3297 0x000002bdcf75ce88 code [0x000002bdcf75cf80, 0x000002bdcf75d230]
Event: 4.518 Thread 0x000002bde2d2c800 3298       3       org.springframework.core.annotation.TypeMappedAnnotation::withNonMergedAttributes (45 bytes)
Event: 4.519 Thread 0x000002bde2d2c800 nmethod 3298 0x000002bdcf75d288 code [0x000002bdcf75d380, 0x000002bdcf75d590]
Event: 4.519 Thread 0x000002bde2d2c800 3299       3       org.springframework.core.annotation.TypeMappedAnnotation::<init> (62 bytes)
Event: 4.519 Thread 0x000002bde2d2c800 nmethod 3299 0x000002bdcf75d608 code [0x000002bdcf75d700, 0x000002bdcf75dbc8]
Event: 4.519 Thread 0x000002bde2d2c800 3308       3       java.lang.Boolean::hashCode (14 bytes)
Event: 4.519 Thread 0x000002bde2d2c800 nmethod 3308 0x000002bdcf75dc08 code [0x000002bdcf75dd00, 0x000002bdcf75de58]
Event: 4.522 Thread 0x000002bde2d2c800 3309       3       org.springframework.beans.factory.support.AbstractBeanDefinition::hasBeanClass (8 bytes)
Event: 4.523 Thread 0x000002bde2d2c800 nmethod 3309 0x000002bdcf75df08 code [0x000002bdcf75e000, 0x000002bdcf75e1e0]

GC Heap Usage History (2 events):
Event: 3.662 {heap Before GC invocations=0 (full 0):
 garbage-first heap   total reserved 1560576K, committed 100352K, used 51349K [0x00000000a0c00000, 0x0000000100000000)
  region size 1024K, 47 young (48128K), 0 survivors (0K)
}
Event: 3.671 {heap After GC invocations=1 (full 0):
 garbage-first heap   total reserved 1560576K, committed 100352K, used 10263K [0x00000000a0c00000, 0x0000000100000000)
  region size 1024K, 6 young (6144K), 6 survivors (6144K)
}

Metaspace Usage History (2 events):
Event: 3.662 {metaspace Before GC invocations=0 (full 0):
 Metaspace       used 12391K, committed 12608K, reserved 1114112K
  class space    used 1171K, committed 1280K, reserved 1048576K
}
Event: 3.671 {metaspace After GC invocations=1 (full 0):
 Metaspace       used 12391K, committed 12608K, reserved 1114112K
  class space    used 1171K, committed 1280K, reserved 1048576K
}

Dll operation events (6 events):
Event: 0.012 Loaded shared library C:\Program Files\Java\jdk-25\bin\java.dll
Event: 1.237 Loaded shared library C:\Program Files\Java\jdk-25\bin\net.dll
Event: 1.240 Loaded shared library C:\Program Files\Java\jdk-25\bin\nio.dll
Event: 1.249 Loaded shared library C:\Program Files\Java\jdk-25\bin\zip.dll
Event: 1.313 Loaded shared library C:\Program Files\Java\jdk-25\bin\jimage.dll
Event: 3.996 Loaded shared library C:\Program Files\Java\jdk-25\bin\sunmscapi.dll

Deoptimization events (20 events):
Event: 4.374 Thread 0x000002bdc45aef00 Uncommon trap: trap_request=0xffffffde fr.pc=0x000002bdd6d455d4 relative=0x00000000000001d4
Event: 4.374 Thread 0x000002bdc45aef00 Uncommon trap: reason=class_check action=maybe_recompile pc=0x000002bdd6d455d4 method=java.lang.String.equals(Ljava/lang/Object;)Z @ 8 c2
Event: 4.374 Thread 0x000002bdc45aef00 DEOPT PACKING pc=0x000002bdd6d455d4 sp=0x000000e76b9fe0a0
Event: 4.374 Thread 0x000002bdc45aef00 DEOPT UNPACKING pc=0x000002bdd6890c02 sp=0x000000e76b9fe028 mode 2
Event: 4.374 Thread 0x000002bdc45aef00 Uncommon trap: trap_request=0xffffffde fr.pc=0x000002bdd6d455d4 relative=0x00000000000001d4
Event: 4.374 Thread 0x000002bdc45aef00 Uncommon trap: reason=class_check action=maybe_recompile pc=0x000002bdd6d455d4 method=java.lang.String.equals(Ljava/lang/Object;)Z @ 8 c2
Event: 4.374 Thread 0x000002bdc45aef00 DEOPT PACKING pc=0x000002bdd6d455d4 sp=0x000000e76b9fe0a0
Event: 4.374 Thread 0x000002bdc45aef00 DEOPT UNPACKING pc=0x000002bdd6890c02 sp=0x000000e76b9fe028 mode 2
Event: 4.374 Thread 0x000002bdc45aef00 Uncommon trap: trap_request=0xffffffde fr.pc=0x000002bdd6d455d4 relative=0x00000000000001d4
Event: 4.374 Thread 0x000002bdc45aef00 Uncommon trap: reason=class_check action=maybe_recompile pc=0x000002bdd6d455d4 method=java.lang.String.equals(Ljava/lang/Object;)Z @ 8 c2
Event: 4.374 Thread 0x000002bdc45aef00 DEOPT PACKING pc=0x000002bdd6d455d4 sp=0x000000e76b9fe0a0
Event: 4.374 Thread 0x000002bdc45aef00 DEOPT UNPACKING pc=0x000002bdd6890c02 sp=0x000000e76b9fe028 mode 2
Event: 4.374 Thread 0x000002bdc45aef00 Uncommon trap: trap_request=0xffffffde fr.pc=0x000002bdd6d455d4 relative=0x00000000000001d4
Event: 4.374 Thread 0x000002bdc45aef00 Uncommon trap: reason=class_check action=maybe_recompile pc=0x000002bdd6d455d4 method=java.lang.String.equals(Ljava/lang/Object;)Z @ 8 c2
Event: 4.374 Thread 0x000002bdc45aef00 DEOPT PACKING pc=0x000002bdd6d455d4 sp=0x000000e76b9fe0a0
Event: 4.374 Thread 0x000002bdc45aef00 DEOPT UNPACKING pc=0x000002bdd6890c02 sp=0x000000e76b9fe028 mode 2
Event: 4.471 Thread 0x000002bdc45aef00 Uncommon trap: trap_request=0xffffffde fr.pc=0x000002bdd6de2b40 relative=0x00000000000004c0
Event: 4.471 Thread 0x000002bdc45aef00 Uncommon trap: reason=class_check action=maybe_recompile pc=0x000002bdd6de2b40 method=java.lang.String.equals(Ljava/lang/Object;)Z @ 8 c2
Event: 4.471 Thread 0x000002bdc45aef00 DEOPT PACKING pc=0x000002bdd6de2b40 sp=0x000000e76b9fe4f0
Event: 4.471 Thread 0x000002bdc45aef00 DEOPT UNPACKING pc=0x000002bdd6890c02 sp=0x000000e76b9fe3a8 mode 2

Classes loaded (20 events):
Event: 4.035 Loading class java/lang/invoke/TypeConvertingMethodAdapter$BoxHolder
Event: 4.035 Loading class java/lang/invoke/TypeConvertingMethodAdapter$BoxHolder done
Event: 4.036 Loading class java/util/TreeMap$KeySet
Event: 4.037 Loading class java/util/TreeMap$KeySet done
Event: 4.037 Loading class java/util/TreeMap$KeyIterator
Event: 4.037 Loading class java/util/TreeMap$KeyIterator done
Event: 4.116 Loading class java/util/stream/Streams$ConcatSpliterator$OfRef
Event: 4.116 Loading class java/util/stream/Streams$ConcatSpliterator
Event: 4.116 Loading class java/util/stream/Streams$ConcatSpliterator done
Event: 4.116 Loading class java/util/stream/Streams$ConcatSpliterator$OfRef done
Event: 4.116 Loading class java/util/stream/Streams$2
Event: 4.116 Loading class java/util/stream/Streams$2 done
Event: 4.273 Loading class java/security/AccessControlException
Event: 4.273 Loading class java/security/AccessControlException done
Event: 4.280 Loading class java/beans/PropertyVetoException
Event: 4.280 Loading class java/beans/PropertyVetoException done
Event: 4.294 Loading class java/nio/charset/CharacterCodingException
Event: 4.295 Loading class java/nio/charset/CharacterCodingException done
Event: 4.295 Loading class java/lang/foreign/MemorySegment
Event: 4.295 Loading class java/lang/foreign/MemorySegment done

Classes unloaded (0 events):
No events

Classes redefined (0 events):
No events

Internal exceptions (20 events):
Event: 3.192 Thread 0x000002bdc45aef00 Exception <a 'java/lang/NoSuchMethodError'{0x00000000a514b6e8}: 'void java.lang.invoke.DirectMethodHandle$Holder.invokeInterface(java.lang.Object, java.lang.Object, java.lang.Object)'> (0x00000000a514b6e8) 
thrown [s\open\src\hotspot\share\interpreter\linkResolver.cpp, line 804]
Event: 3.209 Thread 0x000002bdc45aef00 Exception <a 'java/lang/NoSuchMethodError'{0x00000000a51cb3c8}: 'void java.lang.invoke.DirectMethodHandle$Holder.invokeStatic(java.lang.Object, java.lang.Object, int)'> (0x00000000a51cb3c8) 
thrown [s\open\src\hotspot\share\interpreter\linkResolver.cpp, line 804]
Event: 3.238 Thread 0x000002bdc45aef00 Exception <a 'java/lang/NoSuchMethodError'{0x00000000a5030e20}: 'void java.lang.invoke.DirectMethodHandle$Holder.invokeStaticInit(java.lang.Object, java.lang.Object, java.lang.Object)'> (0x00000000a5030e20) 
thrown [s\open\src\hotspot\share\interpreter\linkResolver.cpp, line 804]
Event: 3.269 Thread 0x000002bdc45aef00 Exception <a 'java/lang/NoSuchMethodError'{0x00000000a4f26b78}: 'void java.lang.invoke.DirectMethodHandle$Holder.invokeVirtual(java.lang.Object, java.lang.Object, java.lang.Object, java.lang.Object)'> (0x00000000a4f26b78) 
thrown [s\open\src\hotspot\share\interpreter\linkResolver.cpp, line 804]
Event: 3.376 Thread 0x000002bdc45aef00 Exception <a 'java/lang/NoSuchMethodError'{0x00000000a4cae638}: 'java.lang.Object java.lang.invoke.DirectMethodHandle$Holder.invokeVirtual(java.lang.Object, java.lang.Object, java.lang.Object)'> (0x00000000a4cae638) 
thrown [s\open\src\hotspot\share\interpreter\linkResolver.cpp, line 804]
Event: 3.421 Thread 0x000002bde7f719d0 Exception <a 'java/lang/NoClassDefFoundError'{0x00000000a4a14b30}: jakarta/validation/Validation> (0x00000000a4a14b30) 
thrown [s\open\src\hotspot\share\classfile\systemDictionary.cpp, line 316]
Event: 3.436 Thread 0x000002bdc45aef00 Exception <a 'java/lang/IncompatibleClassChangeError'{0x00000000a4aea2a8}: Found class java.lang.Object, but interface was expected> (0x00000000a4aea2a8) 
thrown [s\open\src\hotspot\share\interpreter\linkResolver.cpp, line 871]
Event: 3.569 Thread 0x000002bdc45aef00 Exception <a 'java/lang/NoSuchMethodError'{0x00000000a42e2708}: 'java.lang.Object java.lang.invoke.DirectMethodHandle$Holder.invokeStatic(java.lang.Object, int, java.lang.Object)'> (0x00000000a42e2708) 
thrown [s\open\src\hotspot\share\interpreter\linkResolver.cpp, line 804]
Event: 3.631 Thread 0x000002bdc45aef00 Implicit null exception at 0x000002bdd6d2171d to 0x000002bdd6d21795
Event: 3.818 Thread 0x000002bdc45aef00 Exception <a 'java/lang/NoSuchMethodError'{0x00000000a64bf950}: 'int java.lang.invoke.DirectMethodHandle$Holder.invokeSpecial(java.lang.Object, java.lang.Object, java.lang.Object, java.lang.Object, java.lang.Object)'> (0x00000000a64bf950) 
thrown [s\open\src\hotspot\share\interpreter\linkResolver.cpp, line 804]
Event: 3.823 Thread 0x000002bdc45aef00 Exception <a 'java/lang/NoSuchMethodError'{0x00000000a63935d0}: 'void java.lang.invoke.DirectMethodHandle$Holder.invokeVirtual(java.lang.Object, java.lang.Object)'> (0x00000000a63935d0) 
thrown [s\open\src\hotspot\share\interpreter\linkResolver.cpp, line 804]
Event: 3.856 Thread 0x000002bde7f719d0 Exception <a 'java/lang/NoSuchMethodError'{0x00000000a6184070}: 'long java.lang.invoke.DirectMethodHandle$Holder.invokeSpecial(java.lang.Object, java.lang.Object)'> (0x00000000a6184070) 
thrown [s\open\src\hotspot\share\interpreter\linkResolver.cpp, line 804]
Event: 3.858 Thread 0x000002bde7f719d0 Exception <a 'java/lang/NoSuchMethodError'{0x00000000a6004558}: 'long java.lang.invoke.DirectMethodHandle$Holder.invokeStatic(java.lang.Object, java.lang.Object)'> (0x00000000a6004558) 
thrown [s\open\src\hotspot\share\interpreter\linkResolver.cpp, line 804]
Event: 3.858 Thread 0x000002bde7f719d0 Exception <a 'java/lang/NoSuchMethodError'{0x00000000a600c300}: 'long java.lang.invoke.DirectMethodHandle$Holder.invokeStaticInit(java.lang.Object, java.lang.Object)'> (0x00000000a600c300) 
thrown [s\open\src\hotspot\share\interpreter\linkResolver.cpp, line 804]
Event: 3.860 Thread 0x000002bde7f719d0 Exception <a 'java/lang/NoSuchMethodError'{0x00000000a6031840}: 'long java.lang.invoke.DirectMethodHandle$Holder.invokeInterface(java.lang.Object, java.lang.Object)'> (0x00000000a6031840) 
thrown [s\open\src\hotspot\share\interpreter\linkResolver.cpp, line 804]
Event: 3.861 Thread 0x000002bde7f719d0 Exception <a 'java/lang/IncompatibleClassChangeError'{0x00000000a60394f8}: Found class java.lang.Object, but interface was expected> (0x00000000a60394f8) 
thrown [s\open\src\hotspot\share\interpreter\linkResolver.cpp, line 871]
Event: 3.865 Thread 0x000002bde7f719d0 Exception <a 'java/lang/NoSuchMethodError'{0x00000000a6056038}: 'java.lang.Object java.lang.invoke.DirectMethodHandle$Holder.invokeVirtual(java.lang.Object, java.lang.Object, java.lang.Object, java.lang.Object)'> (0x00000000a6056038) 
thrown [s\open\src\hotspot\share\interpreter\linkResolver.cpp, line 804]
Event: 3.883 Thread 0x000002bde7f719d0 Exception <a 'java/lang/NoSuchMethodError'{0x00000000a5f8e3b8}: 'java.lang.Object java.lang.invoke.DirectMethodHandle$Holder.newInvokeSpecial(java.lang.Object, java.lang.Object, java.lang.Object, int)'> (0x00000000a5f8e3b8) 
thrown [s\open\src\hotspot\share\interpreter\linkResolver.cpp, line 804]
Event: 3.884 Thread 0x000002bde7f719d0 Exception <a 'java/lang/NoSuchMethodError'{0x00000000a5f96ed0}: 'java.lang.Object java.lang.invoke.Invokers$Holder.linkToTargetMethod(java.lang.Object, java.lang.Object, int, java.lang.Object)'> (0x00000000a5f96ed0) 
thrown [s\open\src\hotspot\share\interpreter\linkResolver.cpp, line 804]
Event: 4.022 Thread 0x000002bdc45aef00 Exception <a 'java/lang/IncompatibleClassChangeError'{0x00000000a59dd860}: Found class java.lang.Object, but interface was expected> (0x00000000a59dd860) 
thrown [s\open\src\hotspot\share\interpreter\linkResolver.cpp, line 871]

VM Operations (20 events):
Event: 3.604 Executing non-safepoint VM operation: HandshakeAllThreads (Deoptimize)
Event: 3.604 Executing non-safepoint VM operation: HandshakeAllThreads (Deoptimize) done
Event: 3.661 Executing safepoint VM operation: G1CollectForAllocation (G1 Evacuation Pause)
Event: 3.671 Executing safepoint VM operation: G1CollectForAllocation (G1 Evacuation Pause) done
Event: 3.721 Executing non-safepoint VM operation: HandshakeAllThreads (Deoptimize)
Event: 3.721 Executing non-safepoint VM operation: HandshakeAllThreads (Deoptimize) done
Event: 3.771 Executing non-safepoint VM operation: HandshakeAllThreads (Deoptimize)
Event: 3.771 Executing non-safepoint VM operation: HandshakeAllThreads (Deoptimize) done
Event: 3.787 Executing non-safepoint VM operation: HandshakeAllThreads (Deoptimize)
Event: 3.787 Executing non-safepoint VM operation: HandshakeAllThreads (Deoptimize) done
Event: 3.899 Executing non-safepoint VM operation: HandshakeAllThreads (Deoptimize)
Event: 3.899 Executing non-safepoint VM operation: HandshakeAllThreads (Deoptimize) done
Event: 3.928 Executing non-safepoint VM operation: HandshakeAllThreads (Deoptimize)
Event: 3.928 Executing non-safepoint VM operation: HandshakeAllThreads (Deoptimize) done
Event: 3.939 Executing non-safepoint VM operation: HandshakeAllThreads (Deoptimize)
Event: 3.939 Executing non-safepoint VM operation: HandshakeAllThreads (Deoptimize) done
Event: 3.964 Executing non-safepoint VM operation: HandshakeAllThreads (Deoptimize)
Event: 3.967 Executing non-safepoint VM operation: HandshakeAllThreads (Deoptimize) done
Event: 4.030 Executing non-safepoint VM operation: HandshakeAllThreads (Deoptimize)
Event: 4.030 Executing non-safepoint VM operation: HandshakeAllThreads (Deoptimize) done

Memory protections (0 events):
No events

Nmethod flushes (0 events):
No events

Events (16 events):
Event: 1.132 Thread 0x000002bdc45aef00 Thread added: 0x000002bdc45aef00
Event: 1.145 Thread 0x000002bdc45aef00 Thread added: 0x000002bde2d15a00
Event: 1.145 Thread 0x000002bdc45aef00 Thread added: 0x000002bde2d16460
Event: 1.146 Thread 0x000002bdc45aef00 Thread added: 0x000002bde2d1ac00
Event: 1.146 Thread 0x000002bdc45aef00 Thread added: 0x000002bde2d1dba0
Event: 1.146 Thread 0x000002bdc45aef00 Thread added: 0x000002bde2d226c0
Event: 1.146 Thread 0x000002bdc45aef00 Thread added: 0x000002bde2d22fb0
Event: 1.146 Thread 0x000002bdc45aef00 Thread added: 0x000002bde2d2bab0
Event: 1.146 Thread 0x000002bdc45aef00 Thread added: 0x000002bde2d2c800
Event: 1.228 Thread 0x000002bdc45aef00 Thread added: 0x000002bde703f750
Event: 1.232 Thread 0x000002bdc45aef00 Thread added: 0x000002bde7045660
Event: 2.569 Thread 0x000002bde2d2c800 Thread added: 0x000002bde7033c20
Event: 3.417 Thread 0x000002bdc45aef00 Thread added: 0x000002bde7f719d0
Event: 3.937 Thread 0x000002bdc45aef00 Thread added: 0x000002bde86d57f0
Event: 3.980 Thread 0x000002bde86d57f0 Thread exited: 0x000002bde86d57f0
Event: 4.014 Thread 0x000002bde7f719d0 Thread exited: 0x000002bde7f719d0


Dynamic libraries:
0x00007ff6113c0000 - 0x00007ff6113d0000 	C:\Program Files\Java\jdk-25\bin\java.exe
0x00007fff500e0000 - 0x00007fff50347000 	C:\WINDOWS\SYSTEM32\ntdll.dll
0x00007fff4f3a0000 - 0x00007fff4f469000 	C:\WINDOWS\System32\KERNEL32.DLL
0x00007fff4d460000 - 0x00007fff4d84f000 	C:\WINDOWS\System32\KERNELBASE.dll
0x00007fff4d310000 - 0x00007fff4d45b000 	C:\WINDOWS\System32\ucrtbase.dll
0x00007fff16ab0000 - 0x00007fff16ace000 	C:\Program Files\Java\jdk-25\bin\VCRUNTIME140.dll
0x00007ffeeeac0000 - 0x00007ffeeead7000 	C:\Program Files\Java\jdk-25\bin\jli.dll
0x00007fff4f570000 - 0x00007fff4f735000 	C:\WINDOWS\System32\USER32.dll
0x00007fff3aea0000 - 0x00007fff3b133000 	C:\WINDOWS\WinSxS\amd64_microsoft.windows.common-controls_6595b64144ccf1df_6.0.26100.7309_none_3e05feeae336a044\COMCTL32.dll
0x00007fff4d2e0000 - 0x00007fff4d307000 	C:\WINDOWS\System32\win32u.dll
0x00007fff4e690000 - 0x00007fff4e739000 	C:\WINDOWS\System32\msvcrt.dll
0x00007fff4e220000 - 0x00007fff4e24b000 	C:\WINDOWS\System32\GDI32.dll
0x00007fff4dd50000 - 0x00007fff4de7c000 	C:\WINDOWS\System32\gdi32full.dll
0x00007fff4d230000 - 0x00007fff4d2d3000 	C:\WINDOWS\System32\msvcp_win.dll
0x00007fff4f530000 - 0x00007fff4f561000 	C:\WINDOWS\System32\IMM32.DLL
0x00007fff48800000 - 0x00007fff4880c000 	C:\Program Files\Java\jdk-25\bin\vcruntime140_1.dll
0x00007ffef97e0000 - 0x00007ffef986d000 	C:\Program Files\Java\jdk-25\bin\msvcp140.dll
0x00007ffe75660000 - 0x00007ffe764bf000 	C:\Program Files\Java\jdk-25\bin\server\jvm.dll
0x00007fff4f470000 - 0x00007fff4f524000 	C:\WINDOWS\System32\ADVAPI32.dll
0x00007fff4fff0000 - 0x00007fff50096000 	C:\WINDOWS\System32\sechost.dll
0x00007fff4de80000 - 0x00007fff4df98000 	C:\WINDOWS\System32\RPCRT4.dll
0x00007fff4dfa0000 - 0x00007fff4e014000 	C:\WINDOWS\System32\WS2_32.dll
0x00007fff4d090000 - 0x00007fff4d0ee000 	C:\WINDOWS\SYSTEM32\POWRPROF.dll
0x00007fff3fd50000 - 0x00007fff3fd85000 	C:\WINDOWS\SYSTEM32\WINMM.dll
0x00007fff437a0000 - 0x00007fff437ab000 	C:\WINDOWS\SYSTEM32\VERSION.dll
0x00007fff4d070000 - 0x00007fff4d084000 	C:\WINDOWS\SYSTEM32\UMPDC.dll
0x00007fff4bfe0000 - 0x00007fff4bffb000 	C:\WINDOWS\SYSTEM32\kernel.appcore.dll
0x00007fff487e0000 - 0x00007fff487ea000 	C:\Program Files\Java\jdk-25\bin\jimage.dll
0x00007fff46a80000 - 0x00007fff46cc2000 	C:\WINDOWS\SYSTEM32\DBGHELP.DLL
0x00007fff4f7c0000 - 0x00007fff4fb45000 	C:\WINDOWS\System32\combase.dll
0x00007fff4e390000 - 0x00007fff4e466000 	C:\WINDOWS\System32\OLEAUT32.dll
0x00007fff3ae60000 - 0x00007fff3ae9c000 	C:\WINDOWS\SYSTEM32\dbgcore.DLL
0x00007fff4d9b0000 - 0x00007fff4da55000 	C:\WINDOWS\System32\bcryptPrimitives.dll
0x00007fff16530000 - 0x00007fff1654f000 	C:\Program Files\Java\jdk-25\bin\java.dll
0x00007fff4f190000 - 0x00007fff4f327000 	C:\WINDOWS\System32\ole32.dll
0x00007fff4e740000 - 0x00007fff4ee93000 	C:\WINDOWS\System32\SHELL32.dll
0x00007fff4da60000 - 0x00007fff4dbca000 	C:\WINDOWS\System32\wintypes.dll
0x00007fff4ae70000 - 0x00007fff4b6ce000 	C:\WINDOWS\SYSTEM32\windows.storage.dll
0x00007fff4e120000 - 0x00007fff4e215000 	C:\WINDOWS\System32\SHCORE.dll
0x00007fff4f330000 - 0x00007fff4f396000 	C:\WINDOWS\System32\shlwapi.dll
0x00007fff4d150000 - 0x00007fff4d179000 	C:\WINDOWS\SYSTEM32\profapi.dll
0x00007ffefebf0000 - 0x00007ffefec02000 	C:\Program Files\Java\jdk-25\bin\net.dll
0x00007fff4c550000 - 0x00007fff4c5bb000 	C:\WINDOWS\system32\mswsock.dll
0x00007ffefd360000 - 0x00007ffefd376000 	C:\Program Files\Java\jdk-25\bin\nio.dll
0x00007ffefd000000 - 0x00007ffefd017000 	C:\Program Files\Java\jdk-25\bin\zip.dll
0x00007fff1ee40000 - 0x00007fff1ee4e000 	C:\Program Files\Java\jdk-25\bin\sunmscapi.dll
0x00007fff4dbd0000 - 0x00007fff4dd47000 	C:\WINDOWS\System32\CRYPT32.dll
0x00007fff4ca30000 - 0x00007fff4ca60000 	C:\WINDOWS\SYSTEM32\ncrypt.dll
0x00007fff4c9e0000 - 0x00007fff4ca1f000 	C:\WINDOWS\SYSTEM32\NTASN1.dll

JVMTI agents: none

dbghelp: loaded successfully - version: 4.0.5 - missing functions: none
symbol engine: initialized successfully - sym options: 0x614 - pdb path: .;C:\Program Files\Java\jdk-25\bin;C:\WINDOWS\SYSTEM32;C:\WINDOWS\WinSxS\amd64_microsoft.windows.common-controls_6595b64144ccf1df_6.0.26100.7309_none_3e05feeae336a044;C:\Program Files\Java\jdk-25\bin\server

VM Arguments:
java_command: com.meandr.meandrDataServices.MeandrDataServices
java_class_path (initial): C:\Users\chuck\Documents\NetBeansProjects\meandrDataServices\target\classes;C:\Users\chuck\.m2\repository\com\mysql\mysql-connector-j\9.2.0\mysql-connector-j-9.2.0.jar;C:\Users\chuck\.m2\repository\org\springframework\boot\spring-boot-starter-web\3.5.0\spring-boot-starter-web-3.5.0.jar;C:\Users\chuck\.m2\repository\org\springframework\boot\spring-boot-starter\3.5.0\spring-boot-starter-3.5.0.jar;C:\Users\chuck\.m2\repository\org\springframework\boot\spring-boot\3.5.0\spring-boot-3.5.0.jar;C:\Users\chuck\.m2\repository\org\springframework\boot\spring-boot-autoconfigure\3.5.0\spring-boot-autoconfigure-3.5.0.jar;C:\Users\chuck\.m2\repository\org\springframework\boot\spring-boot-starter-logging\3.5.0\spring-boot-starter-logging-3.5.0.jar;C:\Users\chuck\.m2\repository\ch\qos\logback\logback-classic\1.5.18\logback-classic-1.5.18.jar;C:\Users\chuck\.m2\repository\ch\qos\logback\logback-core\1.5.18\logback-core-1.5.18.jar;C:\Users\chuck\.m2\repository\org\apache\logging\log4j\log4j-to-slf4j\2.24.3\log4j-to-slf4j-2.24.3.jar;C:\Users\chuck\.m2\repository\org\apache\logging\log4j\log4j-api\2.24.3\log4j-api-2.24.3.jar;C:\Users\chuck\.m2\repository\org\slf4j\jul-to-slf4j\2.0.17\jul-to-slf4j-2.0.17.jar;C:\Users\chuck\.m2\repository\jakarta\annotation\jakarta.annotation-api\2.1.1\jakarta.annotation-api-2.1.1.jar;C:\Users\chuck\.m2\repository\org\springframework\boot\spring-boot-starter-json\3.5.0\spring-boot-starter-json-3.5.0.jar;C:\Users\chuck\.m2\repository\com\fasterxml\jackson\core\jackson-databind\2.19.0\jackson-databind-2.19.0.jar;C:\Users\chuck\.m2\repository\com\fasterxml\jackson\core\jackson-annotations\2.19.0\jackson-annotations-2.19.0.jar;C:\Users\chuck\.m2\repository\com\fasterxml\jackson\core\jackson-core\2.19.0\jackson-core-2.19.0.jar;C:\Users\chuck\.m2\repository\com\fasterxml\jackson\datatype\jackson-datatype-jdk8\2.19.0\jackson-datatype-jdk8-2.19.0.jar;C:\Users\chuck\.m2\repository\com\fasterxml\jackson\datatype\jackson-datatype-jsr310\2.19.0\jackson-datatype-jsr310-2.19.0.jar;C:\Users\chuck\.m2\repository\com\fasterxml\jackson\module\jackson-module-parameter-names\2.19.0\jackson-module-parameter-names-2.19.0.jar;C:\Users\chuck\.m2\repository\org\springframework\boot\spring-boot-starter-tomcat\3.5.0\spring-boot-starter-tomcat-3.5.0.jar;C:\Users\chuck\.m2\repository\org\apache\tomcat\embed\tomcat-embed-core\10.1.41\tomcat-embed-core-10.1.41.jar;C:\Users\chuck\.m2\repository\org\apache\tomcat\embed\tomcat-embed-el\10.1.41\tomcat-embed-el-10.1.41.jar;C:\Users\chuck\.m2\repository\org\apache\tomcat\embed\tomcat-embed-websocket\10.1.41\tomcat-embed-websocket-10.1.41.jar;C:\Users\chuck\.m2\repository\org\springframework\spring-web\6.2.7\spring-web-6.2.7.jar;C:\Users\chuck\.m2\repository\org\springframework\spring-beans\6.2.7\spring-beans-6.2.7.jar;C:\Users\chuck\.m2\repository\io\micrometer\micrometer-observation\1.15.0\micrometer-observation-1.15.0.jar;C:\Users\chuck\.m2\repository\io\micrometer\micrometer-commons\1.15.0\micrometer-commons-1.15.0.jar;C:\Users\chuck\.m2\repository\org\springframework\spring-webmvc\6.2.7\spring-webmvc-6.2.7.jar;C:\Users\chuck\.m2\repository\org\springframework\spring-aop\6.2.7\spring-aop-6.2.7.jar;C:\Users\chuck\.m2\repository\org\springframework\spring-context\6.2.7\spring-context-6.2.7.jar;C:\Users\chuck\.m2\repository\org\springframework\spring-expression\6.2.7\spring-expression-6.2.7.jar;C:\Users\chuck\.m2\repository\org\slf4j\slf4j-api\2.0.17\slf4j-api-2.0.17.jar;C:\Users\chuck\.m2\repository\jakarta\xml\bind\jakarta.xml.bind-api\4.0.2\jakarta.xml.bind-api-4.0.2.jar;C:\Users\chuck\.m2\repository\jakarta\activation\jakarta.activation-api\2.1.3\jakarta.activation-api-2.1.3.jar;C:\Users\chuck\.m2\repository\net\bytebuddy\byte-buddy\1.17.5\byte-buddy-1.17.5.jar;C:\Users\chuck\.m2\repository\org\hamcrest\hamcrest\3.0\hamcrest-3.0.jar;C:\Users\chuck\.m2\repository\org\springframework\spring-core\6.2.7\spring-core-6.2.7.jar;C:\Users\chuck\.m2\repository\org\springframework\spring-jcl\6.2.7\spring-jcl-6.2.7.jar;C:\Users\chuck\.m2\repository\org\springframework\boot\spring-boot-starter-data-jpa\3.5.0\spring-boot-starter-data-jpa-3.5.0.jar;C:\Users\chuck\.m2\repository\org\springframework\boot\spring-boot-starter-jdbc\3.5.0\spring-boot-starter-jdbc-3.5.0.jar;C:\Users\chuck\.m2\repository\com\zaxxer\HikariCP\6.3.0\HikariCP-6.3.0.jar;C:\Users\chuck\.m2\repository\org\springframework\spring-jdbc\6.2.7\spring-jdbc-6.2.7.jar;C:\Users\chuck\.m2\repository\org\hibernate\orm\hibernate-core\6.6.15.Final\hibernate-core-6.6.15.Final.jar;C:\Users\chuck\.m2\repository\jakarta\persistence\jakarta.persistence-api\3.1.0\jakarta.persistence-api-3.1.0.jar;C:\Users\chuck\.m2\repository\jakarta\transaction\jakarta.transaction-api\2.0.1\jakarta.transaction-api-2.0.1.jar;C:\Users\chuck\.m2\repository\org\jboss\logging\jboss-logging\3.6.1.Final\jboss-logging-3.6.1.Final.jar;C:\Users\chuck\.m2\repository\org\hibernate\common\hibernate-commons-annotations\7.0.3.Final\hibernate-commons-annotations-7.0.3.Final.jar;C:\Users\chuck\.m2\repository\io\smallrye\jandex\3.2.0\jandex-3.2.0.jar;C:\Users\chuck\.m2\repository\com\fasterxml\classmate\1.7.0\classmate-1.7.0.jar;C:\Users\chuck\.m2\repository\org\glassfish\jaxb\jaxb-runtime\4.0.5\jaxb-runtime-4.0.5.jar;C:\Users\chuck\.m2\repository\org\glassfish\jaxb\jaxb-core\4.0.5\jaxb-core-4.0.5.jar;C:\Users\chuck\.m2\repository\org\eclipse\angus\angus-activation\2.0.2\angus-activation-2.0.2.jar;C:\Users\chuck\.m2\repository\org\glassfish\jaxb\txw2\4.0.5\txw2-4.0.5.jar;C:\Users\chuck\.m2\repository\com\sun\istack\istack-commons-runtime\4.1.2\istack-commons-runtime-4.1.2.jar;C:\Users\chuck\.m2\repository\jakarta\inject\jakarta.inject-api\2.0.1\jakarta.inject-api-2.0.1.jar;C:\Users\chuck\.m2\repository\org\antlr\antlr4-runtime\4.13.0\antlr4-runtime-4.13.0.jar;C:\Users\chuck\.m2\repository\org\springframework\data\spring-data-jpa\3.5.0\spring-data-jpa-3.5.0.jar;C:\Users\chuck\.m2\repository\org\springframework\data\spring-data-commons\3.5.0\spring-data-commons-3.5.0.jar;C:\Users\chuck\.m2\repository\org\springframework\spring-orm\6.2.7\spring-orm-6.2.7.jar;C:\Users\chuck\.m2\repository\org\springframework\spring-tx\6.2.7\spring-tx-6.2.7.jar;C:\Users\chuck\.m2\repository\org\springframework\spring-aspects\6.2.7\spring-aspects-6.2.7.jar;C:\Users\chuck\.m2\repository\org\aspectj\aspectjweaver\1.9.24\aspectjweaver-1.9.24.jar;C:\Users\chuck\.m2\repository\junit\junit\4.13.2\junit-4.13.2.jar;C:\Users\chuck\.m2\repository\org\hamcrest\hamcrest-core\3.0\hamcrest-core-3.0.jar;C:\Users\chuck\.m2\repository\org\yaml\snakeyaml\2.4\snakeyaml-2.4.jar
Launcher Type: SUN_STANDARD

[Global flags]
     intx CICompilerCount                          = 4                                         {product} {ergonomic}
     uint ConcGCThreads                            = 2                                         {product} {ergonomic}
     uint G1ConcRefinementThreads                  = 8                                         {product} {ergonomic}
   size_t G1HeapRegionSize                         = 1048576                                   {product} {ergonomic}
   size_t InitialHeapSize                          = 100663296                                 {product} {ergonomic}
   size_t MarkStackSize                            = 4194304                                   {product} {ergonomic}
   size_t MarkStackSizeMax                         = 536870912                                 {product} {ergonomic}
   size_t MaxHeapSize                              = 1598029824                                {product} {ergonomic}
   size_t MaxNewSize                               = 958398464                                 {product} {ergonomic}
   size_t MinHeapDeltaBytes                        = 1048576                                   {product} {ergonomic}
   size_t MinHeapSize                              = 8388608                                   {product} {ergonomic}
    uintx NonNMethodCodeHeapSize                   = 5832704                                {pd product} {ergonomic}
    uintx NonProfiledCodeHeapSize                  = 122945536                              {pd product} {ergonomic}
    uintx ProfiledCodeHeapSize                     = 122880000                              {pd product} {ergonomic}
    uintx ReservedCodeCacheSize                    = 251658240                              {pd product} {ergonomic}
     bool SegmentedCodeCache                       = true                                      {product} {ergonomic}
   size_t SoftMaxHeapSize                          = 1598029824                             {manageable} {ergonomic}
     bool UseCompressedOops                        = true                           {product lp64_product} {ergonomic}
     bool UseG1GC                                  = true                                      {product} {ergonomic}
     bool UseLargePagesIndividualAllocation        = false                                  {pd product} {ergonomic}

Logging:
Log output configuration:
 #0: stdout all=warning uptime,level,tags foldmultilines=false
 #1: stderr all=off uptime,level,tags foldmultilines=false

Release file:
IMPLEMENTOR="Oracle Corporation" 
JAVA_RUNTIME_VERSION="25.0.1+8-LTS-27" 
JAVA_VERSION="25.0.1" 
JAVA_VERSION_DATE="2025-10-21" 
LIBC="default" 
MODULES="java.base java.compiler java.datatransfer java.xml java.prefs java.desktop java.instrument java.logging java.management java.security.sasl java.naming java.rmi java.management.rmi java.net.http java.scripting java.security.jgss java.transaction.xa java.sql java.sql.rowset java.xml.crypto java.se java.smartcardio jdk.accessibility jdk.internal.jvmstat jdk.attach jdk.charsets jdk.internal.opt jdk.zipfs jdk.compiler jdk.crypto.cryptoki jdk.crypto.ec jdk.crypto.mscapi jdk.dynalink jdk.internal.ed jdk.editpad jdk.internal.vm.ci jdk.graal.compiler jdk.graal.compiler.management jdk.hotspot.agent jdk.httpserver jdk.incubator.vector jdk.internal.le jdk.internal.md jdk.jartool jdk.javadoc jdk.jcmd jdk.management jdk.management.agent jdk.jconsole jdk.jdeps jdk.jdwp.agent jdk.jdi jdk.jfr jdk.jlink jdk.jpackage jdk.jshell jdk.jsobject jdk.jstatd jdk.localedata jdk.management.jfr jdk.naming.dns jdk.naming.rmi jdk.net jdk.nio.mapmode jdk.sctp jdk.security.auth jdk.security.jgss jdk.unsupported jdk.unsupported.desktop jdk.xml.dom" 
OS_ARCH="x86_64" 
OS_NAME="Windows" 
SOURCE=".:git:862c85bc42b7 open:git:78770bfaefd2" 

Environment Variables:
JAVA_HOME=C:\Program Files\Java\jdk-21
PATH=C:\Program Files\Common Files\Oracle\Java\javapath;C:\WINDOWS\system32;C:\WINDOWS;C:\WINDOWS\System32\Wbem;C:\WINDOWS\System32\WindowsPowerShell\v1.0\;C:\WINDOWS\System32\OpenSSH\;C:\Program Files (x86)\Microsoft SQL Server\170\Tools\Binn\;C:\Program Files\Microsoft SQL Server\170\Tools\Binn\;C:\Program Files\Microsoft SQL Server\Client SDK\ODBC\180\Tools\Binn\;C:\Program Files\Microsoft SQL Server\170\DTS\Binn\;C:\Users\chuck\AppData\Local\Microsoft\WindowsApps;C:\Program Files\JetBrains\IntelliJ IDEA 2025.3.1.1\bin;C:\Users\chuck\AppData\Local\Programs\Microsoft VS Code\bin;C:\Users\chuck\Documents\meandr\sqljdbc_13.2\enu\auth\x64;C:\Users\chuck\Documents\meandr\sqljdbc_13.2\enu\auth\x86;C:\Users\chuck\Documents\meandr\sqljdbc_13.2\enu\xa\x64;C:\Users\chuck\Documents\meandr\sqljdbc_13.2\enu\xa\x86
USERNAME=chuck
OS=Windows_NT
PROCESSOR_IDENTIFIER=AMD64 Family 23 Model 24 Stepping 1, AuthenticAMD
TMP=C:\Users\chuck\AppData\Local\Temp
TEMP=C:\Users\chuck\AppData\Local\Temp




Compilation memory statistics disabled.

Periodic native trim disabled

---------------  S Y S T E M  ---------------

OS:
 Windows 11 , 64 bit Build 26100 (10.0.26100.7309)
OS uptime: 33 days 19:42 hours

CPU: total 8 (initial active 8) (8 cores per cpu, 2 threads per core) family 23 model 24 stepping 1 microcode 0x8108109, cx8, cmov, fxsr, ht, mmx, 3dnowpref, sse, sse2, sse3, ssse3, sse4a, sse4.1, sse4.2, popcnt, lzcnt, tsc, tscinvbit, avx, avx2, aes, clmul, bmi1, bmi2, adx, sha, fma, vzeroupper, clflush, clflushopt, rdtscp, f16c
Processor Information for the first 8 processors :
  Max Mhz: 2100, Current Mhz: 2100, Mhz Limit: 2100

Memory: 4k page, system-wide physical 6091M (362M free)
TotalPageFile size 24523M (AvailPageFile size 6M)
current process WorkingSet (physical memory assigned to process): 165M, peak: 165M
current process commit charge ("private bytes"): 239M, peak: 242M

vm_info: Java HotSpot(TM) 64-Bit Server VM (25.0.1+8-LTS-27) for windows-amd64 JRE (25.0.1+8-LTS-27), built on 2025-09-25T16:41:16Z with unknown MS VC++:1943

END.
